#
# There is insufficient memory for the Java Runtime Environment to continue.
# Native memory allocation (mmap) failed to map 65536 bytes. Error detail: Failed to commit metaspace.
# Possible reasons:
#   The system is out of physical RAM or swap space
#   This process is running with CompressedOops enabled, and the Java Heap may be blocking the growth of the native heap
# Possible solutions:
#   Reduce memory load on the system
#   Increase physical memory or swap space
#   Check if swap backing store is full
#   Decrease Java heap size (-Xmx/-Xms)
#   Decrease number of Java threads
#   Decrease Java thread stack sizes (-Xss)
#   Set larger code cache with -XX:ReservedCodeCacheSize=
#   JVM is running with Unscaled Compressed Oops mode in which the Java heap is
#     placed in the first 4GB address space. The Java Heap base address is the
#     maximum limit for the native heap growth. Please use -XX:HeapBaseMinAddress
#     to set the Java Heap base and to place the Java Heap above 4GB virtual address.
# This output file may be truncated or incomplete.
#
#  Out of Memory Error (virtualSpaceNode.cpp:113), pid=10084, tid=16268
#
# JRE version: OpenJDK Runtime Environment Temurin-21.0.6+7 (21.0.6+7) (build 21.0.6+7-LTS)
# Java VM: OpenJDK 64-Bit Server VM Temurin-21.0.6+7 (21.0.6+7-LTS, mixed mode, sharing, tiered, compressed oops, compressed class ptrs, parallel gc, windows-amd64)
# No core dump will be written. Minidumps are not enabled by default on client versions of Windows
#

---------------  S U M M A R Y ------------

Command Line: --add-modules=ALL-SYSTEM --add-opens=java.base/java.util=ALL-UNNAMED --add-opens=java.base/java.lang=ALL-UNNAMED --add-opens=java.base/sun.nio.fs=ALL-UNNAMED -Declipse.application=org.eclipse.jdt.ls.core.id1 -Dosgi.bundles.defaultStartLevel=4 -Declipse.product=org.eclipse.jdt.ls.core.product -Djava.import.generatesMetadataFilesAtProjectRoot=false -DDetectVMInstallationsJob.disabled=true -Dfile.encoding=utf8 -XX:+UseParallelGC -XX:GCTimeRatio=4 -XX:AdaptiveSizePolicyWeight=90 -Dsun.zip.disableMemoryMapping=true -Xmx1G -Xms100m -Xlog:disable -javaagent:c:\Users\Pushp battu\.vscode\extensions\redhat.java-1.41.1-win32-x64\lombok\lombok-1.18.36.jar c:\Users\Pushp battu\.vscode\extensions\redhat.java-1.41.1-win32-x64\server\plugins\org.eclipse.equinox.launcher_1.7.0.v20250331-1702.jar -configuration c:\Users\Pushp battu\AppData\Roaming\Code\User\globalStorage\redhat.java\1.41.1\config_ss_win -data c:\Users\Pushp battu\AppData\Roaming\Code\User\workspaceStorage\0d03829ee9ada431aa46f536e744e264\redhat.java\ss_ws --pipe=\\.\pipe\lsp-d622cf161bcfbde6470b8373338aadb4-sock

Host: Intel(R) Core(TM) i5-7200U CPU @ 2.50GHz, 4 cores, 7G,  Windows 10 , 64 bit Build 19041 (10.0.19041.5438)
Time: Tue Apr 15 15:17:36 2025 India Standard Time elapsed time: 0.922773 seconds (0d 0h 0m 0s)

---------------  T H R E A D  ---------------

Current thread (0x00000226c574db20):  JavaThread "main"             [_thread_in_vm, id=16268, stack(0x0000007ab0100000,0x0000007ab0200000) (1024K)]

Stack: [0x0000007ab0100000,0x0000007ab0200000]
Native frames: (J=compiled Java code, j=interpreted, Vv=VM code, C=native code)
V  [jvm.dll+0x6cdee9]
V  [jvm.dll+0x8a83d1]
V  [jvm.dll+0x8aa8fe]
V  [jvm.dll+0x8aafe3]
V  [jvm.dll+0x27f706]
V  [jvm.dll+0x8a411e]
V  [jvm.dll+0x670385]
V  [jvm.dll+0x6703ea]
V  [jvm.dll+0x672bd2]
V  [jvm.dll+0x672aa2]
V  [jvm.dll+0x670d5e]
V  [jvm.dll+0x27c616]
V  [jvm.dll+0x724315]
V  [jvm.dll+0x724e5f]
V  [jvm.dll+0x3c3b68]
V  [jvm.dll+0x3c2957]
V  [jvm.dll+0x3c28f8]
V  [jvm.dll+0x3d47da]
C  0x00000226d20f9274

The last pc belongs to new (printed below).
Java frames: (J=compiled Java code, j=interpreted, Vv=VM code)
j  sun.security.provider.X509Factory.cachedGetX509Cert([B)Lsun/security/x509/X509CertImpl;+17 java.base@21.0.6
j  sun.security.provider.X509Factory.engineGenerateCertificate(Ljava/io/InputStream;)Ljava/security/cert/Certificate;+33 java.base@21.0.6
j  java.security.cert.CertificateFactory.generateCertificate(Ljava/io/InputStream;)Ljava/security/cert/Certificate;+5 java.base@21.0.6
j  sun.security.pkcs.PKCS7.parseSignedData(Lsun/security/util/DerValue;)V+279 java.base@21.0.6
j  sun.security.pkcs.PKCS7.parse(Lsun/security/util/DerInputStream;Z)V+51 java.base@21.0.6
j  sun.security.pkcs.PKCS7.parse(Lsun/security/util/DerInputStream;)V+11 java.base@21.0.6
j  sun.security.pkcs.PKCS7.<init>([B)V+50 java.base@21.0.6
j  sun.security.util.SignatureFileVerifier.<init>(Ljava/util/ArrayList;Lsun/security/util/ManifestDigester;Ljava/lang/String;[B)V+35 java.base@21.0.6
j  java.util.jar.JarVerifier.processEntry(Lsun/security/util/ManifestEntryVerifier;)V+319 java.base@21.0.6
j  java.util.jar.JarVerifier.update(I[BIILsun/security/util/ManifestEntryVerifier;)V+39 java.base@21.0.6
j  java.util.jar.JarFile.initializeVerifier()V+164 java.base@21.0.6
j  java.util.jar.JarFile.ensureInitialization()V+36 java.base@21.0.6
j  java.util.jar.JavaUtilJarAccessImpl.ensureInitialization(Ljava/util/jar/JarFile;)V+1 java.base@21.0.6
j  jdk.internal.loader.URLClassPath$JarLoader$2.getManifest()Ljava/util/jar/Manifest;+10 java.base@21.0.6
j  jdk.internal.loader.BuiltinClassLoader.defineClass(Ljava/lang/String;Ljdk/internal/loader/Resource;)Ljava/lang/Class;+29 java.base@21.0.6
j  jdk.internal.loader.BuiltinClassLoader.findClassOnClassPathOrNull(Ljava/lang/String;)Ljava/lang/Class;+37 java.base@21.0.6
j  jdk.internal.loader.BuiltinClassLoader.loadClassOrNull(Ljava/lang/String;Z)Ljava/lang/Class;+111 java.base@21.0.6
j  jdk.internal.loader.BuiltinClassLoader.loadClass(Ljava/lang/String;Z)Ljava/lang/Class;+3 java.base@21.0.6
j  jdk.internal.loader.ClassLoaders$AppClassLoader.loadClass(Ljava/lang/String;Z)Ljava/lang/Class;+36 java.base@21.0.6
j  java.lang.ClassLoader.loadClass(Ljava/lang/String;)Ljava/lang/Class;+3 java.base@21.0.6
v  ~StubRoutines::call_stub 0x00000226d20e100d
j  java.lang.Class.forName0(Ljava/lang/String;ZLjava/lang/ClassLoader;Ljava/lang/Class;)Ljava/lang/Class;+0 java.base@21.0.6
j  java.lang.Class.forName(Ljava/lang/String;ZLjava/lang/ClassLoader;Ljava/lang/Class;)Ljava/lang/Class;+37 java.base@21.0.6
j  java.lang.Class.forName(Ljava/lang/String;ZLjava/lang/ClassLoader;)Ljava/lang/Class;+20 java.base@21.0.6
j  sun.launcher.LauncherHelper.loadMainClass(ILjava/lang/String;)Ljava/lang/Class;+95 java.base@21.0.6
j  sun.launcher.LauncherHelper.checkAndLoadMain(ZILjava/lang/String;)Ljava/lang/Class;+42 java.base@21.0.6
v  ~StubRoutines::call_stub 0x00000226d20e100d
new  187 new  [0x00000226d20f90e0, 0x00000226d20f92e8]  520 bytes
[MachCode]
  0x00000226d20f90e0: 4883 ec08 | c5fa 1104 | 24eb 1f48 | 83ec 10c5 | fb11 0424 | eb14 4883 | ec10 4889 | 0424 48c7 
  0x00000226d20f9100: 4424 0800 | 0000 00eb | 0150 410f | b755 010f | cac1 ea10 | 488b 4de8 | 488b 4908 | 488b 4908 
  0x00000226d20f9120: 488b 4108 | 807c 1004 | 070f 85d3 | 0000 0066 | 8b54 d148 | 488b 4928 | 488b 4cd1 | 0851 80b9 
  0x00000226d20f9140: 2101 0000 | 040f 85b6 | 0000 008b | 5108 f6c2 | 010f 85aa | 0000 0049 | 8b87 b801 | 0000 488d 
  0x00000226d20f9160: 1c10 493b | 9fc8 0100 | 000f 8792 | 0000 0049 | 899f b801 | 0000 4883 | ea10 0f84 | 0f00 0000 
  0x00000226d20f9180: 33c9 c1ea | 0348 894c | d008 48ff | ca75 f648 | c700 0100 | 0000 5933 | f689 700c | 49ba 0000 
  0x00000226d20f91a0: 0080 2602 | 0000 492b | ca89 4808 | 49ba 365b | bc62 fb7f | 0000 4180 | 3a00 0f84 | 3c00 0000 
  0x00000226d20f91c0: 5048 8bc8 | 4883 ec20 | 40f6 c40f | 0f84 1900 | 0000 4883 | ec08 48b8 | 004c 6662 | fb7f 0000 
  0x00000226d20f91e0: ffd0 4883 | c408 e90c | 0000 0048 | b800 4c66 | 62fb 7f00 | 00ff d048 | 83c4 2058 | e9cb 0000 
  0x00000226d20f9200: 0059 488b | 55e8 488b | 5208 488b | 5208 450f | b745 0141 | 0fc8 41c1 | e810 e805 | 0000 00e9 
  0x00000226d20f9220: a800 0000 | 488d 4424 | 084c 896d | c049 8bcf | c5f8 7749 | 89af a803 | 0000 4989 | 8798 0300 
  0x00000226d20f9240: 0048 83ec | 2040 f6c4 | 0f0f 8419 | 0000 0048 | 83ec 0848 | b850 4730 | 62fb 7f00 | 00ff d048 
  0x00000226d20f9260: 83c4 08e9 | 0c00 0000 | 48b8 5047 | 3062 fb7f | 0000 ffd0 | 4883 c420 | 49c7 8798 | 0300 0000 
  0x00000226d20f9280: 0000 0049 | c787 a803 | 0000 0000 | 0000 49c7 | 87a0 0300 | 0000 0000 | 00c5 f877 | 4983 7f08 
  0x00000226d20f92a0: 000f 8405 | 0000 00e9 | 547c feff | 498b 87f0 | 0300 0049 | c787 f003 | 0000 0000 | 0000 4c8b 
  0x00000226d20f92c0: 6dc0 4c8b | 75c8 4e8d | 74f5 00c3 | 410f b65d | 0349 83c5 | 0349 ba30 | 21bf 62fb | 7f00 0041 
  0x00000226d20f92e0: ff24 da0f | 1f44 0000 
[/MachCode]

---------------  P R O C E S S  ---------------

Threads class SMR info:
_java_thread_list=0x00000226dcce4b10, length=11, elements={
0x00000226c574db20, 0x00000226c7a7b470, 0x00000226c7a7d380, 0x00000226c7a7e840,
0x00000226dbcf3370, 0x00000226dbcf4f30, 0x00000226dbcf5980, 0x00000226dbcf8710,
0x00000226dbd676c0, 0x00000226c7a2c9c0, 0x00000226dcd072d0
}

Java Threads: ( => current thread )
=>0x00000226c574db20 JavaThread "main"                              [_thread_in_vm, id=16268, stack(0x0000007ab0100000,0x0000007ab0200000) (1024K)]
  0x00000226c7a7b470 JavaThread "Reference Handler"          daemon [_thread_blocked, id=9668, stack(0x0000007ab0500000,0x0000007ab0600000) (1024K)]
  0x00000226c7a7d380 JavaThread "Finalizer"                  daemon [_thread_blocked, id=17140, stack(0x0000007ab0600000,0x0000007ab0700000) (1024K)]
  0x00000226c7a7e840 JavaThread "Signal Dispatcher"          daemon [_thread_blocked, id=11912, stack(0x0000007ab0700000,0x0000007ab0800000) (1024K)]
  0x00000226dbcf3370 JavaThread "Attach Listener"            daemon [_thread_blocked, id=16076, stack(0x0000007ab0800000,0x0000007ab0900000) (1024K)]
  0x00000226dbcf4f30 JavaThread "Service Thread"             daemon [_thread_blocked, id=11604, stack(0x0000007ab0900000,0x0000007ab0a00000) (1024K)]
  0x00000226dbcf5980 JavaThread "Monitor Deflation Thread"   daemon [_thread_blocked, id=17724, stack(0x0000007ab0a00000,0x0000007ab0b00000) (1024K)]
  0x00000226dbcf8710 JavaThread "C2 CompilerThread0"         daemon [_thread_blocked, id=6004, stack(0x0000007ab0b00000,0x0000007ab0c00000) (1024K)]
  0x00000226dbd676c0 JavaThread "C1 CompilerThread0"         daemon [_thread_in_vm, id=13076, stack(0x0000007ab0c00000,0x0000007ab0d00000) (1024K)]
  0x00000226c7a2c9c0 JavaThread "Common-Cleaner"             daemon [_thread_blocked, id=15220, stack(0x0000007ab0d00000,0x0000007ab0e00000) (1024K)]
  0x00000226dcd072d0 JavaThread "Notification Thread"        daemon [_thread_blocked, id=17240, stack(0x0000007ab0e00000,0x0000007ab0f00000) (1024K)]
Total: 11

Other Threads:
  0x00000226dbcee710 VMThread "VM Thread"                           [id=15508, stack(0x0000007ab0400000,0x0000007ab0500000) (1024K)]
  0x00000226dbc8bc60 WatcherThread "VM Periodic Task Thread"        [id=8732, stack(0x0000007ab0300000,0x0000007ab0400000) (1024K)]
  0x00000226c79dcf80 WorkerThread "GC Thread#0"                     [id=12668, stack(0x0000007ab0200000,0x0000007ab0300000) (1024K)]
Total: 3

Threads with active compile tasks:
C1 CompilerThread0  1028  605       3       java.lang.Byte::<init> (10 bytes)
Total: 1

VM state: not at safepoint (normal execution)

VM Mutex/Monitor currently owned by a thread:  ([mutex/lock_event])
[0x00007ffb62bdc300] Metaspace_lock - owner thread: 0x00000226c574db20

Heap address: 0x00000000c0000000, size: 1024 MB, Compressed Oops mode: 32-bit

CDS archive(s) mapped at: [0x0000022680000000-0x0000022680ba0000-0x0000022680ba0000), size 12189696, SharedBaseAddress: 0x0000022680000000, ArchiveRelocationMode: 1.
Compressed class space mapped at: 0x0000022681000000-0x00000226c1000000, reserved size: 1073741824
Narrow klass base: 0x0000022680000000, Narrow klass shift: 0, Narrow klass range: 0x100000000

GC Precious Log:
 CardTable entry size: 512
 CPUs: 4 total, 4 available
 Memory: 7897M
 Large Page Support: Disabled
 NUMA Support: Disabled
 Compressed Oops: Enabled (32-bit)
 Alignments: Space 512K, Generation 512K, Heap 2M
 Heap Min Capacity: 100M
 Heap Initial Capacity: 100M
 Heap Max Capacity: 1G
 Pre-touch: Disabled
 Parallel Workers: 4

Heap:
 PSYoungGen      total 29696K, used 11289K [0x00000000eab00000, 0x00000000ecc00000, 0x0000000100000000)
  eden space 25600K, 44% used [0x00000000eab00000,0x00000000eb606498,0x00000000ec400000)
  from space 4096K, 0% used [0x00000000ec800000,0x00000000ec800000,0x00000000ecc00000)
  to   space 4096K, 0% used [0x00000000ec400000,0x00000000ec400000,0x00000000ec800000)
 ParOldGen       total 68608K, used 0K [0x00000000c0000000, 0x00000000c4300000, 0x00000000eab00000)
  object space 68608K, 0% used [0x00000000c0000000,0x00000000c0000000,0x00000000c4300000)
 Metaspace       used 1667K, committed 1856K, reserved 1114112K
  class space    used 154K, committed 256K, reserved 1048576K

Card table byte_map: [0x00000226c7370000,0x00000226c7580000] _byte_map_base: 0x00000226c6d70000

Marking Bits: (ParMarkBitMap*) 0x00007ffb62be3260
 Begin Bits: [0x00000226d9bb0000, 0x00000226dabb0000)
 End Bits:   [0x00000226dabb0000, 0x00000226dbbb0000)

Polling page: 0x00000226c56e0000

Metaspace:

Usage:
  Non-class:      1.48 MB used.
      Class:    154.88 KB used.
       Both:      1.63 MB used.

Virtual space:
  Non-class space:       64.00 MB reserved,       1.56 MB (  2%) committed,  1 nodes.
      Class space:        1.00 GB reserved,     256.00 KB ( <1%) committed,  1 nodes.
             Both:        1.06 GB reserved,       1.81 MB ( <1%) committed. 

Chunk freelists:
   Non-Class:  11.65 MB
       Class:  15.67 MB
        Both:  27.33 MB

MaxMetaspaceSize: unlimited
CompressedClassSpaceSize: 1.00 GB
Initial GC threshold: 21.00 MB
Current GC threshold: 21.00 MB
CDS: on
 - commit_granule_bytes: 65536.
 - commit_granule_words: 8192.
 - virtual_space_node_default_size: 8388608.
 - enlarge_chunks_in_place: 1.
 - use_allocation_guard: 0.


Internal statistics:

num_allocs_failed_limit: 0.
num_arena_births: 76.
num_arena_deaths: 0.
num_vsnodes_births: 2.
num_vsnodes_deaths: 0.
num_space_committed: 29.
num_space_uncommitted: 0.
num_chunks_returned_to_freelist: 0.
num_chunks_taken_from_freelist: 98.
num_chunk_merges: 0.
num_chunk_splits: 68.
num_chunks_enlarged: 44.
num_inconsistent_stats: 0.

CodeHeap 'non-profiled nmethods': size=120000Kb used=207Kb max_used=207Kb free=119792Kb
 bounds [0x00000226d2680000, 0x00000226d28f0000, 0x00000226d9bb0000]
CodeHeap 'profiled nmethods': size=120000Kb used=918Kb max_used=918Kb free=119081Kb
 bounds [0x00000226cabb0000, 0x00000226cae20000, 0x00000226d20e0000]
CodeHeap 'non-nmethods': size=5760Kb used=1158Kb max_used=1173Kb free=4601Kb
 bounds [0x00000226d20e0000, 0x00000226d2350000, 0x00000226d2680000]
 total_blobs=1014 nmethods=605 adapters=316
 compilation: enabled
              stopped_count=0, restarted_count=0
 full_count=0

Compilation events (20 events):
Event: 0.910 Thread 0x00000226dbcf8710  594       4       java.lang.String::charAt (25 bytes)
Event: 0.910 Thread 0x00000226dbd676c0  596       3       java.lang.Integer::parseInt (264 bytes)
Event: 0.911 Thread 0x00000226dbcf8710 nmethod 594 0x00000226d26b2510 code [0x00000226d26b26a0, 0x00000226d26b27c8]
Event: 0.911 Thread 0x00000226dbcf8710  600       4       java.util.ArrayList$Itr::hasNext (20 bytes)
Event: 0.912 Thread 0x00000226dbd676c0 nmethod 596 0x00000226cac8d410 code [0x00000226cac8d880, 0x00000226cac8f4d8]
Event: 0.912 Thread 0x00000226dbcf8710 nmethod 600 0x00000226d26b2910 code [0x00000226d26b2aa0, 0x00000226d26b2b58]
Event: 0.912 Thread 0x00000226dbd676c0  595       3       java.lang.Integer::parseInt (7 bytes)
Event: 0.912 Thread 0x00000226dbd676c0 nmethod 595 0x00000226cac90110 code [0x00000226cac902c0, 0x00000226cac903e0]
Event: 0.912 Thread 0x00000226dbd676c0  597       3       sun.security.util.ObjectIdentifier::checkOidSize (86 bytes)
Event: 0.913 Thread 0x00000226dbd676c0 nmethod 597 0x00000226cac90490 code [0x00000226cac907a0, 0x00000226cac91468]
Event: 0.913 Thread 0x00000226dbd676c0  598       1       sun.instrument.TransformerManager::getSnapshotTransformerList (5 bytes)
Event: 0.913 Thread 0x00000226dbd676c0 nmethod 598 0x00000226d26b2c10 code [0x00000226d26b2da0, 0x00000226d26b2e68]
Event: 0.913 Thread 0x00000226dbd676c0  599       1       sun.instrument.TransformerManager$TransformerInfo::transformer (5 bytes)
Event: 0.913 Thread 0x00000226dbd676c0 nmethod 599 0x00000226d26b2f10 code [0x00000226d26b30a0, 0x00000226d26b3168]
Event: 0.914 Thread 0x00000226dbd676c0  601       3       sun.invoke.util.VerifyAccess::isTypeVisible (118 bytes)
Event: 0.915 Thread 0x00000226dbd676c0 nmethod 601 0x00000226cac91990 code [0x00000226cac91ca0, 0x00000226cac92bf8]
Event: 0.915 Thread 0x00000226dbd676c0  604       3       jdk.internal.org.objectweb.asm.Type::getArgumentsAndReturnSizes (140 bytes)
Event: 0.915 Thread 0x00000226dbcf8710  606       4       java.util.Collections$UnmodifiableCollection$1::hasNext (10 bytes)
Event: 0.916 Thread 0x00000226dbcf8710 nmethod 606 0x00000226d26b3510 code [0x00000226d26b36a0, 0x00000226d26b3750]
Event: 0.916 Thread 0x00000226dbcf8710  607       4       java.util.HashMap$HashIterator::<init> (79 bytes)

GC Heap History (0 events):
No events

Dll operation events (8 events):
Event: 0.025 Loaded shared library c:\Users\Pushp battu\.vscode\extensions\redhat.java-1.41.1-win32-x64\jre\21.0.6-win32-x86_64\bin\java.dll
Event: 0.235 Loaded shared library c:\Users\Pushp battu\.vscode\extensions\redhat.java-1.41.1-win32-x64\jre\21.0.6-win32-x86_64\bin\zip.dll
Event: 0.281 Loaded shared library C:\Users\Pushp battu\.vscode\extensions\redhat.java-1.41.1-win32-x64\jre\21.0.6-win32-x86_64\bin\instrument.dll
Event: 0.288 Loaded shared library C:\Users\Pushp battu\.vscode\extensions\redhat.java-1.41.1-win32-x64\jre\21.0.6-win32-x86_64\bin\net.dll
Event: 0.291 Loaded shared library C:\Users\Pushp battu\.vscode\extensions\redhat.java-1.41.1-win32-x64\jre\21.0.6-win32-x86_64\bin\nio.dll
Event: 0.301 Loaded shared library C:\Users\Pushp battu\.vscode\extensions\redhat.java-1.41.1-win32-x64\jre\21.0.6-win32-x86_64\bin\zip.dll
Event: 0.330 Loaded shared library C:\Users\Pushp battu\.vscode\extensions\redhat.java-1.41.1-win32-x64\jre\21.0.6-win32-x86_64\bin\jimage.dll
Event: 0.498 Loaded shared library c:\Users\Pushp battu\.vscode\extensions\redhat.java-1.41.1-win32-x64\jre\21.0.6-win32-x86_64\bin\verify.dll

Deoptimization events (20 events):
Event: 0.342 Thread 0x00000226c574db20 DEOPT PACKING pc=0x00000226cabe84c9 sp=0x0000007ab01fe5c0
Event: 0.342 Thread 0x00000226c574db20 DEOPT UNPACKING pc=0x00000226d2134242 sp=0x0000007ab01fda48 mode 0
Event: 0.343 Thread 0x00000226c574db20 DEOPT PACKING pc=0x00000226cabe84c9 sp=0x0000007ab01fe5c0
Event: 0.343 Thread 0x00000226c574db20 DEOPT UNPACKING pc=0x00000226d2134242 sp=0x0000007ab01fda48 mode 0
Event: 0.344 Thread 0x00000226c574db20 DEOPT PACKING pc=0x00000226cabe84c9 sp=0x0000007ab01fe5c0
Event: 0.344 Thread 0x00000226c574db20 DEOPT UNPACKING pc=0x00000226d2134242 sp=0x0000007ab01fda48 mode 0
Event: 0.495 Thread 0x00000226c574db20 Uncommon trap: trap_request=0xffffff45 fr.pc=0x00000226d26a2544 relative=0x0000000000000664
Event: 0.495 Thread 0x00000226c574db20 Uncommon trap: reason=unstable_if action=reinterpret pc=0x00000226d26a2544 method=java.lang.String.<init>([CIILjava/lang/Void;)V @ 5 c2
Event: 0.495 Thread 0x00000226c574db20 DEOPT PACKING pc=0x00000226d26a2544 sp=0x0000007ab01fdb80
Event: 0.495 Thread 0x00000226c574db20 DEOPT UNPACKING pc=0x00000226d2133aa2 sp=0x0000007ab01fda10 mode 2
Event: 0.715 Thread 0x00000226c574db20 DEOPT PACKING pc=0x00000226cabe39d8 sp=0x0000007ab01fc2a0
Event: 0.715 Thread 0x00000226c574db20 DEOPT UNPACKING pc=0x00000226d2134242 sp=0x0000007ab01fb760 mode 0
Event: 0.715 Thread 0x00000226c574db20 Uncommon trap: trap_request=0xffffff45 fr.pc=0x00000226d268e3d0 relative=0x0000000000000690
Event: 0.715 Thread 0x00000226c574db20 Uncommon trap: reason=unstable_if action=reinterpret pc=0x00000226d268e3d0 method=java.util.HashMap.putVal(ILjava/lang/Object;Ljava/lang/Object;ZZ)Ljava/lang/Object; @ 69 c2
Event: 0.715 Thread 0x00000226c574db20 DEOPT PACKING pc=0x00000226d268e3d0 sp=0x0000007ab01fe440
Event: 0.715 Thread 0x00000226c574db20 DEOPT UNPACKING pc=0x00000226d2133aa2 sp=0x0000007ab01fe3c0 mode 2
Event: 0.753 Thread 0x00000226c574db20 Uncommon trap: trap_request=0xffffff45 fr.pc=0x00000226d26910e4 relative=0x00000000000000c4
Event: 0.753 Thread 0x00000226c574db20 Uncommon trap: reason=unstable_if action=reinterpret pc=0x00000226d26910e4 method=java.lang.String.isLatin1()Z @ 10 c2
Event: 0.753 Thread 0x00000226c574db20 DEOPT PACKING pc=0x00000226d26910e4 sp=0x0000007ab01ff1c0
Event: 0.753 Thread 0x00000226c574db20 DEOPT UNPACKING pc=0x00000226d2133aa2 sp=0x0000007ab01ff100 mode 2

Classes loaded (20 events):
Event: 0.912 Loading class jdk/internal/event/Event done
Event: 0.912 Loading class jdk/internal/event/SecurityProviderServiceEvent done
Event: 0.912 Loading class sun/security/provider/X509Factory
Event: 0.913 Loading class sun/security/provider/X509Factory done
Event: 0.913 Loading class sun/security/util/Cache
Event: 0.913 Loading class sun/security/util/Cache done
Event: 0.913 Loading class sun/security/util/MemoryCache
Event: 0.913 Loading class sun/security/util/MemoryCache done
Event: 0.913 Loading class sun/security/jca/GetInstance$Instance
Event: 0.913 Loading class sun/security/jca/GetInstance$Instance done
Event: 0.915 Loading class java/lang/Byte$ByteCache
Event: 0.915 Loading class java/lang/Byte$ByteCache done
Event: 0.915 Loading class java/security/cert/X509Certificate
Event: 0.915 Loading class java/security/cert/X509Extension
Event: 0.915 Loading class java/security/cert/X509Extension done
Event: 0.915 Loading class java/security/cert/X509Certificate done
Event: 0.915 Loading class sun/security/util/Cache$EqualByteArray
Event: 0.915 Loading class sun/security/util/Cache$EqualByteArray done
Event: 0.915 Loading class sun/security/x509/X509CertImpl
Event: 0.916 Loading class sun/security/x509/X509CertImpl done

Classes unloaded (0 events):
No events

Classes redefined (0 events):
No events

Internal exceptions (11 events):
Event: 0.230 Thread 0x00000226c574db20 Exception <a 'java/lang/NoSuchMethodError'{0x00000000ead2a038}: 'void java.lang.invoke.DirectMethodHandle$Holder.invokeStatic(java.lang.Object, java.lang.Object, java.lang.Object)'> (0x00000000ead2a038) 
thrown [s\src\hotspot\share\interpreter\linkResolver.cpp, line 773]
Event: 0.318 Thread 0x00000226c574db20 Exception <a 'java/lang/NoSuchMethodError'{0x00000000eae93950}: 'java.lang.Object java.lang.invoke.Invokers$Holder.invokeExact_MT(java.lang.Object, java.lang.Object, java.lang.Object, java.lang.Object, java.lang.Object)'> (0x00000000eae93950) 
thrown [s\src\hotspot\share\interpreter\linkResolver.cpp, line 773]
Event: 0.395 Thread 0x00000226c574db20 Exception <a 'java/lang/NoSuchMethodError'{0x00000000eaf50438}: 'int java.lang.invoke.DirectMethodHandle$Holder.invokeSpecial(java.lang.Object, java.lang.Object, java.lang.Object, int)'> (0x00000000eaf50438) 
thrown [s\src\hotspot\share\interpreter\linkResolver.cpp, line 773]
Event: 0.398 Thread 0x00000226c574db20 Exception <a 'java/lang/NoSuchMethodError'{0x00000000eaf62e20}: 'java.lang.Object java.lang.invoke.DirectMethodHandle$Holder.invokeStatic(java.lang.Object, java.lang.Object, java.lang.Object, java.lang.Object, int)'> (0x00000000eaf62e20) 
thrown [s\src\hotspot\share\interpreter\linkResolver.cpp, line 773]
Event: 0.400 Thread 0x00000226c574db20 Exception <a 'java/lang/NoSuchMethodError'{0x00000000eaf6e260}: 'void java.lang.invoke.DelegatingMethodHandle$Holder.reinvoke_L(java.lang.Object, java.lang.Object, java.lang.Object, int, java.lang.Object)'> (0x00000000eaf6e260) 
thrown [s\src\hotspot\share\interpreter\linkResolver.cpp, line 773]
Event: 0.400 Thread 0x00000226c574db20 Exception <a 'java/lang/NoSuchMethodError'{0x00000000eaf71c98}: 'int java.lang.invoke.DirectMethodHandle$Holder.invokeSpecial(java.lang.Object, java.lang.Object, java.lang.Object)'> (0x00000000eaf71c98) 
thrown [s\src\hotspot\share\interpreter\linkResolver.cpp, line 773]
Event: 0.407 Thread 0x00000226c574db20 Exception <a 'java/lang/NoSuchMethodError'{0x00000000eaf8a988}: 'java.lang.Object java.lang.invoke.DirectMethodHandle$Holder.invokeStatic(java.lang.Object, java.lang.Object, int)'> (0x00000000eaf8a988) 
thrown [s\src\hotspot\share\interpreter\linkResolver.cpp, line 773]
Event: 0.408 Thread 0x00000226c574db20 Exception <a 'java/lang/NoSuchMethodError'{0x00000000eaf8f2d8}: 'void java.lang.invoke.DirectMethodHandle$Holder.invokeStatic(java.lang.Object, java.lang.Object, int, java.lang.Object)'> (0x00000000eaf8f2d8) 
thrown [s\src\hotspot\share\interpreter\linkResolver.cpp, line 773]
Event: 0.409 Thread 0x00000226c574db20 Exception <a 'java/lang/NoSuchMethodError'{0x00000000eaf92e68}: 'void java.lang.invoke.DirectMethodHandle$Holder.invokeSpecial(java.lang.Object, java.lang.Object, java.lang.Object, int, java.lang.Object)'> (0x00000000eaf92e68) 
thrown [s\src\hotspot\share\interpreter\linkResolver.cpp, line 773]
Event: 0.409 Thread 0x00000226c574db20 Exception <a 'java/lang/NoSuchMethodError'{0x00000000eaf96520}: 'void java.lang.invoke.DelegatingMethodHandle$Holder.delegate(java.lang.Object, java.lang.Object, int, java.lang.Object)'> (0x00000000eaf96520) 
thrown [s\src\hotspot\share\interpreter\linkResolver.cpp, line 773]
Event: 0.561 Thread 0x00000226c574db20 Exception <a 'java/lang/NoSuchMethodError'{0x00000000eb15f098}: 'void java.lang.invoke.DelegatingMethodHandle$Holder.reinvoke_L(java.lang.Object, java.lang.Object, java.lang.Object, int)'> (0x00000000eb15f098) 
thrown [s\src\hotspot\share\interpreter\linkResolver.cpp, line 773]

ZGC Phase Switch (0 events):
No events

VM Operations (4 events):
Event: 0.233 Executing VM operation: HandshakeAllThreads (Deoptimize)
Event: 0.233 Executing VM operation: HandshakeAllThreads (Deoptimize) done
Event: 0.349 Executing VM operation: HandshakeAllThreads (Deoptimize)
Event: 0.349 Executing VM operation: HandshakeAllThreads (Deoptimize) done

Memory protections (0 events):
No events

Nmethod flushes (0 events):
No events

Events (11 events):
Event: 0.047 Thread 0x00000226c574db20 Thread added: 0x00000226c574db20
Event: 0.136 Thread 0x00000226c574db20 Thread added: 0x00000226c7a7b470
Event: 0.137 Thread 0x00000226c574db20 Thread added: 0x00000226c7a7d380
Event: 0.137 Thread 0x00000226c574db20 Thread added: 0x00000226c7a7e840
Event: 0.137 Thread 0x00000226c574db20 Thread added: 0x00000226dbcf3370
Event: 0.137 Thread 0x00000226c574db20 Thread added: 0x00000226dbcf4f30
Event: 0.137 Thread 0x00000226c574db20 Thread added: 0x00000226dbcf5980
Event: 0.137 Thread 0x00000226c574db20 Thread added: 0x00000226dbcf8710
Event: 0.151 Thread 0x00000226c574db20 Thread added: 0x00000226dbd676c0
Event: 0.216 Thread 0x00000226c574db20 Thread added: 0x00000226c7a2c9c0
Event: 0.730 Thread 0x00000226c574db20 Thread added: 0x00000226dcd072d0


Dynamic libraries:
0x00007ff6fe4c0000 - 0x00007ff6fe4ce000 	c:\Users\Pushp battu\.vscode\extensions\redhat.java-1.41.1-win32-x64\jre\21.0.6-win32-x86_64\bin\java.exe
0x00007ffba8bb0000 - 0x00007ffba8da8000 	C:\Windows\SYSTEM32\ntdll.dll
0x00007ffba8000000 - 0x00007ffba80c2000 	C:\Windows\System32\KERNEL32.DLL
0x00007ffba6400000 - 0x00007ffba66ff000 	C:\Windows\System32\KERNELBASE.dll
0x00007ffba2b10000 - 0x00007ffba2ba4000 	C:\Windows\SYSTEM32\apphelp.dll
0x00007ffba6770000 - 0x00007ffba6870000 	C:\Windows\System32\ucrtbase.dll
0x00007ffb95cc0000 - 0x00007ffb95cd8000 	c:\Users\Pushp battu\.vscode\extensions\redhat.java-1.41.1-win32-x64\jre\21.0.6-win32-x86_64\bin\jli.dll
0x00007ffba80d0000 - 0x00007ffba826d000 	C:\Windows\System32\USER32.dll
0x00007ffba6250000 - 0x00007ffba6272000 	C:\Windows\System32\win32u.dll
0x00007ffba71f0000 - 0x00007ffba721b000 	C:\Windows\System32\GDI32.dll
0x00007ffba6a00000 - 0x00007ffba6b1a000 	C:\Windows\System32\gdi32full.dll
0x00007ffba6310000 - 0x00007ffba63ad000 	C:\Windows\System32\msvcp_win.dll
0x00007ffb940d0000 - 0x00007ffb940ee000 	c:\Users\Pushp battu\.vscode\extensions\redhat.java-1.41.1-win32-x64\jre\21.0.6-win32-x86_64\bin\VCRUNTIME140.dll
0x00007ffb91d70000 - 0x00007ffb9200a000 	C:\Windows\WinSxS\amd64_microsoft.windows.common-controls_6595b64144ccf1df_6.0.19041.4355_none_60b8b9eb71f62e16\COMCTL32.dll
0x00007ffba7ca0000 - 0x00007ffba7d3e000 	C:\Windows\System32\msvcrt.dll
0x00007ffba8b40000 - 0x00007ffba8b6f000 	C:\Windows\System32\IMM32.DLL
0x00007ffb96ad0000 - 0x00007ffb96adc000 	c:\Users\Pushp battu\.vscode\extensions\redhat.java-1.41.1-win32-x64\jre\21.0.6-win32-x86_64\bin\vcruntime140_1.dll
0x00007ffb877b0000 - 0x00007ffb8783d000 	c:\Users\Pushp battu\.vscode\extensions\redhat.java-1.41.1-win32-x64\jre\21.0.6-win32-x86_64\bin\msvcp140.dll
0x00007ffb61f30000 - 0x00007ffb62cc0000 	c:\Users\Pushp battu\.vscode\extensions\redhat.java-1.41.1-win32-x64\jre\21.0.6-win32-x86_64\bin\server\jvm.dll
0x00007ffba7130000 - 0x00007ffba71df000 	C:\Windows\System32\ADVAPI32.dll
0x00007ffba7f50000 - 0x00007ffba7fef000 	C:\Windows\System32\sechost.dll
0x00007ffba7da0000 - 0x00007ffba7ec3000 	C:\Windows\System32\RPCRT4.dll
0x00007ffba6870000 - 0x00007ffba6897000 	C:\Windows\System32\bcrypt.dll
0x00007ffba7220000 - 0x00007ffba728b000 	C:\Windows\System32\WS2_32.dll
0x00007ffba60b0000 - 0x00007ffba60fb000 	C:\Windows\SYSTEM32\POWRPROF.dll
0x00007ffb90e00000 - 0x00007ffb90e27000 	C:\Windows\SYSTEM32\WINMM.dll
0x00007ffb9e0a0000 - 0x00007ffb9e0aa000 	C:\Windows\SYSTEM32\VERSION.dll
0x00007ffba6090000 - 0x00007ffba60a2000 	C:\Windows\SYSTEM32\UMPDC.dll
0x00007ffba4a70000 - 0x00007ffba4a82000 	C:\Windows\SYSTEM32\kernel.appcore.dll
0x00007ffb964d0000 - 0x00007ffb964da000 	c:\Users\Pushp battu\.vscode\extensions\redhat.java-1.41.1-win32-x64\jre\21.0.6-win32-x86_64\bin\jimage.dll
0x00007ffba4780000 - 0x00007ffba4964000 	C:\Windows\SYSTEM32\DBGHELP.DLL
0x00007ffb9c360000 - 0x00007ffb9c394000 	C:\Windows\SYSTEM32\dbgcore.DLL
0x00007ffba6280000 - 0x00007ffba6302000 	C:\Windows\System32\bcryptPrimitives.dll
0x00007ffba2340000 - 0x00007ffba234f000 	c:\Users\Pushp battu\.vscode\extensions\redhat.java-1.41.1-win32-x64\jre\21.0.6-win32-x86_64\bin\instrument.dll
0x00007ffb8a9f0000 - 0x00007ffb8aa0f000 	c:\Users\Pushp battu\.vscode\extensions\redhat.java-1.41.1-win32-x64\jre\21.0.6-win32-x86_64\bin\java.dll
0x00007ffba7460000 - 0x00007ffba7bcd000 	C:\Windows\System32\SHELL32.dll
0x00007ffba3f00000 - 0x00007ffba46a4000 	C:\Windows\SYSTEM32\windows.storage.dll
0x00007ffba8440000 - 0x00007ffba8795000 	C:\Windows\System32\combase.dll
0x00007ffba5bb0000 - 0x00007ffba5bdb000 	C:\Windows\SYSTEM32\Wldp.dll
0x00007ffba8850000 - 0x00007ffba891d000 	C:\Windows\System32\OLEAUT32.dll
0x00007ffba87a0000 - 0x00007ffba884d000 	C:\Windows\System32\SHCORE.dll
0x00007ffba7d40000 - 0x00007ffba7d95000 	C:\Windows\System32\shlwapi.dll
0x00007ffba6180000 - 0x00007ffba61a5000 	C:\Windows\SYSTEM32\profapi.dll
0x00007ffb8a710000 - 0x00007ffb8a728000 	c:\Users\Pushp battu\.vscode\extensions\redhat.java-1.41.1-win32-x64\jre\21.0.6-win32-x86_64\bin\zip.dll
0x00007ffb92ea0000 - 0x00007ffb92eb0000 	C:\Users\Pushp battu\.vscode\extensions\redhat.java-1.41.1-win32-x64\jre\21.0.6-win32-x86_64\bin\net.dll
0x00007ffb96b50000 - 0x00007ffb96c5a000 	C:\Windows\SYSTEM32\WINHTTP.dll
0x00007ffba5910000 - 0x00007ffba597c000 	C:\Windows\system32\mswsock.dll
0x00007ffb76b70000 - 0x00007ffb76b86000 	C:\Users\Pushp battu\.vscode\extensions\redhat.java-1.41.1-win32-x64\jre\21.0.6-win32-x86_64\bin\nio.dll
0x00007ffba1a10000 - 0x00007ffba1a20000 	c:\Users\Pushp battu\.vscode\extensions\redhat.java-1.41.1-win32-x64\jre\21.0.6-win32-x86_64\bin\verify.dll

dbghelp: loaded successfully - version: 4.0.5 - missing functions: none
symbol engine: initialized successfully - sym options: 0x614 - pdb path: .;c:\Users\Pushp battu\.vscode\extensions\redhat.java-1.41.1-win32-x64\jre\21.0.6-win32-x86_64\bin;C:\Windows\SYSTEM32;C:\Windows\WinSxS\amd64_microsoft.windows.common-controls_6595b64144ccf1df_6.0.19041.4355_none_60b8b9eb71f62e16;c:\Users\Pushp battu\.vscode\extensions\redhat.java-1.41.1-win32-x64\jre\21.0.6-win32-x86_64\bin\server

VM Arguments:
jvm_args: --add-modules=ALL-SYSTEM --add-opens=java.base/java.util=ALL-UNNAMED --add-opens=java.base/java.lang=ALL-UNNAMED --add-opens=java.base/sun.nio.fs=ALL-UNNAMED -Declipse.application=org.eclipse.jdt.ls.core.id1 -Dosgi.bundles.defaultStartLevel=4 -Declipse.product=org.eclipse.jdt.ls.core.product -Djava.import.generatesMetadataFilesAtProjectRoot=false -DDetectVMInstallationsJob.disabled=true -Dfile.encoding=utf8 -XX:+UseParallelGC -XX:GCTimeRatio=4 -XX:AdaptiveSizePolicyWeight=90 -Dsun.zip.disableMemoryMapping=true -Xmx1G -Xms100m -Xlog:disable -javaagent:c:\Users\Pushp battu\.vscode\extensions\redhat.java-1.41.1-win32-x64\lombok\lombok-1.18.36.jar 
java_command: c:\Users\Pushp battu\.vscode\extensions\redhat.java-1.41.1-win32-x64\server\plugins\org.eclipse.equinox.launcher_1.7.0.v20250331-1702.jar -configuration c:\Users\Pushp battu\AppData\Roaming\Code\User\globalStorage\redhat.java\1.41.1\config_ss_win -data c:\Users\Pushp battu\AppData\Roaming\Code\User\workspaceStorage\0d03829ee9ada431aa46f536e744e264\redhat.java\ss_ws --pipe=\\.\pipe\lsp-d622cf161bcfbde6470b8373338aadb4-sock
java_class_path (initial): c:\Users\Pushp battu\.vscode\extensions\redhat.java-1.41.1-win32-x64\server\plugins\org.eclipse.equinox.launcher_1.7.0.v20250331-1702.jar
Launcher Type: SUN_STANDARD

[Global flags]
    uintx AdaptiveSizePolicyWeight                 = 90                                        {product} {command line}
     intx CICompilerCount                          = 3                                         {product} {ergonomic}
    uintx GCTimeRatio                              = 4                                         {product} {command line}
   size_t InitialHeapSize                          = 104857600                                 {product} {command line}
   size_t MaxHeapSize                              = 1073741824                                {product} {command line}
   size_t MaxNewSize                               = 357564416                                 {product} {ergonomic}
   size_t MinHeapDeltaBytes                        = 524288                                    {product} {ergonomic}
   size_t MinHeapSize                              = 104857600                                 {product} {command line}
   size_t NewSize                                  = 34603008                                  {product} {ergonomic}
    uintx NonNMethodCodeHeapSize                   = 5832780                                {pd product} {ergonomic}
    uintx NonProfiledCodeHeapSize                  = 122912730                              {pd product} {ergonomic}
   size_t OldSize                                  = 70254592                                  {product} {ergonomic}
    uintx ProfiledCodeHeapSize                     = 122912730                              {pd product} {ergonomic}
    uintx ReservedCodeCacheSize                    = 251658240                              {pd product} {ergonomic}
     bool SegmentedCodeCache                       = true                                      {product} {ergonomic}
   size_t SoftMaxHeapSize                          = 1073741824                             {manageable} {ergonomic}
     bool UseCompressedOops                        = true                           {product lp64_product} {ergonomic}
     bool UseLargePagesIndividualAllocation        = false                                  {pd product} {ergonomic}
     bool UseParallelGC                            = true                                      {product} {command line}

Logging:
Log output configuration:
 #0: stdout all=off uptime,level,tags foldmultilines=false
 #1: stderr all=off uptime,level,tags foldmultilines=false

Environment Variables:
PATH=C:\Program Files\Common Files\Oracle\Java\javapath;C:\Windows\system32;C:\Windows;C:\Windows\System32\Wbem;C:\Windows\System32\WindowsPowerShell\v1.0\;C:\Windows\System32\OpenSSH\;C:\Program Files\Git\cmd;C:\Program Files\PuTTY\;C:\Program Files\php-8.3;C:\Program Files\nodejs\;C:\Program Files\MySQL\MySQL Shell 8.0\bin\;C:\Users\Pushp battu\AppData\Local\Programs\Python\Python312\Scripts\;C:\Users\Pushp battu\AppData\Local\Programs\Python\Python312\;C:\Users\Pushp battu\AppData\Local\Microsoft\WindowsApps;C:\Users\Pushp battu\AppData\Local\Programs\Microsoft VS Code\bin;C:\Program Files\Java\jdk-17\bin;C:\Program Files (x86)\MongoDB Atlas CLI\;C:\Program Files\MongoDB\Server\6.0\bin;C:\Users\Pushp battu\AppData\Roaming\Composer\vendor\bin;C:\Users\Pushp battu\AppData\Roaming\npm
USERNAME=Pushp battu
OS=Windows_NT
PROCESSOR_IDENTIFIER=Intel64 Family 6 Model 142 Stepping 9, GenuineIntel
TMP=C:\Users\PUSHPB~1\AppData\Local\Temp
TEMP=C:\Users\PUSHPB~1\AppData\Local\Temp




Periodic native trim disabled

---------------  S Y S T E M  ---------------

OS:
 Windows 10 , 64 bit Build 19041 (10.0.19041.5438)
OS uptime: 6 days 18:00 hours

CPU: total 4 (initial active 4) (2 cores per cpu, 2 threads per core) family 6 model 142 stepping 9 microcode 0xf0, cx8, cmov, fxsr, ht, mmx, 3dnowpref, sse, sse2, sse3, ssse3, sse4.1, sse4.2, popcnt, lzcnt, tsc, tscinvbit, avx, avx2, aes, erms, clmul, bmi1, bmi2, adx, fma, vzeroupper, clflush, clflushopt, rdtscp, f16c
Processor Information for the first 4 processors :
  Max Mhz: 2701, Current Mhz: 2701, Mhz Limit: 2701

Memory: 4k page, system-wide physical 7897M (303M free)
TotalPageFile size 17816M (AvailPageFile size 0M)
current process WorkingSet (physical memory assigned to process): 49M, peak: 49M
current process commit charge ("private bytes"): 178M, peak: 178M

vm_info: OpenJDK 64-Bit Server VM (21.0.6+7-LTS) for windows-amd64 JRE (21.0.6+7-LTS), built on 2025-01-21T00:00:00Z by "admin" with MS VC++ 17.7 (VS2022)

END.
