#
# There is insufficient memory for the Java Runtime Environment to continue.
# Native memory allocation (malloc) failed to allocate 704896 bytes. Error detail: Chunk::new
# Possible reasons:
#   The system is out of physical RAM or swap space
#   This process is running with CompressedOops enabled, and the Java Heap may be blocking the growth of the native heap
# Possible solutions:
#   Reduce memory load on the system
#   Increase physical memory or swap space
#   Check if swap backing store is full
#   Decrease Java heap size (-Xmx/-Xms)
#   Decrease number of Java threads
#   Decrease Java thread stack sizes (-Xss)
#   Set larger code cache with -XX:ReservedCodeCacheSize=
#   JVM is running with Unscaled Compressed Oops mode in which the Java heap is
#     placed in the first 4GB address space. The Java Heap base address is the
#     maximum limit for the native heap growth. Please use -XX:HeapBaseMinAddress
#     to set the Java Heap base and to place the Java Heap above 4GB virtual address.
# This output file may be truncated or incomplete.
#
#  Out of Memory Error (arena.cpp:168), pid=8552, tid=1648
#
# JRE version: OpenJDK Runtime Environment Temurin-21.0.6+7 (21.0.6+7) (build 21.0.6+7-LTS)
# Java VM: OpenJDK 64-Bit Server VM Temurin-21.0.6+7 (21.0.6+7-LTS, mixed mode, sharing, tiered, compressed oops, compressed class ptrs, parallel gc, windows-amd64)
# No core dump will be written. Minidumps are not enabled by default on client versions of Windows
#

---------------  S U M M A R Y ------------

Command Line: --add-modules=ALL-SYSTEM --add-opens=java.base/java.util=ALL-UNNAMED --add-opens=java.base/java.lang=ALL-UNNAMED --add-opens=java.base/sun.nio.fs=ALL-UNNAMED -Declipse.application=org.eclipse.jdt.ls.core.id1 -Dosgi.bundles.defaultStartLevel=4 -Declipse.product=org.eclipse.jdt.ls.core.product -Djava.import.generatesMetadataFilesAtProjectRoot=false -DDetectVMInstallationsJob.disabled=true -Dfile.encoding=utf8 -XX:+UseParallelGC -XX:GCTimeRatio=4 -XX:AdaptiveSizePolicyWeight=90 -Dsun.zip.disableMemoryMapping=true -Xmx1G -Xms100m -Xlog:disable -javaagent:c:\Users\Pushp battu\.vscode\extensions\redhat.java-1.41.1-win32-x64\lombok\lombok-1.18.36.jar -XX:+HeapDumpOnOutOfMemoryError -XX:HeapDumpPath=c:\Users\Pushp battu\AppData\Roaming\Code\User\workspaceStorage\0d03829ee9ada431aa46f536e744e264\redhat.java -Daether.dependencyCollector.impl=bf c:\Users\Pushp battu\.vscode\extensions\redhat.java-1.41.1-win32-x64\server\plugins\org.eclipse.equinox.launcher_1.7.0.v20250331-1702.jar -configuration c:\Users\Pushp battu\AppData\Roaming\Code\User\globalStorage\redhat.java\1.41.1\config_win -data c:\Users\Pushp battu\AppData\Roaming\Code\User\workspaceStorage\0d03829ee9ada431aa46f536e744e264\redhat.java\jdt_ws --pipe=\\.\pipe\lsp-47f9d6a0ba8263fe19db4b376a3d4a4e-sock

Host: Intel(R) Core(TM) i5-7200U CPU @ 2.50GHz, 4 cores, 7G,  Windows 10 , 64 bit Build 19041 (10.0.19041.5438)
Time: Fri Apr  4 00:20:48 2025 India Standard Time elapsed time: 5.385859 seconds (0d 0h 0m 5s)

---------------  T H R E A D  ---------------

Current thread (0x000001e21ace1430):  JavaThread "C2 CompilerThread0" daemon [_thread_in_native, id=1648, stack(0x000000c514d00000,0x000000c514e00000) (1024K)]


Current CompileTask:
C2:5385 1322       4       java.io.DataInputStream::readUTF (501 bytes)

Stack: [0x000000c514d00000,0x000000c514e00000]
Native frames: (J=compiled Java code, j=interpreted, Vv=VM code, C=native code)
V  [jvm.dll+0x6cdee9]
V  [jvm.dll+0x8a83d1]
V  [jvm.dll+0x8aa8fe]
V  [jvm.dll+0x8aafe3]
V  [jvm.dll+0x27f706]
V  [jvm.dll+0xc500d]
V  [jvm.dll+0xc5543]
V  [jvm.dll+0x3b678c]
V  [jvm.dll+0x382935]
V  [jvm.dll+0x381d9a]
V  [jvm.dll+0x2479f0]
V  [jvm.dll+0x246fcf]
V  [jvm.dll+0x1c75ee]
V  [jvm.dll+0x25685a]
V  [jvm.dll+0x254dfa]
V  [jvm.dll+0x3f0256]
V  [jvm.dll+0x851f8b]
V  [jvm.dll+0x6cc5ed]
C  [ucrtbase.dll+0x21bb2]
C  [KERNEL32.DLL+0x17374]
C  [ntdll.dll+0x4cc91]


---------------  P R O C E S S  ---------------

Threads class SMR info:
_java_thread_list=0x000001e261013700, length=11, elements={
0x000001e2069acac0, 0x000001e21acd7870, 0x000001e21acd9170, 0x000001e21acdadd0,
0x000001e21acdbce0, 0x000001e21acddaa0, 0x000001e21ace0600, 0x000001e21ace1430,
0x000001e21ad55530, 0x000001e206a78ba0, 0x000001e25cd070d0
}

Java Threads: ( => current thread )
  0x000001e2069acac0 JavaThread "main"                              [_thread_in_native, id=4148, stack(0x000000c514300000,0x000000c514400000) (1024K)]
  0x000001e21acd7870 JavaThread "Reference Handler"          daemon [_thread_blocked, id=14012, stack(0x000000c514700000,0x000000c514800000) (1024K)]
  0x000001e21acd9170 JavaThread "Finalizer"                  daemon [_thread_blocked, id=9556, stack(0x000000c514800000,0x000000c514900000) (1024K)]
  0x000001e21acdadd0 JavaThread "Signal Dispatcher"          daemon [_thread_blocked, id=13184, stack(0x000000c514900000,0x000000c514a00000) (1024K)]
  0x000001e21acdbce0 JavaThread "Attach Listener"            daemon [_thread_blocked, id=9616, stack(0x000000c514a00000,0x000000c514b00000) (1024K)]
  0x000001e21acddaa0 JavaThread "Service Thread"             daemon [_thread_blocked, id=3464, stack(0x000000c514b00000,0x000000c514c00000) (1024K)]
  0x000001e21ace0600 JavaThread "Monitor Deflation Thread"   daemon [_thread_blocked, id=14144, stack(0x000000c514c00000,0x000000c514d00000) (1024K)]
=>0x000001e21ace1430 JavaThread "C2 CompilerThread0"         daemon [_thread_in_native, id=1648, stack(0x000000c514d00000,0x000000c514e00000) (1024K)]
  0x000001e21ad55530 JavaThread "C1 CompilerThread0"         daemon [_thread_blocked, id=14212, stack(0x000000c514e00000,0x000000c514f00000) (1024K)]
  0x000001e206a78ba0 JavaThread "Common-Cleaner"             daemon [_thread_blocked, id=1808, stack(0x000000c514f00000,0x000000c515000000) (1024K)]
  0x000001e25cd070d0 JavaThread "Notification Thread"        daemon [_thread_blocked, id=12760, stack(0x000000c515000000,0x000000c515100000) (1024K)]
Total: 11

Other Threads:
  0x000001e21acbce10 VMThread "VM Thread"                           [id=10500, stack(0x000000c514600000,0x000000c514700000) (1024K)]
  0x000001e206a77240 WatcherThread "VM Periodic Task Thread"        [id=14676, stack(0x000000c514500000,0x000000c514600000) (1024K)]
  0x000001e2069ce130 WorkerThread "GC Thread#0"                     [id=12472, stack(0x000000c514400000,0x000000c514500000) (1024K)]
  0x000001e261212b80 WorkerThread "GC Thread#1"                     [id=11328, stack(0x000000c515100000,0x000000c515200000) (1024K)]
  0x000001e26122d290 WorkerThread "GC Thread#2"                     [id=6872, stack(0x000000c515200000,0x000000c515300000) (1024K)]
  0x000001e26122d630 WorkerThread "GC Thread#3"                     [id=10068, stack(0x000000c515300000,0x000000c515400000) (1024K)]
Total: 6

Threads with active compile tasks:
C2 CompilerThread0  5442 1322       4       java.io.DataInputStream::readUTF (501 bytes)
Total: 1

VM state: not at safepoint (normal execution)

VM Mutex/Monitor currently owned by a thread: None

Heap address: 0x00000000c0000000, size: 1024 MB, Compressed Oops mode: 32-bit

CDS archive(s) mapped at: [0x000001e21b000000-0x000001e21bba0000-0x000001e21bba0000), size 12189696, SharedBaseAddress: 0x000001e21b000000, ArchiveRelocationMode: 1.
Compressed class space mapped at: 0x000001e21c000000-0x000001e25c000000, reserved size: 1073741824
Narrow klass base: 0x000001e21b000000, Narrow klass shift: 0, Narrow klass range: 0x100000000

GC Precious Log:
 CardTable entry size: 512
 CPUs: 4 total, 4 available
 Memory: 7897M
 Large Page Support: Disabled
 NUMA Support: Disabled
 Compressed Oops: Enabled (32-bit)
 Alignments: Space 512K, Generation 512K, Heap 2M
 Heap Min Capacity: 100M
 Heap Initial Capacity: 100M
 Heap Max Capacity: 1G
 Pre-touch: Disabled
 Parallel Workers: 4

Heap:
 PSYoungGen      total 29696K, used 11254K [0x00000000eab00000, 0x00000000ecc00000, 0x0000000100000000)
  eden space 25600K, 31% used [0x00000000eab00000,0x00000000eb2dc018,0x00000000ec400000)
  from space 4096K, 78% used [0x00000000ec400000,0x00000000ec7217f0,0x00000000ec800000)
  to   space 4096K, 0% used [0x00000000ec800000,0x00000000ec800000,0x00000000ecc00000)
 ParOldGen       total 68608K, used 0K [0x00000000c0000000, 0x00000000c4300000, 0x00000000eab00000)
  object space 68608K, 0% used [0x00000000c0000000,0x00000000c0000000,0x00000000c4300000)
 Metaspace       used 5872K, committed 6144K, reserved 1114112K
  class space    used 567K, committed 704K, reserved 1048576K

Card table byte_map: [0x000001e206390000,0x000001e2065a0000] _byte_map_base: 0x000001e205d90000

Marking Bits: (ParMarkBitMap*) 0x00007fffc4c93260
 Begin Bits: [0x000001e218bb0000, 0x000001e219bb0000)
 End Bits:   [0x000001e219bb0000, 0x000001e21abb0000)

Polling page: 0x000001e206180000

Metaspace:

Usage:
  Non-class:      5.18 MB used.
      Class:    567.48 KB used.
       Both:      5.73 MB used.

Virtual space:
  Non-class space:       64.00 MB reserved,       5.31 MB (  8%) committed,  1 nodes.
      Class space:        1.00 GB reserved,     704.00 KB ( <1%) committed,  1 nodes.
             Both:        1.06 GB reserved,       6.00 MB ( <1%) committed. 

Chunk freelists:
   Non-Class:  10.16 MB
       Class:  15.36 MB
        Both:  25.52 MB

MaxMetaspaceSize: unlimited
CompressedClassSpaceSize: 1.00 GB
Initial GC threshold: 21.00 MB
Current GC threshold: 21.00 MB
CDS: on
 - commit_granule_bytes: 65536.
 - commit_granule_words: 8192.
 - virtual_space_node_default_size: 8388608.
 - enlarge_chunks_in_place: 1.
 - use_allocation_guard: 0.


Internal statistics:

num_allocs_failed_limit: 0.
num_arena_births: 198.
num_arena_deaths: 0.
num_vsnodes_births: 2.
num_vsnodes_deaths: 0.
num_space_committed: 96.
num_space_uncommitted: 0.
num_chunks_returned_to_freelist: 0.
num_chunks_taken_from_freelist: 310.
num_chunk_merges: 0.
num_chunk_splits: 206.
num_chunks_enlarged: 129.
num_inconsistent_stats: 0.

CodeHeap 'non-profiled nmethods': size=120000Kb used=490Kb max_used=490Kb free=119509Kb
 bounds [0x000001e211680000, 0x000001e2118f0000, 0x000001e218bb0000]
CodeHeap 'profiled nmethods': size=120000Kb used=2341Kb max_used=2341Kb free=117658Kb
 bounds [0x000001e209bb0000, 0x000001e209e20000, 0x000001e2110e0000]
CodeHeap 'non-nmethods': size=5760Kb used=1205Kb max_used=1221Kb free=4554Kb
 bounds [0x000001e2110e0000, 0x000001e211350000, 0x000001e211680000]
 total_blobs=1818 nmethods=1348 adapters=377
 compilation: enabled
              stopped_count=0, restarted_count=0
 full_count=0

Compilation events (20 events):
Event: 5.333 Thread 0x000001e21ad55530 1337       3       org.eclipse.osgi.container.ModuleDatabase$Persistence::readVersion0 (96 bytes)
Event: 5.337 Thread 0x000001e21ad55530 nmethod 1337 0x000001e209de8390 code [0x000001e209de87e0, 0x000001e209dea600]
Event: 5.339 Thread 0x000001e21ad55530 1338       3       org.eclipse.osgi.container.ModuleDatabase$Persistence::readIndexedMap (16 bytes)
Event: 5.340 Thread 0x000001e21ad55530 nmethod 1338 0x000001e209deb010 code [0x000001e209deb240, 0x000001e209deb938]
Event: 5.340 Thread 0x000001e21ad55530 1339       3       org.eclipse.osgi.container.ModuleDatabase$Persistence::readMap (118 bytes)
Event: 5.341 Thread 0x000001e21ad55530 nmethod 1339 0x000001e209debc90 code [0x000001e209dec040, 0x000001e209ded5c8]
Event: 5.344 Thread 0x000001e21ad55530 1340       3       org.eclipse.osgi.container.ModuleDatabase$Persistence::readListValue (97 bytes)
Event: 5.346 Thread 0x000001e21ad55530 nmethod 1340 0x000001e209dedf10 code [0x000001e209dee280, 0x000001e209def550]
Event: 5.348 Thread 0x000001e21ad55530 1344       2       org.eclipse.osgi.container.ModuleDatabase$Persistence::readList (78 bytes)
Event: 5.350 Thread 0x000001e21ad55530 nmethod 1344 0x000001e209defc90 code [0x000001e209defee0, 0x000001e209df0568]
Event: 5.354 Thread 0x000001e21ad55530 1347       2       sun.net.www.protocol.jar.Handler::checkNestedProtocol (18 bytes)
Event: 5.355 Thread 0x000001e21ad55530 nmethod 1347 0x000001e209df0a90 code [0x000001e209df0c40, 0x000001e209df0dd8]
Event: 5.355 Thread 0x000001e21ad55530 1348       2       java.util.Collections::singletonMap (10 bytes)
Event: 5.356 Thread 0x000001e21ad55530 nmethod 1348 0x000001e209df0e90 code [0x000001e209df1020, 0x000001e209df1198]
Event: 5.356 Thread 0x000001e21ad55530 1349       2       java.util.Collections$SingletonMap::<init> (15 bytes)
Event: 5.356 Thread 0x000001e21ad55530 nmethod 1349 0x000001e209df1290 code [0x000001e209df1420, 0x000001e209df1550]
Event: 5.356 Thread 0x000001e21ad55530 1350  s    2       java.lang.Throwable::fillInStackTrace (29 bytes)
Event: 5.357 Thread 0x000001e21ad55530 nmethod 1350 0x000001e209df1610 code [0x000001e209df17c0, 0x000001e209df19f8]
Event: 5.358 Thread 0x000001e21ad55530 1351   !   2       java.util.jar.JarVerifier::processEntry (437 bytes)
Event: 5.361 Thread 0x000001e21ad55530 nmethod 1351 0x000001e209df1a90 code [0x000001e209df1de0, 0x000001e209df2dd8]

GC Heap History (2 events):
Event: 4.362 GC heap before
{Heap before GC invocations=1 (full 0):
 PSYoungGen      total 29696K, used 25600K [0x00000000eab00000, 0x00000000ecc00000, 0x0000000100000000)
  eden space 25600K, 100% used [0x00000000eab00000,0x00000000ec400000,0x00000000ec400000)
  from space 4096K, 0% used [0x00000000ec800000,0x00000000ec800000,0x00000000ecc00000)
  to   space 4096K, 0% used [0x00000000ec400000,0x00000000ec400000,0x00000000ec800000)
 ParOldGen       total 68608K, used 0K [0x00000000c0000000, 0x00000000c4300000, 0x00000000eab00000)
  object space 68608K, 0% used [0x00000000c0000000,0x00000000c0000000,0x00000000c4300000)
 Metaspace       used 4338K, committed 4544K, reserved 1114112K
  class space    used 435K, committed 512K, reserved 1048576K
}
Event: 4.488 GC heap after
{Heap after GC invocations=1 (full 0):
 PSYoungGen      total 29696K, used 3205K [0x00000000eab00000, 0x00000000ecc00000, 0x0000000100000000)
  eden space 25600K, 0% used [0x00000000eab00000,0x00000000eab00000,0x00000000ec400000)
  from space 4096K, 78% used [0x00000000ec400000,0x00000000ec7217f0,0x00000000ec800000)
  to   space 4096K, 0% used [0x00000000ec800000,0x00000000ec800000,0x00000000ecc00000)
 ParOldGen       total 68608K, used 0K [0x00000000c0000000, 0x00000000c4300000, 0x00000000eab00000)
  object space 68608K, 0% used [0x00000000c0000000,0x00000000c0000000,0x00000000c4300000)
 Metaspace       used 4338K, committed 4544K, reserved 1114112K
  class space    used 435K, committed 512K, reserved 1048576K
}

Dll operation events (8 events):
Event: 0.017 Loaded shared library c:\Users\Pushp battu\.vscode\extensions\redhat.java-1.41.1-win32-x64\jre\21.0.6-win32-x86_64\bin\java.dll
Event: 0.709 Loaded shared library c:\Users\Pushp battu\.vscode\extensions\redhat.java-1.41.1-win32-x64\jre\21.0.6-win32-x86_64\bin\zip.dll
Event: 0.742 Loaded shared library C:\Users\Pushp battu\.vscode\extensions\redhat.java-1.41.1-win32-x64\jre\21.0.6-win32-x86_64\bin\instrument.dll
Event: 0.822 Loaded shared library C:\Users\Pushp battu\.vscode\extensions\redhat.java-1.41.1-win32-x64\jre\21.0.6-win32-x86_64\bin\net.dll
Event: 0.825 Loaded shared library C:\Users\Pushp battu\.vscode\extensions\redhat.java-1.41.1-win32-x64\jre\21.0.6-win32-x86_64\bin\nio.dll
Event: 0.829 Loaded shared library C:\Users\Pushp battu\.vscode\extensions\redhat.java-1.41.1-win32-x64\jre\21.0.6-win32-x86_64\bin\zip.dll
Event: 0.934 Loaded shared library C:\Users\Pushp battu\.vscode\extensions\redhat.java-1.41.1-win32-x64\jre\21.0.6-win32-x86_64\bin\jimage.dll
Event: 1.316 Loaded shared library c:\Users\Pushp battu\.vscode\extensions\redhat.java-1.41.1-win32-x64\jre\21.0.6-win32-x86_64\bin\verify.dll

Deoptimization events (20 events):
Event: 4.496 Thread 0x000001e2069acac0 Uncommon trap: trap_request=0xffffff45 fr.pc=0x000001e2116e2dd4 relative=0x0000000000000294
Event: 4.496 Thread 0x000001e2069acac0 Uncommon trap: reason=unstable_if action=reinterpret pc=0x000001e2116e2dd4 method=java.util.HashMap.hash(Ljava/lang/Object;)I @ 1 c2
Event: 4.496 Thread 0x000001e2069acac0 DEOPT PACKING pc=0x000001e2116e2dd4 sp=0x000000c5143feb10
Event: 4.496 Thread 0x000001e2069acac0 DEOPT UNPACKING pc=0x000001e211133aa2 sp=0x000000c5143fea18 mode 2
Event: 4.496 Thread 0x000001e2069acac0 Uncommon trap: trap_request=0xffffff45 fr.pc=0x000001e2116d6954 relative=0x00000000000000b4
Event: 4.496 Thread 0x000001e2069acac0 Uncommon trap: reason=unstable_if action=reinterpret pc=0x000001e2116d6954 method=java.util.HashMap.hash(Ljava/lang/Object;)I @ 1 c2
Event: 4.496 Thread 0x000001e2069acac0 DEOPT PACKING pc=0x000001e2116d6954 sp=0x000000c5143feb90
Event: 4.496 Thread 0x000001e2069acac0 DEOPT UNPACKING pc=0x000001e211133aa2 sp=0x000000c5143feb28 mode 2
Event: 4.496 Thread 0x000001e2069acac0 Uncommon trap: trap_request=0xffffffde fr.pc=0x000001e2116c78bc relative=0x000000000000059c
Event: 4.496 Thread 0x000001e2069acac0 Uncommon trap: reason=class_check action=maybe_recompile pc=0x000001e2116c78bc method=java.util.Collections$UnmodifiableCollection$1.<init>(Ljava/util/Collections$UnmodifiableCollection;)V @ 17 c2
Event: 4.496 Thread 0x000001e2069acac0 DEOPT PACKING pc=0x000001e2116c78bc sp=0x000000c5143febd0
Event: 4.496 Thread 0x000001e2069acac0 DEOPT UNPACKING pc=0x000001e211133aa2 sp=0x000000c5143feb18 mode 2
Event: 4.696 Thread 0x000001e2069acac0 Uncommon trap: trap_request=0xffffffde fr.pc=0x000001e21168f968 relative=0x0000000000000528
Event: 4.696 Thread 0x000001e2069acac0 Uncommon trap: reason=class_check action=maybe_recompile pc=0x000001e21168f968 method=java.util.HashMap.putVal(ILjava/lang/Object;Ljava/lang/Object;ZZ)Ljava/lang/Object; @ 253 c2
Event: 4.696 Thread 0x000001e2069acac0 DEOPT PACKING pc=0x000001e21168f968 sp=0x000000c5143fd210
Event: 4.696 Thread 0x000001e2069acac0 DEOPT UNPACKING pc=0x000001e211133aa2 sp=0x000000c5143fd1a0 mode 2
Event: 4.954 Thread 0x000001e2069acac0 Uncommon trap: trap_request=0xffffff45 fr.pc=0x000001e2116c9108 relative=0x00000000000001a8
Event: 4.954 Thread 0x000001e2069acac0 Uncommon trap: reason=unstable_if action=reinterpret pc=0x000001e2116c9108 method=java.lang.invoke.VarHandle.checkAccessModeThenIsDirect(Ljava/lang/invoke/VarHandle$AccessDescriptor;)Z @ 4 c2
Event: 4.954 Thread 0x000001e2069acac0 DEOPT PACKING pc=0x000001e2116c9108 sp=0x000000c5143feb70
Event: 4.954 Thread 0x000001e2069acac0 DEOPT UNPACKING pc=0x000001e211133aa2 sp=0x000000c5143feaa8 mode 2

Classes loaded (20 events):
Event: 5.166 Loading class java/util/AbstractQueue done
Event: 5.166 Loading class java/util/concurrent/SynchronousQueue done
Event: 5.166 Loading class java/util/concurrent/SynchronousQueue$Transferer
Event: 5.167 Loading class java/util/concurrent/LinkedTransferQueue
Event: 5.170 Loading class java/util/concurrent/TransferQueue
Event: 5.173 Loading class java/util/concurrent/TransferQueue done
Event: 5.173 Loading class java/util/concurrent/LinkedTransferQueue done
Event: 5.173 Loading class java/util/concurrent/SynchronousQueue$Transferer done
Event: 5.173 Loading class java/util/concurrent/LinkedTransferQueue$DualNode
Event: 5.173 Loading class java/util/concurrent/LinkedTransferQueue$DualNode done
Event: 5.177 Loading class java/util/concurrent/RejectedExecutionHandler
Event: 5.177 Loading class java/util/concurrent/RejectedExecutionHandler done
Event: 5.177 Loading class java/util/concurrent/LinkedBlockingQueue
Event: 5.177 Loading class java/util/concurrent/LinkedBlockingQueue done
Event: 5.178 Loading class java/util/concurrent/LinkedBlockingQueue$Node
Event: 5.178 Loading class java/util/concurrent/LinkedBlockingQueue$Node done
Event: 5.242 Loading class java/util/concurrent/Semaphore$NonfairSync
Event: 5.242 Loading class java/util/concurrent/Semaphore$Sync
Event: 5.242 Loading class java/util/concurrent/Semaphore$Sync done
Event: 5.242 Loading class java/util/concurrent/Semaphore$NonfairSync done

Classes unloaded (0 events):
No events

Classes redefined (0 events):
No events

Internal exceptions (20 events):
Event: 3.913 Thread 0x000001e2069acac0 Exception <a 'java/lang/NoSuchMethodError'{0x00000000ebec4a38}: 'java.lang.ClassLoader java.lang.ClassLoader.getPlatformClassLoader(java.lang.Class)'> (0x00000000ebec4a38) 
thrown [s\src\hotspot\share\interpreter\linkResolver.cpp, line 773]
Event: 4.165 Thread 0x000001e2069acac0 Exception <a 'java/lang/ClassNotFoundException'{0x00000000ec2c7750}: sun/net/www/protocol/c/Handler> (0x00000000ec2c7750) 
thrown [s\src\hotspot\share\classfile\systemDictionary.cpp, line 312]
Event: 4.166 Thread 0x000001e2069acac0 Exception <a 'java/lang/ClassNotFoundException'{0x00000000ec2c8b28}: sun/net/www/protocol/c/Handler> (0x00000000ec2c8b28) 
thrown [s\src\hotspot\share\classfile\systemDictionary.cpp, line 312]
Event: 4.166 Thread 0x000001e2069acac0 Exception <a 'java/lang/ClassNotFoundException'{0x00000000ec2c9d38}: sun/net/www/protocol/c/Handler> (0x00000000ec2c9d38) 
thrown [s\src\hotspot\share\classfile\systemDictionary.cpp, line 312]
Event: 4.209 Thread 0x000001e2069acac0 Exception <a 'java/io/FileNotFoundException'{0x00000000ec2f3208}> (0x00000000ec2f3208) 
thrown [s\src\hotspot\share\prims\jni.cpp, line 520]
Event: 4.494 Thread 0x000001e2069acac0 Implicit null exception at 0x000001e2116e7820 to 0x000001e2116e7a38
Event: 4.495 Thread 0x000001e2069acac0 Exception <a 'java/lang/NoSuchMethodError'{0x00000000eab20130}: 'void java.lang.invoke.DirectMethodHandle$Holder.invokeStatic(java.lang.Object, java.lang.Object, java.lang.Object, java.lang.Object)'> (0x00000000eab20130) 
thrown [s\src\hotspot\share\interpreter\linkResolver.cpp, line 773]
Event: 4.496 Thread 0x000001e2069acac0 Implicit null exception at 0x000001e2116e2ba0 to 0x000001e2116e2dbc
Event: 4.496 Thread 0x000001e2069acac0 Implicit null exception at 0x000001e2116d68c0 to 0x000001e2116d6945
Event: 4.705 Thread 0x000001e2069acac0 Exception <a 'java/lang/NoSuchMethodError'{0x00000000ead5c500}: 'long java.lang.invoke.DirectMethodHandle$Holder.invokeStatic(java.lang.Object, java.lang.Object, int)'> (0x00000000ead5c500) 
thrown [s\src\hotspot\share\interpreter\linkResolver.cpp, line 773]
Event: 4.776 Thread 0x000001e2069acac0 Exception <a 'java/lang/NoSuchMethodError'{0x00000000ead64008}: 'java.lang.Object java.lang.invoke.DirectMethodHandle$Holder.invokeSpecial(java.lang.Object, java.lang.Object, java.lang.Object, java.lang.Object, long)'> (0x00000000ead64008) 
thrown [s\src\hotspot\share\interpreter\linkResolver.cpp, line 773]
Event: 4.786 Thread 0x000001e2069acac0 Exception <a 'java/lang/NoSuchMethodError'{0x00000000ead71ed8}: 'java.lang.Object java.lang.invoke.DirectMethodHandle$Holder.invokeSpecial(java.lang.Object, java.lang.Object, java.lang.Object, int, java.lang.Object)'> (0x00000000ead71ed8) 
thrown [s\src\hotspot\share\interpreter\linkResolver.cpp, line 773]
Event: 4.799 Thread 0x000001e2069acac0 Exception <a 'java/lang/NoSuchMethodError'{0x00000000ead89550}: 'java.lang.Object java.lang.invoke.Invokers$Holder.invokeExact_MT(java.lang.Object, java.lang.Object, java.lang.Object, java.lang.Object, java.lang.Object, java.lang.Object)'> (0x00000000ead89550) 
thrown [s\src\hotspot\share\interpreter\linkResolver.cpp, line 773]
Event: 4.808 Thread 0x000001e2069acac0 Exception <a 'java/lang/NoSuchMethodError'{0x00000000eada2e40}: 'int java.lang.invoke.DirectMethodHandle$Holder.invokeStaticInit(java.lang.Object, java.lang.Object, java.lang.Object, java.lang.Object)'> (0x00000000eada2e40) 
thrown [s\src\hotspot\share\interpreter\linkResolver.cpp, line 773]
Event: 4.809 Thread 0x000001e2069acac0 Exception <a 'java/lang/NoSuchMethodError'{0x00000000eadab5f8}: 'java.lang.Object java.lang.invoke.DirectMethodHandle$Holder.invokeInterface(java.lang.Object, java.lang.Object)'> (0x00000000eadab5f8) 
thrown [s\src\hotspot\share\interpreter\linkResolver.cpp, line 773]
Event: 4.810 Thread 0x000001e2069acac0 Exception <a 'java/lang/IncompatibleClassChangeError'{0x00000000eadaeb30}: Found class java.lang.Object, but interface was expected> (0x00000000eadaeb30) 
thrown [s\src\hotspot\share\interpreter\linkResolver.cpp, line 840]
Event: 4.811 Thread 0x000001e2069acac0 Exception <a 'java/lang/NoSuchMethodError'{0x00000000eadb2ce8}: 'void java.lang.invoke.DirectMethodHandle$Holder.invokeStatic(java.lang.Object, java.lang.Object)'> (0x00000000eadb2ce8) 
thrown [s\src\hotspot\share\interpreter\linkResolver.cpp, line 773]
Event: 4.811 Thread 0x000001e2069acac0 Exception <a 'java/lang/NoSuchMethodError'{0x00000000eadb6090}: 'void java.lang.invoke.DirectMethodHandle$Holder.invokeStaticInit(java.lang.Object, java.lang.Object)'> (0x00000000eadb6090) 
thrown [s\src\hotspot\share\interpreter\linkResolver.cpp, line 773]
Event: 4.813 Thread 0x000001e2069acac0 Exception <a 'java/lang/NoSuchMethodError'{0x00000000eadbd0f0}: 'int java.lang.invoke.DirectMethodHandle$Holder.invokeStaticInit(java.lang.Object, java.lang.Object)'> (0x00000000eadbd0f0) 
thrown [s\src\hotspot\share\interpreter\linkResolver.cpp, line 773]
Event: 5.042 Thread 0x000001e2069acac0 Exception <a 'java/lang/NoSuchMethodError'{0x00000000eaf1fc70}: 'void java.lang.invoke.DirectMethodHandle$Holder.invokeSpecial(java.lang.Object, java.lang.Object, java.lang.Object)'> (0x00000000eaf1fc70) 
thrown [s\src\hotspot\share\interpreter\linkResolver.cpp, line 773]

ZGC Phase Switch (0 events):
No events

VM Operations (16 events):
Event: 0.588 Executing VM operation: HandshakeAllThreads (Deoptimize)
Event: 0.589 Executing VM operation: HandshakeAllThreads (Deoptimize) done
Event: 0.978 Executing VM operation: HandshakeAllThreads (Deoptimize)
Event: 0.978 Executing VM operation: HandshakeAllThreads (Deoptimize) done
Event: 1.984 Executing VM operation: Cleanup
Event: 1.984 Executing VM operation: Cleanup done
Event: 2.989 Executing VM operation: Cleanup
Event: 3.005 Executing VM operation: Cleanup done
Event: 3.148 Executing VM operation: HandshakeAllThreads (Deoptimize)
Event: 3.148 Executing VM operation: HandshakeAllThreads (Deoptimize) done
Event: 3.297 Executing VM operation: HandshakeAllThreads (Deoptimize)
Event: 3.297 Executing VM operation: HandshakeAllThreads (Deoptimize) done
Event: 4.307 Executing VM operation: Cleanup
Event: 4.322 Executing VM operation: Cleanup done
Event: 4.362 Executing VM operation: ParallelGCFailedAllocation (Allocation Failure)
Event: 4.488 Executing VM operation: ParallelGCFailedAllocation (Allocation Failure) done

Memory protections (0 events):
No events

Nmethod flushes (0 events):
No events

Events (13 events):
Event: 0.091 Thread 0x000001e2069acac0 Thread added: 0x000001e2069acac0
Event: 0.147 Thread 0x000001e2069acac0 Thread added: 0x000001e21acd7870
Event: 0.147 Thread 0x000001e2069acac0 Thread added: 0x000001e21acd9170
Event: 0.148 Thread 0x000001e2069acac0 Thread added: 0x000001e21acdadd0
Event: 0.148 Thread 0x000001e2069acac0 Thread added: 0x000001e21acdbce0
Event: 0.148 Thread 0x000001e2069acac0 Thread added: 0x000001e21acddaa0
Event: 0.148 Thread 0x000001e2069acac0 Thread added: 0x000001e21ace0600
Event: 0.148 Thread 0x000001e2069acac0 Thread added: 0x000001e21ace1430
Event: 0.200 Thread 0x000001e2069acac0 Thread added: 0x000001e21ad55530
Event: 0.479 Thread 0x000001e2069acac0 Thread added: 0x000001e206a78ba0
Event: 1.761 Thread 0x000001e2069acac0 Thread added: 0x000001e25cd070d0
Event: 3.165 Thread 0x000001e21ad55530 Thread added: 0x000001e261188260
Event: 3.304 Thread 0x000001e261188260 Thread exited: 0x000001e261188260


Dynamic libraries:
0x00007ff61f3b0000 - 0x00007ff61f3be000 	c:\Users\Pushp battu\.vscode\extensions\redhat.java-1.41.1-win32-x64\jre\21.0.6-win32-x86_64\bin\java.exe
0x00007ff803a30000 - 0x00007ff803c28000 	C:\Windows\SYSTEM32\ntdll.dll
0x00007ff8035c0000 - 0x00007ff803682000 	C:\Windows\System32\KERNEL32.DLL
0x00007ff801670000 - 0x00007ff80196f000 	C:\Windows\System32\KERNELBASE.dll
0x00007ff801100000 - 0x00007ff801200000 	C:\Windows\System32\ucrtbase.dll
0x00007ffffa4b0000 - 0x00007ffffa4c8000 	c:\Users\Pushp battu\.vscode\extensions\redhat.java-1.41.1-win32-x64\jre\21.0.6-win32-x86_64\bin\jli.dll
0x00007ff802650000 - 0x00007ff8027ed000 	C:\Windows\System32\USER32.dll
0x00007ff801a20000 - 0x00007ff801a42000 	C:\Windows\System32\win32u.dll
0x00007ff802b50000 - 0x00007ff802b7b000 	C:\Windows\System32\GDI32.dll
0x00007ff801470000 - 0x00007ff80158a000 	C:\Windows\System32\gdi32full.dll
0x00007ff801200000 - 0x00007ff80129d000 	C:\Windows\System32\msvcp_win.dll
0x00007ffff99b0000 - 0x00007ffff99ce000 	c:\Users\Pushp battu\.vscode\extensions\redhat.java-1.41.1-win32-x64\jre\21.0.6-win32-x86_64\bin\VCRUNTIME140.dll
0x00007fffef920000 - 0x00007fffefbba000 	C:\Windows\WinSxS\amd64_microsoft.windows.common-controls_6595b64144ccf1df_6.0.19041.4355_none_60b8b9eb71f62e16\COMCTL32.dll
0x00007ff8028f0000 - 0x00007ff80298e000 	C:\Windows\System32\msvcrt.dll
0x00007ff8039c0000 - 0x00007ff8039ef000 	C:\Windows\System32\IMM32.DLL
0x00007ffffb420000 - 0x00007ffffb42c000 	c:\Users\Pushp battu\.vscode\extensions\redhat.java-1.41.1-win32-x64\jre\21.0.6-win32-x86_64\bin\vcruntime140_1.dll
0x00007fffdccb0000 - 0x00007fffdcd3d000 	c:\Users\Pushp battu\.vscode\extensions\redhat.java-1.41.1-win32-x64\jre\21.0.6-win32-x86_64\bin\msvcp140.dll
0x00007fffc3fe0000 - 0x00007fffc4d70000 	c:\Users\Pushp battu\.vscode\extensions\redhat.java-1.41.1-win32-x64\jre\21.0.6-win32-x86_64\bin\server\jvm.dll
0x00007ff803510000 - 0x00007ff8035bf000 	C:\Windows\System32\ADVAPI32.dll
0x00007ff803690000 - 0x00007ff80372f000 	C:\Windows\System32\sechost.dll
0x00007ff801ed0000 - 0x00007ff801ff3000 	C:\Windows\System32\RPCRT4.dll
0x00007ff8010d0000 - 0x00007ff8010f7000 	C:\Windows\System32\bcrypt.dll
0x00007ff802880000 - 0x00007ff8028eb000 	C:\Windows\System32\WS2_32.dll
0x00007ff800f30000 - 0x00007ff800f7b000 	C:\Windows\SYSTEM32\POWRPROF.dll
0x00007fffeedc0000 - 0x00007fffeede7000 	C:\Windows\SYSTEM32\WINMM.dll
0x00007ffff9b40000 - 0x00007ffff9b4a000 	C:\Windows\SYSTEM32\VERSION.dll
0x00007ff800f10000 - 0x00007ff800f22000 	C:\Windows\SYSTEM32\UMPDC.dll
0x00007fffff8d0000 - 0x00007fffff8e2000 	C:\Windows\SYSTEM32\kernel.appcore.dll
0x00007ffffb3e0000 - 0x00007ffffb3ea000 	c:\Users\Pushp battu\.vscode\extensions\redhat.java-1.41.1-win32-x64\jre\21.0.6-win32-x86_64\bin\jimage.dll
0x00007ffffee30000 - 0x00007fffff014000 	C:\Windows\SYSTEM32\DBGHELP.DLL
0x00007fffec240000 - 0x00007fffec274000 	C:\Windows\SYSTEM32\dbgcore.DLL
0x00007ff8015e0000 - 0x00007ff801662000 	C:\Windows\System32\bcryptPrimitives.dll
0x00007ffffb310000 - 0x00007ffffb31f000 	c:\Users\Pushp battu\.vscode\extensions\redhat.java-1.41.1-win32-x64\jre\21.0.6-win32-x86_64\bin\instrument.dll
0x00007ffff18f0000 - 0x00007ffff190f000 	c:\Users\Pushp battu\.vscode\extensions\redhat.java-1.41.1-win32-x64\jre\21.0.6-win32-x86_64\bin\java.dll
0x00007ff802b90000 - 0x00007ff8032fd000 	C:\Windows\System32\SHELL32.dll
0x00007fffff120000 - 0x00007fffff8c4000 	C:\Windows\SYSTEM32\windows.storage.dll
0x00007ff802220000 - 0x00007ff802575000 	C:\Windows\System32\combase.dll
0x00007ff800a90000 - 0x00007ff800abb000 	C:\Windows\SYSTEM32\Wldp.dll
0x00007ff802580000 - 0x00007ff80264d000 	C:\Windows\System32\OLEAUT32.dll
0x00007ff803860000 - 0x00007ff80390d000 	C:\Windows\System32\SHCORE.dll
0x00007ff802000000 - 0x00007ff802055000 	C:\Windows\System32\shlwapi.dll
0x00007ff801000000 - 0x00007ff801025000 	C:\Windows\SYSTEM32\profapi.dll
0x00007fffee5c0000 - 0x00007fffee5d8000 	c:\Users\Pushp battu\.vscode\extensions\redhat.java-1.41.1-win32-x64\jre\21.0.6-win32-x86_64\bin\zip.dll
0x00007ffff18e0000 - 0x00007ffff18f0000 	C:\Users\Pushp battu\.vscode\extensions\redhat.java-1.41.1-win32-x64\jre\21.0.6-win32-x86_64\bin\net.dll
0x00007ffff6ac0000 - 0x00007ffff6bca000 	C:\Windows\SYSTEM32\WINHTTP.dll
0x00007ff800790000 - 0x00007ff8007fc000 	C:\Windows\system32\mswsock.dll
0x00007fffee530000 - 0x00007fffee546000 	C:\Users\Pushp battu\.vscode\extensions\redhat.java-1.41.1-win32-x64\jre\21.0.6-win32-x86_64\bin\nio.dll
0x00007ffff17a0000 - 0x00007ffff17b0000 	c:\Users\Pushp battu\.vscode\extensions\redhat.java-1.41.1-win32-x64\jre\21.0.6-win32-x86_64\bin\verify.dll

dbghelp: loaded successfully - version: 4.0.5 - missing functions: none
symbol engine: initialized successfully - sym options: 0x614 - pdb path: .;c:\Users\Pushp battu\.vscode\extensions\redhat.java-1.41.1-win32-x64\jre\21.0.6-win32-x86_64\bin;C:\Windows\SYSTEM32;C:\Windows\WinSxS\amd64_microsoft.windows.common-controls_6595b64144ccf1df_6.0.19041.4355_none_60b8b9eb71f62e16;c:\Users\Pushp battu\.vscode\extensions\redhat.java-1.41.1-win32-x64\jre\21.0.6-win32-x86_64\bin\server

VM Arguments:
jvm_args: --add-modules=ALL-SYSTEM --add-opens=java.base/java.util=ALL-UNNAMED --add-opens=java.base/java.lang=ALL-UNNAMED --add-opens=java.base/sun.nio.fs=ALL-UNNAMED -Declipse.application=org.eclipse.jdt.ls.core.id1 -Dosgi.bundles.defaultStartLevel=4 -Declipse.product=org.eclipse.jdt.ls.core.product -Djava.import.generatesMetadataFilesAtProjectRoot=false -DDetectVMInstallationsJob.disabled=true -Dfile.encoding=utf8 -XX:+UseParallelGC -XX:GCTimeRatio=4 -XX:AdaptiveSizePolicyWeight=90 -Dsun.zip.disableMemoryMapping=true -Xmx1G -Xms100m -Xlog:disable -javaagent:c:\Users\Pushp battu\.vscode\extensions\redhat.java-1.41.1-win32-x64\lombok\lombok-1.18.36.jar -XX:+HeapDumpOnOutOfMemoryError -XX:HeapDumpPath=c:\Users\Pushp battu\AppData\Roaming\Code\User\workspaceStorage\0d03829ee9ada431aa46f536e744e264\redhat.java -Daether.dependencyCollector.impl=bf 
java_command: c:\Users\Pushp battu\.vscode\extensions\redhat.java-1.41.1-win32-x64\server\plugins\org.eclipse.equinox.launcher_1.7.0.v20250331-1702.jar -configuration c:\Users\Pushp battu\AppData\Roaming\Code\User\globalStorage\redhat.java\1.41.1\config_win -data c:\Users\Pushp battu\AppData\Roaming\Code\User\workspaceStorage\0d03829ee9ada431aa46f536e744e264\redhat.java\jdt_ws --pipe=\\.\pipe\lsp-47f9d6a0ba8263fe19db4b376a3d4a4e-sock
java_class_path (initial): c:\Users\Pushp battu\.vscode\extensions\redhat.java-1.41.1-win32-x64\server\plugins\org.eclipse.equinox.launcher_1.7.0.v20250331-1702.jar
Launcher Type: SUN_STANDARD

[Global flags]
    uintx AdaptiveSizePolicyWeight                 = 90                                        {product} {command line}
     intx CICompilerCount                          = 3                                         {product} {ergonomic}
    uintx GCTimeRatio                              = 4                                         {product} {command line}
     bool HeapDumpOnOutOfMemoryError               = true                                   {manageable} {command line}
    ccstr HeapDumpPath                             = c:\Users\Pushp battu\AppData\Roaming\Code\User\workspaceStorage\0d03829ee9ada431aa46f536e744e264\redhat.java         {manageable} {command line}
   size_t InitialHeapSize                          = 104857600                                 {product} {command line}
   size_t MaxHeapSize                              = 1073741824                                {product} {command line}
   size_t MaxNewSize                               = 357564416                                 {product} {ergonomic}
   size_t MinHeapDeltaBytes                        = 524288                                    {product} {ergonomic}
   size_t MinHeapSize                              = 104857600                                 {product} {command line}
   size_t NewSize                                  = 34603008                                  {product} {ergonomic}
    uintx NonNMethodCodeHeapSize                   = 5832780                                {pd product} {ergonomic}
    uintx NonProfiledCodeHeapSize                  = 122912730                              {pd product} {ergonomic}
   size_t OldSize                                  = 70254592                                  {product} {ergonomic}
    uintx ProfiledCodeHeapSize                     = 122912730                              {pd product} {ergonomic}
    uintx ReservedCodeCacheSize                    = 251658240                              {pd product} {ergonomic}
     bool SegmentedCodeCache                       = true                                      {product} {ergonomic}
   size_t SoftMaxHeapSize                          = 1073741824                             {manageable} {ergonomic}
     bool UseCompressedOops                        = true                           {product lp64_product} {ergonomic}
     bool UseLargePagesIndividualAllocation        = false                                  {pd product} {ergonomic}
     bool UseParallelGC                            = true                                      {product} {command line}

Logging:
Log output configuration:
 #0: stdout all=off uptime,level,tags foldmultilines=false
 #1: stderr all=off uptime,level,tags foldmultilines=false

Environment Variables:
PATH=C:\Program Files\Common Files\Oracle\Java\javapath;C:\Windows\system32;C:\Windows;C:\Windows\System32\Wbem;C:\Windows\System32\WindowsPowerShell\v1.0\;C:\Windows\System32\OpenSSH\;C:\Program Files\Git\cmd;C:\Program Files\PuTTY\;C:\Program Files\php-8.3;C:\Program Files\nodejs\;C:\Program Files\MySQL\MySQL Shell 8.0\bin\;C:\Users\Pushp battu\AppData\Local\Programs\Python\Python312\Scripts\;C:\Users\Pushp battu\AppData\Local\Programs\Python\Python312\;C:\Users\Pushp battu\AppData\Local\Microsoft\WindowsApps;C:\Users\Pushp battu\AppData\Local\Programs\Microsoft VS Code\bin;C:\Program Files\Java\jdk-17\bin;C:\Program Files (x86)\MongoDB Atlas CLI\;C:\Program Files\MongoDB\Server\6.0\bin;C:\Users\Pushp battu\AppData\Roaming\Composer\vendor\bin;C:\Users\Pushp battu\AppData\Roaming\npm
USERNAME=Pushp battu
OS=Windows_NT
PROCESSOR_IDENTIFIER=Intel64 Family 6 Model 142 Stepping 9, GenuineIntel
TMP=C:\Users\PUSHPB~1\AppData\Local\Temp
TEMP=C:\Users\PUSHPB~1\AppData\Local\Temp




Periodic native trim disabled

---------------  S Y S T E M  ---------------

OS:
 Windows 10 , 64 bit Build 19041 (10.0.19041.5438)
OS uptime: 0 days 11:43 hours

CPU: total 4 (initial active 4) (2 cores per cpu, 2 threads per core) family 6 model 142 stepping 9 microcode 0xf0, cx8, cmov, fxsr, ht, mmx, 3dnowpref, sse, sse2, sse3, ssse3, sse4.1, sse4.2, popcnt, lzcnt, tsc, tscinvbit, avx, avx2, aes, erms, clmul, bmi1, bmi2, adx, fma, vzeroupper, clflush, clflushopt, rdtscp, f16c
Processor Information for the first 4 processors :
  Max Mhz: 2701, Current Mhz: 2701, Mhz Limit: 2701

Memory: 4k page, system-wide physical 7897M (359M free)
TotalPageFile size 17816M (AvailPageFile size 5M)
current process WorkingSet (physical memory assigned to process): 80M, peak: 80M
current process commit charge ("private bytes"): 188M, peak: 189M

vm_info: OpenJDK 64-Bit Server VM (21.0.6+7-LTS) for windows-amd64 JRE (21.0.6+7-LTS), built on 2025-01-21T00:00:00Z by "admin" with MS VC++ 17.7 (VS2022)

END.
