#
# There is insufficient memory for the Java Runtime Environment to continue.
# Native memory allocation (malloc) failed to allocate 270528 bytes. Error detail: Chunk::new
# Possible reasons:
#   The system is out of physical RAM or swap space
#   This process is running with CompressedOops enabled, and the Java Heap may be blocking the growth of the native heap
# Possible solutions:
#   Reduce memory load on the system
#   Increase physical memory or swap space
#   Check if swap backing store is full
#   Decrease Java heap size (-Xmx/-Xms)
#   Decrease number of Java threads
#   Decrease Java thread stack sizes (-Xss)
#   Set larger code cache with -XX:ReservedCodeCacheSize=
#   JVM is running with Unscaled Compressed Oops mode in which the Java heap is
#     placed in the first 4GB address space. The Java Heap base address is the
#     maximum limit for the native heap growth. Please use -XX:HeapBaseMinAddress
#     to set the Java Heap base and to place the Java Heap above 4GB virtual address.
# This output file may be truncated or incomplete.
#
#  Out of Memory Error (arena.cpp:168), pid=12228, tid=11972
#
# JRE version: OpenJDK Runtime Environment Temurin-21.0.6+7 (21.0.6+7) (build 21.0.6+7-LTS)
# Java VM: OpenJDK 64-Bit Server VM Temurin-21.0.6+7 (21.0.6+7-LTS, mixed mode, sharing, tiered, compressed oops, compressed class ptrs, parallel gc, windows-amd64)
# No core dump will be written. Minidumps are not enabled by default on client versions of Windows
#

---------------  S U M M A R Y ------------

Command Line: --add-modules=ALL-SYSTEM --add-opens=java.base/java.util=ALL-UNNAMED --add-opens=java.base/java.lang=ALL-UNNAMED --add-opens=java.base/sun.nio.fs=ALL-UNNAMED -Declipse.application=org.eclipse.jdt.ls.core.id1 -Dosgi.bundles.defaultStartLevel=4 -Declipse.product=org.eclipse.jdt.ls.core.product -Djava.import.generatesMetadataFilesAtProjectRoot=false -DDetectVMInstallationsJob.disabled=true -Dfile.encoding=utf8 -XX:+UseParallelGC -XX:GCTimeRatio=4 -XX:AdaptiveSizePolicyWeight=90 -Dsun.zip.disableMemoryMapping=true -Xmx1G -Xms100m -Xlog:disable -javaagent:c:\Users\Pushp battu\.vscode\extensions\redhat.java-1.41.1-win32-x64\lombok\lombok-1.18.36.jar c:\Users\Pushp battu\.vscode\extensions\redhat.java-1.41.1-win32-x64\server\plugins\org.eclipse.equinox.launcher_1.7.0.v20250331-1702.jar -configuration c:\Users\Pushp battu\AppData\Roaming\Code\User\globalStorage\redhat.java\1.41.1\config_ss_win -data c:\Users\Pushp battu\AppData\Roaming\Code\User\workspaceStorage\0d03829ee9ada431aa46f536e744e264\redhat.java\ss_ws --pipe=\\.\pipe\lsp-cd645a6b0fe7b33914fbaf9aed2c0193-sock

Host: Intel(R) Core(TM) i5-7200U CPU @ 2.50GHz, 4 cores, 7G,  Windows 10 , 64 bit Build 19041 (10.0.19041.5438)
Time: Tue Apr 15 16:25:50 2025 India Standard Time elapsed time: 4.671030 seconds (0d 0h 0m 4s)

---------------  T H R E A D  ---------------

Current thread (0x000001e4a33c77f0):  JavaThread "C2 CompilerThread0" daemon [_thread_in_native, id=11972, stack(0x00000095f4f00000,0x00000095f5000000) (1024K)]


Current CompileTask:
C2:4671 1977       4       java.io.DataInputStream::readUTF (501 bytes)

Stack: [0x00000095f4f00000,0x00000095f5000000]
Native frames: (J=compiled Java code, j=interpreted, Vv=VM code, C=native code)
V  [jvm.dll+0x6cdee9]
V  [jvm.dll+0x8a83d1]
V  [jvm.dll+0x8aa8fe]
V  [jvm.dll+0x8aafe3]
V  [jvm.dll+0x27f706]
V  [jvm.dll+0xc500d]
V  [jvm.dll+0xc5543]
V  [jvm.dll+0x3b678c]
V  [jvm.dll+0x382935]
V  [jvm.dll+0x381d9a]
V  [jvm.dll+0x2479f0]
V  [jvm.dll+0x246fcf]
V  [jvm.dll+0x1c75ee]
V  [jvm.dll+0x25685a]
V  [jvm.dll+0x254dfa]
V  [jvm.dll+0x3f0256]
V  [jvm.dll+0x851f8b]
V  [jvm.dll+0x6cc5ed]
C  [ucrtbase.dll+0x21bb2]
C  [KERNEL32.DLL+0x17374]
C  [ntdll.dll+0x4cc91]


---------------  P R O C E S S  ---------------

Threads class SMR info:
_java_thread_list=0x000001e4e5c296b0, length=16, elements={
0x000001e48ceeebe0, 0x000001e48f14b3f0, 0x000001e48f14ccf0, 0x000001e48f14e130,
0x000001e4a33c2280, 0x000001e4a33c3f60, 0x000001e4a33c49b0, 0x000001e4a33c77f0,
0x000001e4a3436a60, 0x000001e48f0fcd50, 0x000001e4e5475b50, 0x000001e4e57f95a0,
0x000001e4e5832d10, 0x000001e4e5833b50, 0x000001e4e59e3910, 0x000001e4e5b00870
}

Java Threads: ( => current thread )
  0x000001e48ceeebe0 JavaThread "main"                              [_thread_blocked, id=17928, stack(0x00000095f4500000,0x00000095f4600000) (1024K)]
  0x000001e48f14b3f0 JavaThread "Reference Handler"          daemon [_thread_blocked, id=16852, stack(0x00000095f4900000,0x00000095f4a00000) (1024K)]
  0x000001e48f14ccf0 JavaThread "Finalizer"                  daemon [_thread_blocked, id=18036, stack(0x00000095f4a00000,0x00000095f4b00000) (1024K)]
  0x000001e48f14e130 JavaThread "Signal Dispatcher"          daemon [_thread_blocked, id=17576, stack(0x00000095f4b00000,0x00000095f4c00000) (1024K)]
  0x000001e4a33c2280 JavaThread "Attach Listener"            daemon [_thread_blocked, id=10484, stack(0x00000095f4c00000,0x00000095f4d00000) (1024K)]
  0x000001e4a33c3f60 JavaThread "Service Thread"             daemon [_thread_blocked, id=9708, stack(0x00000095f4d00000,0x00000095f4e00000) (1024K)]
  0x000001e4a33c49b0 JavaThread "Monitor Deflation Thread"   daemon [_thread_blocked, id=12596, stack(0x00000095f4e00000,0x00000095f4f00000) (1024K)]
=>0x000001e4a33c77f0 JavaThread "C2 CompilerThread0"         daemon [_thread_in_native, id=11972, stack(0x00000095f4f00000,0x00000095f5000000) (1024K)]
  0x000001e4a3436a60 JavaThread "C1 CompilerThread0"         daemon [_thread_blocked, id=15480, stack(0x00000095f5000000,0x00000095f5100000) (1024K)]
  0x000001e48f0fcd50 JavaThread "Common-Cleaner"             daemon [_thread_blocked, id=14712, stack(0x00000095f5100000,0x00000095f5200000) (1024K)]
  0x000001e4e5475b50 JavaThread "Notification Thread"        daemon [_thread_blocked, id=9636, stack(0x00000095f5200000,0x00000095f5300000) (1024K)]
  0x000001e4e57f95a0 JavaThread "Active Thread: Equinox Container: 6a4b972a-b0e3-42c4-bb90-98c5e96b1de7"        [_thread_blocked, id=13856, stack(0x00000095f5300000,0x00000095f5400000) (1024K)]
  0x000001e4e5832d10 JavaThread "Framework Event Dispatcher: Equinox Container: 6a4b972a-b0e3-42c4-bb90-98c5e96b1de7" daemon [_thread_blocked, id=17104, stack(0x00000095f5700000,0x00000095f5800000) (1024K)]
  0x000001e4e5833b50 JavaThread "Start Level: Equinox Container: 6a4b972a-b0e3-42c4-bb90-98c5e96b1de7" daemon [_thread_in_vm, id=8364, stack(0x00000095f5800000,0x00000095f5900000) (1024K)]
  0x000001e4e59e3910 JavaThread "SCR Component Actor"        daemon [_thread_blocked, id=16380, stack(0x00000095f5900000,0x00000095f5a00000) (1024K)]
  0x000001e4e5b00870 JavaThread "SCR Component Registry"     daemon [_thread_blocked, id=11800, stack(0x00000095f5a00000,0x00000095f5b00000) (1024K)]
Total: 16

Other Threads:
  0x000001e4a33be8f0 VMThread "VM Thread"                           [id=14048, stack(0x00000095f4800000,0x00000095f4900000) (1024K)]
  0x000001e4a335c5b0 WatcherThread "VM Periodic Task Thread"        [id=16176, stack(0x00000095f4700000,0x00000095f4800000) (1024K)]
  0x000001e48f0ad1f0 WorkerThread "GC Thread#0"                     [id=8780, stack(0x00000095f4600000,0x00000095f4700000) (1024K)]
  0x000001e4e56c2e20 WorkerThread "GC Thread#1"                     [id=5888, stack(0x00000095f5400000,0x00000095f5500000) (1024K)]
  0x000001e4e56c31c0 WorkerThread "GC Thread#2"                     [id=6760, stack(0x00000095f5500000,0x00000095f5600000) (1024K)]
  0x000001e4e56c2a80 WorkerThread "GC Thread#3"                     [id=18072, stack(0x00000095f5600000,0x00000095f5700000) (1024K)]
Total: 6

Threads with active compile tasks:
C2 CompilerThread0  4715 1977       4       java.io.DataInputStream::readUTF (501 bytes)
Total: 1

VM state: not at safepoint (normal execution)

VM Mutex/Monitor currently owned by a thread:  ([mutex/lock_event])
[0x00007ffb62bdcf00] MethodCompileQueue_lock - owner thread: 0x000001e4e5833b50

Heap address: 0x00000000c0000000, size: 1024 MB, Compressed Oops mode: 32-bit

CDS archive(s) mapped at: [0x000001e4a4000000-0x000001e4a4ba0000-0x000001e4a4ba0000), size 12189696, SharedBaseAddress: 0x000001e4a4000000, ArchiveRelocationMode: 1.
Compressed class space mapped at: 0x000001e4a5000000-0x000001e4e5000000, reserved size: 1073741824
Narrow klass base: 0x000001e4a4000000, Narrow klass shift: 0, Narrow klass range: 0x100000000

GC Precious Log:
 CardTable entry size: 512
 CPUs: 4 total, 4 available
 Memory: 7897M
 Large Page Support: Disabled
 NUMA Support: Disabled
 Compressed Oops: Enabled (32-bit)
 Alignments: Space 512K, Generation 512K, Heap 2M
 Heap Min Capacity: 100M
 Heap Initial Capacity: 100M
 Heap Max Capacity: 1G
 Pre-touch: Disabled
 Parallel Workers: 4

Heap:
 PSYoungGen      total 29696K, used 18079K [0x00000000eab00000, 0x00000000ecc00000, 0x0000000100000000)
  eden space 25600K, 54% used [0x00000000eab00000,0x00000000eb8ad5b0,0x00000000ec400000)
  from space 4096K, 99% used [0x00000000ec800000,0x00000000ecbfa948,0x00000000ecc00000)
  to   space 4096K, 0% used [0x00000000ec400000,0x00000000ec400000,0x00000000ec800000)
 ParOldGen       total 68608K, used 865K [0x00000000c0000000, 0x00000000c4300000, 0x00000000eab00000)
  object space 68608K, 1% used [0x00000000c0000000,0x00000000c00d8698,0x00000000c4300000)
 Metaspace       used 10956K, committed 11392K, reserved 1114112K
  class space    used 1117K, committed 1344K, reserved 1048576K

Card table byte_map: [0x000001e48ea30000,0x000001e48ec40000] _byte_map_base: 0x000001e48e430000

Marking Bits: (ParMarkBitMap*) 0x00007ffb62be3260
 Begin Bits: [0x000001e4a1280000, 0x000001e4a2280000)
 End Bits:   [0x000001e4a2280000, 0x000001e4a3280000)

Polling page: 0x000001e48ce80000

Metaspace:

Usage:
  Non-class:      9.61 MB used.
      Class:      1.09 MB used.
       Both:     10.70 MB used.

Virtual space:
  Non-class space:       64.00 MB reserved,       9.81 MB ( 15%) committed,  1 nodes.
      Class space:        1.00 GB reserved,       1.31 MB ( <1%) committed,  1 nodes.
             Both:        1.06 GB reserved,      11.12 MB (  1%) committed. 

Chunk freelists:
   Non-Class:  5.69 MB
       Class:  14.69 MB
        Both:  20.38 MB

MaxMetaspaceSize: unlimited
CompressedClassSpaceSize: 1.00 GB
Initial GC threshold: 21.00 MB
Current GC threshold: 21.00 MB
CDS: on
 - commit_granule_bytes: 65536.
 - commit_granule_words: 8192.
 - virtual_space_node_default_size: 8388608.
 - enlarge_chunks_in_place: 1.
 - use_allocation_guard: 0.


Internal statistics:

num_allocs_failed_limit: 0.
num_arena_births: 274.
num_arena_deaths: 0.
num_vsnodes_births: 2.
num_vsnodes_deaths: 0.
num_space_committed: 178.
num_space_uncommitted: 0.
num_chunks_returned_to_freelist: 0.
num_chunks_taken_from_freelist: 581.
num_chunk_merges: 0.
num_chunk_splits: 391.
num_chunks_enlarged: 265.
num_inconsistent_stats: 0.

CodeHeap 'non-profiled nmethods': size=120000Kb used=835Kb max_used=835Kb free=119164Kb
 bounds [0x000001e499d50000, 0x000001e499fc0000, 0x000001e4a1280000]
CodeHeap 'profiled nmethods': size=120000Kb used=3713Kb max_used=3713Kb free=116286Kb
 bounds [0x000001e492280000, 0x000001e492630000, 0x000001e4997b0000]
CodeHeap 'non-nmethods': size=5760Kb used=1227Kb max_used=1245Kb free=4532Kb
 bounds [0x000001e4997b0000, 0x000001e499a20000, 0x000001e499d50000]
 total_blobs=2495 nmethods=1997 adapters=405
 compilation: enabled
              stopped_count=0, restarted_count=0
 full_count=0

Compilation events (20 events):
Event: 4.616 Thread 0x000001e4a33c77f0 nmethod 1912 0x000001e499e1eb90 code [0x000001e499e1edc0, 0x000001e499e1f3f8]
Event: 4.643 Thread 0x000001e4a33c77f0 1976       4       java.io.DataInputStream::readFully (59 bytes)
Event: 4.644 Thread 0x000001e4a3436a60 1979       3       org.eclipse.core.internal.registry.BufferedRandomInputStream::read (92 bytes)
Event: 4.644 Thread 0x000001e4a3436a60 nmethod 1979 0x000001e492612710 code [0x000001e492612900, 0x000001e492612d80]
Event: 4.644 Thread 0x000001e4a3436a60 1980   !   3       org.eclipse.osgi.internal.loader.ModuleClassLoader::publicFindLoaded (19 bytes)
Event: 4.645 Thread 0x000001e4a3436a60 nmethod 1980 0x000001e492612e90 code [0x000001e492613080, 0x000001e4926134c8]
Event: 4.646 Thread 0x000001e4a33c77f0 nmethod 1976 0x000001e499e1f990 code [0x000001e499e1fb40, 0x000001e499e1fd48]
Event: 4.646 Thread 0x000001e4a33c77f0 1977       4       java.io.DataInputStream::readUTF (501 bytes)
Event: 4.647 Thread 0x000001e4a3436a60 1981       3       java.lang.invoke.LambdaForm::editor (5 bytes)
Event: 4.647 Thread 0x000001e4a3436a60 nmethod 1981 0x000001e492613710 code [0x000001e4926138e0, 0x000001e492613bd8]
Event: 4.647 Thread 0x000001e4a3436a60 1982       3       java.lang.invoke.LambdaFormEditor$TransformKey::inRange (36 bytes)
Event: 4.647 Thread 0x000001e4a3436a60 nmethod 1982 0x000001e492613d10 code [0x000001e492613ea0, 0x000001e492613ff0]
Event: 4.647 Thread 0x000001e4a3436a60 1983       3       java.lang.invoke.LambdaFormEditor$TransformKey::<init> (15 bytes)
Event: 4.647 Thread 0x000001e4a3436a60 nmethod 1983 0x000001e492614090 code [0x000001e492614240, 0x000001e4926143c8]
Event: 4.648 Thread 0x000001e4a3436a60 1984       3       java.lang.invoke.LambdaFormEditor::getInCache (165 bytes)
Event: 4.648 Thread 0x000001e4a3436a60 nmethod 1984 0x000001e492614490 code [0x000001e492614720, 0x000001e492615578]
Event: 4.650 Thread 0x000001e4a3436a60 1985       3       java.lang.invoke.LambdaFormBuffer::changeName (149 bytes)
Event: 4.650 Thread 0x000001e4a3436a60 nmethod 1985 0x000001e492615910 code [0x000001e492615ae0, 0x000001e492615f70]
Event: 4.653 Thread 0x000001e4a3436a60 1986       3       org.eclipse.osgi.internal.serviceregistry.FilteredServiceListener::serviceChanged (296 bytes)
Event: 4.657 Thread 0x000001e4a3436a60 nmethod 1986 0x000001e492616110 code [0x000001e492616820, 0x000001e492619cf0]

GC Heap History (4 events):
Event: 2.156 GC heap before
{Heap before GC invocations=1 (full 0):
 PSYoungGen      total 29696K, used 25600K [0x00000000eab00000, 0x00000000ecc00000, 0x0000000100000000)
  eden space 25600K, 100% used [0x00000000eab00000,0x00000000ec400000,0x00000000ec400000)
  from space 4096K, 0% used [0x00000000ec800000,0x00000000ec800000,0x00000000ecc00000)
  to   space 4096K, 0% used [0x00000000ec400000,0x00000000ec400000,0x00000000ec800000)
 ParOldGen       total 68608K, used 0K [0x00000000c0000000, 0x00000000c4300000, 0x00000000eab00000)
  object space 68608K, 0% used [0x00000000c0000000,0x00000000c0000000,0x00000000c4300000)
 Metaspace       used 4331K, committed 4544K, reserved 1114112K
  class space    used 434K, committed 512K, reserved 1048576K
}
Event: 2.166 GC heap after
{Heap after GC invocations=1 (full 0):
 PSYoungGen      total 29696K, used 3237K [0x00000000eab00000, 0x00000000ecc00000, 0x0000000100000000)
  eden space 25600K, 0% used [0x00000000eab00000,0x00000000eab00000,0x00000000ec400000)
  from space 4096K, 79% used [0x00000000ec400000,0x00000000ec7297f0,0x00000000ec800000)
  to   space 4096K, 0% used [0x00000000ec800000,0x00000000ec800000,0x00000000ecc00000)
 ParOldGen       total 68608K, used 16K [0x00000000c0000000, 0x00000000c4300000, 0x00000000eab00000)
  object space 68608K, 0% used [0x00000000c0000000,0x00000000c0004000,0x00000000c4300000)
 Metaspace       used 4331K, committed 4544K, reserved 1114112K
  class space    used 434K, committed 512K, reserved 1048576K
}
Event: 3.874 GC heap before
{Heap before GC invocations=2 (full 0):
 PSYoungGen      total 29696K, used 28837K [0x00000000eab00000, 0x00000000ecc00000, 0x0000000100000000)
  eden space 25600K, 100% used [0x00000000eab00000,0x00000000ec400000,0x00000000ec400000)
  from space 4096K, 79% used [0x00000000ec400000,0x00000000ec7297f0,0x00000000ec800000)
  to   space 4096K, 0% used [0x00000000ec800000,0x00000000ec800000,0x00000000ecc00000)
 ParOldGen       total 68608K, used 16K [0x00000000c0000000, 0x00000000c4300000, 0x00000000eab00000)
  object space 68608K, 0% used [0x00000000c0000000,0x00000000c0004000,0x00000000c4300000)
 Metaspace       used 8179K, committed 8448K, reserved 1114112K
  class space    used 811K, committed 960K, reserved 1048576K
}
Event: 3.880 GC heap after
{Heap after GC invocations=2 (full 0):
 PSYoungGen      total 29696K, used 4074K [0x00000000eab00000, 0x00000000ecc00000, 0x0000000100000000)
  eden space 25600K, 0% used [0x00000000eab00000,0x00000000eab00000,0x00000000ec400000)
  from space 4096K, 99% used [0x00000000ec800000,0x00000000ecbfa948,0x00000000ecc00000)
  to   space 4096K, 0% used [0x00000000ec400000,0x00000000ec400000,0x00000000ec800000)
 ParOldGen       total 68608K, used 865K [0x00000000c0000000, 0x00000000c4300000, 0x00000000eab00000)
  object space 68608K, 1% used [0x00000000c0000000,0x00000000c00d8698,0x00000000c4300000)
 Metaspace       used 8179K, committed 8448K, reserved 1114112K
  class space    used 811K, committed 960K, reserved 1048576K
}

Dll operation events (9 events):
Event: 0.023 Loaded shared library c:\Users\Pushp battu\.vscode\extensions\redhat.java-1.41.1-win32-x64\jre\21.0.6-win32-x86_64\bin\java.dll
Event: 0.383 Loaded shared library c:\Users\Pushp battu\.vscode\extensions\redhat.java-1.41.1-win32-x64\jre\21.0.6-win32-x86_64\bin\zip.dll
Event: 0.488 Loaded shared library C:\Users\Pushp battu\.vscode\extensions\redhat.java-1.41.1-win32-x64\jre\21.0.6-win32-x86_64\bin\instrument.dll
Event: 0.507 Loaded shared library C:\Users\Pushp battu\.vscode\extensions\redhat.java-1.41.1-win32-x64\jre\21.0.6-win32-x86_64\bin\net.dll
Event: 0.510 Loaded shared library C:\Users\Pushp battu\.vscode\extensions\redhat.java-1.41.1-win32-x64\jre\21.0.6-win32-x86_64\bin\nio.dll
Event: 0.517 Loaded shared library C:\Users\Pushp battu\.vscode\extensions\redhat.java-1.41.1-win32-x64\jre\21.0.6-win32-x86_64\bin\zip.dll
Event: 0.576 Loaded shared library C:\Users\Pushp battu\.vscode\extensions\redhat.java-1.41.1-win32-x64\jre\21.0.6-win32-x86_64\bin\jimage.dll
Event: 0.834 Loaded shared library c:\Users\Pushp battu\.vscode\extensions\redhat.java-1.41.1-win32-x64\jre\21.0.6-win32-x86_64\bin\verify.dll
Event: 3.770 Loaded shared library C:\Users\Pushp battu\AppData\Roaming\Code\User\globalStorage\redhat.java\1.41.1\config_ss_win\org.eclipse.equinox.launcher\org.eclipse.equinox.launcher.win32.win32.x86_64_1.2.1300.v20250331-1702\eclipse_11911.dll

Deoptimization events (20 events):
Event: 4.641 Thread 0x000001e4e5833b50 Uncommon trap: trap_request=0xffffffc6 fr.pc=0x000001e499e160e0 relative=0x0000000000001460
Event: 4.641 Thread 0x000001e4e5833b50 Uncommon trap: reason=bimorphic_or_optimized_type_check action=maybe_recompile pc=0x000001e499e160e0 method=java.io.DataInputStream.readFully([BII)V @ 30 c2
Event: 4.641 Thread 0x000001e4e5833b50 DEOPT PACKING pc=0x000001e499e160e0 sp=0x00000095f58fb9b0
Event: 4.641 Thread 0x000001e4e5833b50 DEOPT UNPACKING pc=0x000001e499803aa2 sp=0x00000095f58fb998 mode 2
Event: 4.642 Thread 0x000001e4e5833b50 Uncommon trap: trap_request=0xffffffde fr.pc=0x000001e499e1f1a8 relative=0x00000000000003e8
Event: 4.642 Thread 0x000001e4e5833b50 Uncommon trap: reason=class_check action=maybe_recompile pc=0x000001e499e1f1a8 method=java.io.DataInputStream.readUnsignedByte()I @ 4 c2
Event: 4.642 Thread 0x000001e4e5833b50 DEOPT PACKING pc=0x000001e499e1f1a8 sp=0x00000095f58fbae0
Event: 4.642 Thread 0x000001e4e5833b50 DEOPT UNPACKING pc=0x000001e499803aa2 sp=0x00000095f58fba28 mode 2
Event: 4.642 Thread 0x000001e4e5833b50 Uncommon trap: trap_request=0xffffffde fr.pc=0x000001e499e1f1a8 relative=0x00000000000003e8
Event: 4.642 Thread 0x000001e4e5833b50 Uncommon trap: reason=class_check action=maybe_recompile pc=0x000001e499e1f1a8 method=java.io.DataInputStream.readUnsignedByte()I @ 4 c2
Event: 4.642 Thread 0x000001e4e5833b50 DEOPT PACKING pc=0x000001e499e1f1a8 sp=0x00000095f58fbae0
Event: 4.642 Thread 0x000001e4e5833b50 DEOPT UNPACKING pc=0x000001e499803aa2 sp=0x00000095f58fba28 mode 2
Event: 4.643 Thread 0x000001e4e5833b50 Uncommon trap: trap_request=0xffffffde fr.pc=0x000001e499e1f1a8 relative=0x00000000000003e8
Event: 4.643 Thread 0x000001e4e5833b50 Uncommon trap: reason=class_check action=maybe_recompile pc=0x000001e499e1f1a8 method=java.io.DataInputStream.readUnsignedByte()I @ 4 c2
Event: 4.643 Thread 0x000001e4e5833b50 DEOPT PACKING pc=0x000001e499e1f1a8 sp=0x00000095f58fbae0
Event: 4.643 Thread 0x000001e4e5833b50 DEOPT UNPACKING pc=0x000001e499803aa2 sp=0x00000095f58fba28 mode 2
Event: 4.643 Thread 0x000001e4e5833b50 Uncommon trap: trap_request=0xffffffde fr.pc=0x000001e499e1f1a8 relative=0x00000000000003e8
Event: 4.643 Thread 0x000001e4e5833b50 Uncommon trap: reason=class_check action=maybe_recompile pc=0x000001e499e1f1a8 method=java.io.DataInputStream.readUnsignedByte()I @ 4 c2
Event: 4.643 Thread 0x000001e4e5833b50 DEOPT PACKING pc=0x000001e499e1f1a8 sp=0x00000095f58fbae0
Event: 4.643 Thread 0x000001e4e5833b50 DEOPT UNPACKING pc=0x000001e499803aa2 sp=0x00000095f58fba28 mode 2

Classes loaded (20 events):
Event: 4.228 Loading class java/util/concurrent/CompletionStage
Event: 4.228 Loading class java/util/concurrent/CompletionStage done
Event: 4.235 Loading class java/util/Timer
Event: 4.236 Loading class java/util/Timer done
Event: 4.236 Loading class java/util/TaskQueue
Event: 4.236 Loading class java/util/TaskQueue done
Event: 4.236 Loading class java/util/TimerThread
Event: 4.236 Loading class java/util/TimerThread done
Event: 4.237 Loading class java/util/Timer$ThreadReaper
Event: 4.237 Loading class java/util/Timer$ThreadReaper done
Event: 4.263 Loading class java/util/concurrent/locks/ReentrantLock$FairSync
Event: 4.263 Loading class java/util/concurrent/locks/ReentrantLock$FairSync done
Event: 4.292 Loading class java/util/Collections$ReverseComparator
Event: 4.292 Loading class java/util/Collections$ReverseComparator done
Event: 4.427 Loading class java/lang/CloneNotSupportedException
Event: 4.427 Loading class java/lang/CloneNotSupportedException done
Event: 4.547 Loading class java/nio/file/NoSuchFileException
Event: 4.548 Loading class java/nio/file/FileSystemException
Event: 4.548 Loading class java/nio/file/FileSystemException done
Event: 4.548 Loading class java/nio/file/NoSuchFileException done

Classes unloaded (0 events):
No events

Classes redefined (0 events):
No events

Internal exceptions (20 events):
Event: 2.175 Thread 0x000001e48ceeebe0 Implicit null exception at 0x000001e499dab6a0 to 0x000001e499dab8bc
Event: 2.175 Thread 0x000001e48ceeebe0 Implicit null exception at 0x000001e499dafdc0 to 0x000001e499dafe45
Event: 2.261 Thread 0x000001e48ceeebe0 Exception <a 'java/lang/NoSuchMethodError'{0x00000000ead9e4a0}: 'long java.lang.invoke.DirectMethodHandle$Holder.invokeStatic(java.lang.Object, java.lang.Object, int)'> (0x00000000ead9e4a0) 
thrown [s\src\hotspot\share\interpreter\linkResolver.cpp, line 773]
Event: 2.262 Thread 0x000001e48ceeebe0 Exception <a 'java/lang/NoSuchMethodError'{0x00000000eada5fa8}: 'java.lang.Object java.lang.invoke.DirectMethodHandle$Holder.invokeSpecial(java.lang.Object, java.lang.Object, java.lang.Object, java.lang.Object, long)'> (0x00000000eada5fa8) 
thrown [s\src\hotspot\share\interpreter\linkResolver.cpp, line 773]
Event: 2.265 Thread 0x000001e48ceeebe0 Exception <a 'java/lang/NoSuchMethodError'{0x00000000eadb3e98}: 'java.lang.Object java.lang.invoke.DirectMethodHandle$Holder.invokeSpecial(java.lang.Object, java.lang.Object, java.lang.Object, int, java.lang.Object)'> (0x00000000eadb3e98) 
thrown [s\src\hotspot\share\interpreter\linkResolver.cpp, line 773]
Event: 2.268 Thread 0x000001e48ceeebe0 Exception <a 'java/lang/NoSuchMethodError'{0x00000000eadcb1a0}: 'java.lang.Object java.lang.invoke.Invokers$Holder.invokeExact_MT(java.lang.Object, java.lang.Object, java.lang.Object, java.lang.Object, java.lang.Object, java.lang.Object)'> (0x00000000eadcb1a0) 
thrown [s\src\hotspot\share\interpreter\linkResolver.cpp, line 773]
Event: 2.279 Thread 0x000001e48ceeebe0 Exception <a 'java/lang/NoSuchMethodError'{0x00000000eade4a90}: 'int java.lang.invoke.DirectMethodHandle$Holder.invokeStaticInit(java.lang.Object, java.lang.Object, java.lang.Object, java.lang.Object)'> (0x00000000eade4a90) 
thrown [s\src\hotspot\share\interpreter\linkResolver.cpp, line 773]
Event: 2.281 Thread 0x000001e48ceeebe0 Exception <a 'java/lang/NoSuchMethodError'{0x00000000eaded248}: 'java.lang.Object java.lang.invoke.DirectMethodHandle$Holder.invokeInterface(java.lang.Object, java.lang.Object)'> (0x00000000eaded248) 
thrown [s\src\hotspot\share\interpreter\linkResolver.cpp, line 773]
Event: 2.281 Thread 0x000001e48ceeebe0 Exception <a 'java/lang/IncompatibleClassChangeError'{0x00000000eadf0780}: Found class java.lang.Object, but interface was expected> (0x00000000eadf0780) 
thrown [s\src\hotspot\share\interpreter\linkResolver.cpp, line 840]
Event: 2.283 Thread 0x000001e48ceeebe0 Exception <a 'java/lang/NoSuchMethodError'{0x00000000eadf4938}: 'void java.lang.invoke.DirectMethodHandle$Holder.invokeStatic(java.lang.Object, java.lang.Object)'> (0x00000000eadf4938) 
thrown [s\src\hotspot\share\interpreter\linkResolver.cpp, line 773]
Event: 2.283 Thread 0x000001e48ceeebe0 Exception <a 'java/lang/NoSuchMethodError'{0x00000000eadf7ce0}: 'void java.lang.invoke.DirectMethodHandle$Holder.invokeStaticInit(java.lang.Object, java.lang.Object)'> (0x00000000eadf7ce0) 
thrown [s\src\hotspot\share\interpreter\linkResolver.cpp, line 773]
Event: 2.285 Thread 0x000001e48ceeebe0 Exception <a 'java/lang/NoSuchMethodError'{0x00000000eadfece0}: 'int java.lang.invoke.DirectMethodHandle$Holder.invokeStaticInit(java.lang.Object, java.lang.Object)'> (0x00000000eadfece0) 
thrown [s\src\hotspot\share\interpreter\linkResolver.cpp, line 773]
Event: 2.347 Thread 0x000001e48ceeebe0 Exception <a 'java/lang/NoSuchMethodError'{0x00000000eaf3df20}: 'void java.lang.invoke.DirectMethodHandle$Holder.invokeSpecial(java.lang.Object, java.lang.Object, java.lang.Object)'> (0x00000000eaf3df20) 
thrown [s\src\hotspot\share\interpreter\linkResolver.cpp, line 773]
Event: 3.080 Thread 0x000001e48ceeebe0 Exception <a 'java/lang/NoSuchMethodError'{0x00000000eb80d548}: 'int java.lang.invoke.DirectMethodHandle$Holder.invokeVirtual(java.lang.Object, java.lang.Object)'> (0x00000000eb80d548) 
thrown [s\src\hotspot\share\interpreter\linkResolver.cpp, line 773]
Event: 3.408 Thread 0x000001e48ceeebe0 Exception <a 'java/lang/NoSuchMethodError'{0x00000000ebb61788}: 'java.lang.Object java.lang.invoke.DirectMethodHandle$Holder.newInvokeSpecial(java.lang.Object, int, java.lang.Object)'> (0x00000000ebb61788) 
thrown [s\src\hotspot\share\interpreter\linkResolver.cpp, line 773]
Event: 3.480 Thread 0x000001e48ceeebe0 Exception <a 'java/lang/NoSuchMethodError'{0x00000000ebcf4e40}: 'java.lang.Object java.lang.invoke.DirectMethodHandle$Holder.newInvokeSpecial(java.lang.Object, java.lang.Object, java.lang.Object, java.lang.Object, int, java.lang.Object)'> (0x00000000ebcf4e40) 
thrown [s\src\hotspot\share\interpreter\linkResolver.cpp, line 773]
Event: 3.762 Thread 0x000001e48ceeebe0 Exception <a 'java/lang/UnsatisfiedLinkError'{0x00000000ec1547b0}: 'void org.eclipse.equinox.launcher.JNIBridge._update_splash()'> (0x00000000ec1547b0) 
thrown [s\src\hotspot\share\prims\nativeLookup.cpp, line 415]
Event: 3.911 Thread 0x000001e4e5833b50 Exception <a 'java/lang/NullPointerException'{0x00000000eac25818}> (0x00000000eac25818) 
thrown [s\src\hotspot\share\interpreter\linkResolver.cpp, line 1372]
Event: 3.911 Thread 0x000001e4e5833b50 Exception <a 'java/lang/NullPointerException'{0x00000000eac25af8}> (0x00000000eac25af8) 
thrown [s\src\hotspot\share\interpreter\linkResolver.cpp, line 1372]
Event: 4.562 Thread 0x000001e4e5833b50 Exception <a 'java/io/FileNotFoundException'{0x00000000eb76bfa0}> (0x00000000eb76bfa0) 
thrown [s\src\hotspot\share\prims\jni.cpp, line 520]

ZGC Phase Switch (0 events):
No events

VM Operations (20 events):
Event: 1.508 Executing VM operation: Cleanup
Event: 1.508 Executing VM operation: Cleanup done
Event: 1.562 Executing VM operation: HandshakeAllThreads (Deoptimize)
Event: 1.562 Executing VM operation: HandshakeAllThreads (Deoptimize) done
Event: 2.156 Executing VM operation: ParallelGCFailedAllocation (Allocation Failure)
Event: 2.166 Executing VM operation: ParallelGCFailedAllocation (Allocation Failure) done
Event: 3.328 Executing VM operation: HandshakeAllThreads (Deoptimize)
Event: 3.374 Executing VM operation: HandshakeAllThreads (Deoptimize) done
Event: 3.374 Executing VM operation: Cleanup
Event: 3.374 Executing VM operation: Cleanup done
Event: 3.392 Executing VM operation: HandshakeAllThreads (Deoptimize)
Event: 3.392 Executing VM operation: HandshakeAllThreads (Deoptimize) done
Event: 3.474 Executing VM operation: HandshakeAllThreads (Deoptimize)
Event: 3.474 Executing VM operation: HandshakeAllThreads (Deoptimize) done
Event: 3.874 Executing VM operation: ParallelGCFailedAllocation (Allocation Failure)
Event: 3.880 Executing VM operation: ParallelGCFailedAllocation (Allocation Failure) done
Event: 3.906 Executing VM operation: HandshakeAllThreads (Deoptimize)
Event: 3.906 Executing VM operation: HandshakeAllThreads (Deoptimize) done
Event: 4.263 Executing VM operation: HandshakeAllThreads (Deoptimize)
Event: 4.289 Executing VM operation: HandshakeAllThreads (Deoptimize) done

Memory protections (0 events):
No events

Nmethod flushes (0 events):
No events

Events (18 events):
Event: 0.076 Thread 0x000001e48ceeebe0 Thread added: 0x000001e48ceeebe0
Event: 0.152 Thread 0x000001e48ceeebe0 Thread added: 0x000001e48f14b3f0
Event: 0.152 Thread 0x000001e48ceeebe0 Thread added: 0x000001e48f14ccf0
Event: 0.153 Thread 0x000001e48ceeebe0 Thread added: 0x000001e48f14e130
Event: 0.153 Thread 0x000001e48ceeebe0 Thread added: 0x000001e4a33c2280
Event: 0.153 Thread 0x000001e48ceeebe0 Thread added: 0x000001e4a33c3f60
Event: 0.153 Thread 0x000001e48ceeebe0 Thread added: 0x000001e4a33c49b0
Event: 0.153 Thread 0x000001e48ceeebe0 Thread added: 0x000001e4a33c77f0
Event: 0.212 Thread 0x000001e48ceeebe0 Thread added: 0x000001e4a3436a60
Event: 0.296 Thread 0x000001e48ceeebe0 Thread added: 0x000001e48f0fcd50
Event: 1.049 Thread 0x000001e48ceeebe0 Thread added: 0x000001e4e5475b50
Event: 1.990 Thread 0x000001e4a3436a60 Thread added: 0x000001e4e56c5820
Event: 2.251 Thread 0x000001e4e56c5820 Thread exited: 0x000001e4e56c5820
Event: 3.254 Thread 0x000001e48ceeebe0 Thread added: 0x000001e4e57f95a0
Event: 3.751 Thread 0x000001e48ceeebe0 Thread added: 0x000001e4e5832d10
Event: 3.758 Thread 0x000001e48ceeebe0 Thread added: 0x000001e4e5833b50
Event: 3.845 Thread 0x000001e4e5833b50 Thread added: 0x000001e4e59e3910
Event: 4.237 Thread 0x000001e4e5833b50 Thread added: 0x000001e4e5b00870


Dynamic libraries:
0x00007ff6fe4c0000 - 0x00007ff6fe4ce000 	c:\Users\Pushp battu\.vscode\extensions\redhat.java-1.41.1-win32-x64\jre\21.0.6-win32-x86_64\bin\java.exe
0x00007ffba8bb0000 - 0x00007ffba8da8000 	C:\Windows\SYSTEM32\ntdll.dll
0x00007ffba8000000 - 0x00007ffba80c2000 	C:\Windows\System32\KERNEL32.DLL
0x00007ffba6400000 - 0x00007ffba66ff000 	C:\Windows\System32\KERNELBASE.dll
0x00007ffba2b10000 - 0x00007ffba2ba4000 	C:\Windows\SYSTEM32\apphelp.dll
0x00007ffba6770000 - 0x00007ffba6870000 	C:\Windows\System32\ucrtbase.dll
0x00007ffb95cc0000 - 0x00007ffb95cd8000 	c:\Users\Pushp battu\.vscode\extensions\redhat.java-1.41.1-win32-x64\jre\21.0.6-win32-x86_64\bin\jli.dll
0x00007ffba80d0000 - 0x00007ffba826d000 	C:\Windows\System32\USER32.dll
0x00007ffba6250000 - 0x00007ffba6272000 	C:\Windows\System32\win32u.dll
0x00007ffba71f0000 - 0x00007ffba721b000 	C:\Windows\System32\GDI32.dll
0x00007ffba6a00000 - 0x00007ffba6b1a000 	C:\Windows\System32\gdi32full.dll
0x00007ffba6310000 - 0x00007ffba63ad000 	C:\Windows\System32\msvcp_win.dll
0x00007ffb940d0000 - 0x00007ffb940ee000 	c:\Users\Pushp battu\.vscode\extensions\redhat.java-1.41.1-win32-x64\jre\21.0.6-win32-x86_64\bin\VCRUNTIME140.dll
0x00007ffb91d70000 - 0x00007ffb9200a000 	C:\Windows\WinSxS\amd64_microsoft.windows.common-controls_6595b64144ccf1df_6.0.19041.4355_none_60b8b9eb71f62e16\COMCTL32.dll
0x00007ffba7ca0000 - 0x00007ffba7d3e000 	C:\Windows\System32\msvcrt.dll
0x00007ffba8b40000 - 0x00007ffba8b6f000 	C:\Windows\System32\IMM32.DLL
0x00007ffb96ad0000 - 0x00007ffb96adc000 	c:\Users\Pushp battu\.vscode\extensions\redhat.java-1.41.1-win32-x64\jre\21.0.6-win32-x86_64\bin\vcruntime140_1.dll
0x00007ffb877b0000 - 0x00007ffb8783d000 	c:\Users\Pushp battu\.vscode\extensions\redhat.java-1.41.1-win32-x64\jre\21.0.6-win32-x86_64\bin\msvcp140.dll
0x00007ffb61f30000 - 0x00007ffb62cc0000 	c:\Users\Pushp battu\.vscode\extensions\redhat.java-1.41.1-win32-x64\jre\21.0.6-win32-x86_64\bin\server\jvm.dll
0x00007ffba7130000 - 0x00007ffba71df000 	C:\Windows\System32\ADVAPI32.dll
0x00007ffba7f50000 - 0x00007ffba7fef000 	C:\Windows\System32\sechost.dll
0x00007ffba7da0000 - 0x00007ffba7ec3000 	C:\Windows\System32\RPCRT4.dll
0x00007ffba6870000 - 0x00007ffba6897000 	C:\Windows\System32\bcrypt.dll
0x00007ffba7220000 - 0x00007ffba728b000 	C:\Windows\System32\WS2_32.dll
0x00007ffba60b0000 - 0x00007ffba60fb000 	C:\Windows\SYSTEM32\POWRPROF.dll
0x00007ffb90e00000 - 0x00007ffb90e27000 	C:\Windows\SYSTEM32\WINMM.dll
0x00007ffb9e0a0000 - 0x00007ffb9e0aa000 	C:\Windows\SYSTEM32\VERSION.dll
0x00007ffba6090000 - 0x00007ffba60a2000 	C:\Windows\SYSTEM32\UMPDC.dll
0x00007ffba4a70000 - 0x00007ffba4a82000 	C:\Windows\SYSTEM32\kernel.appcore.dll
0x00007ffb964d0000 - 0x00007ffb964da000 	c:\Users\Pushp battu\.vscode\extensions\redhat.java-1.41.1-win32-x64\jre\21.0.6-win32-x86_64\bin\jimage.dll
0x00007ffba4780000 - 0x00007ffba4964000 	C:\Windows\SYSTEM32\DBGHELP.DLL
0x00007ffb9c360000 - 0x00007ffb9c394000 	C:\Windows\SYSTEM32\dbgcore.DLL
0x00007ffba6280000 - 0x00007ffba6302000 	C:\Windows\System32\bcryptPrimitives.dll
0x00007ffba2340000 - 0x00007ffba234f000 	c:\Users\Pushp battu\.vscode\extensions\redhat.java-1.41.1-win32-x64\jre\21.0.6-win32-x86_64\bin\instrument.dll
0x00007ffb8a9f0000 - 0x00007ffb8aa0f000 	c:\Users\Pushp battu\.vscode\extensions\redhat.java-1.41.1-win32-x64\jre\21.0.6-win32-x86_64\bin\java.dll
0x00007ffba7460000 - 0x00007ffba7bcd000 	C:\Windows\System32\SHELL32.dll
0x00007ffba3f00000 - 0x00007ffba46a4000 	C:\Windows\SYSTEM32\windows.storage.dll
0x00007ffba8440000 - 0x00007ffba8795000 	C:\Windows\System32\combase.dll
0x00007ffba5bb0000 - 0x00007ffba5bdb000 	C:\Windows\SYSTEM32\Wldp.dll
0x00007ffba8850000 - 0x00007ffba891d000 	C:\Windows\System32\OLEAUT32.dll
0x00007ffba87a0000 - 0x00007ffba884d000 	C:\Windows\System32\SHCORE.dll
0x00007ffba7d40000 - 0x00007ffba7d95000 	C:\Windows\System32\shlwapi.dll
0x00007ffba6180000 - 0x00007ffba61a5000 	C:\Windows\SYSTEM32\profapi.dll
0x00007ffb8a710000 - 0x00007ffb8a728000 	c:\Users\Pushp battu\.vscode\extensions\redhat.java-1.41.1-win32-x64\jre\21.0.6-win32-x86_64\bin\zip.dll
0x00007ffb92ea0000 - 0x00007ffb92eb0000 	C:\Users\Pushp battu\.vscode\extensions\redhat.java-1.41.1-win32-x64\jre\21.0.6-win32-x86_64\bin\net.dll
0x00007ffb96b50000 - 0x00007ffb96c5a000 	C:\Windows\SYSTEM32\WINHTTP.dll
0x00007ffba5910000 - 0x00007ffba597c000 	C:\Windows\system32\mswsock.dll
0x00007ffb76b70000 - 0x00007ffb76b86000 	C:\Users\Pushp battu\.vscode\extensions\redhat.java-1.41.1-win32-x64\jre\21.0.6-win32-x86_64\bin\nio.dll
0x00007ffba1a10000 - 0x00007ffba1a20000 	c:\Users\Pushp battu\.vscode\extensions\redhat.java-1.41.1-win32-x64\jre\21.0.6-win32-x86_64\bin\verify.dll
0x00007ffb868c0000 - 0x00007ffb86905000 	C:\Users\Pushp battu\AppData\Roaming\Code\User\globalStorage\redhat.java\1.41.1\config_ss_win\org.eclipse.equinox.launcher\org.eclipse.equinox.launcher.win32.win32.x86_64_1.2.1300.v20250331-1702\eclipse_11911.dll
0x00007ffba8920000 - 0x00007ffba8a4b000 	C:\Windows\System32\ole32.dll

dbghelp: loaded successfully - version: 4.0.5 - missing functions: none
symbol engine: initialized successfully - sym options: 0x614 - pdb path: .;c:\Users\Pushp battu\.vscode\extensions\redhat.java-1.41.1-win32-x64\jre\21.0.6-win32-x86_64\bin;C:\Windows\SYSTEM32;C:\Windows\WinSxS\amd64_microsoft.windows.common-controls_6595b64144ccf1df_6.0.19041.4355_none_60b8b9eb71f62e16;c:\Users\Pushp battu\.vscode\extensions\redhat.java-1.41.1-win32-x64\jre\21.0.6-win32-x86_64\bin\server;C:\Users\Pushp battu\AppData\Roaming\Code\User\globalStorage\redhat.java\1.41.1\config_ss_win\org.eclipse.equinox.launcher\org.eclipse.equinox.launcher.win32.win32.x86_64_1.2.1300.v20250331-1702

VM Arguments:
jvm_args: --add-modules=ALL-SYSTEM --add-opens=java.base/java.util=ALL-UNNAMED --add-opens=java.base/java.lang=ALL-UNNAMED --add-opens=java.base/sun.nio.fs=ALL-UNNAMED -Declipse.application=org.eclipse.jdt.ls.core.id1 -Dosgi.bundles.defaultStartLevel=4 -Declipse.product=org.eclipse.jdt.ls.core.product -Djava.import.generatesMetadataFilesAtProjectRoot=false -DDetectVMInstallationsJob.disabled=true -Dfile.encoding=utf8 -XX:+UseParallelGC -XX:GCTimeRatio=4 -XX:AdaptiveSizePolicyWeight=90 -Dsun.zip.disableMemoryMapping=true -Xmx1G -Xms100m -Xlog:disable -javaagent:c:\Users\Pushp battu\.vscode\extensions\redhat.java-1.41.1-win32-x64\lombok\lombok-1.18.36.jar 
java_command: c:\Users\Pushp battu\.vscode\extensions\redhat.java-1.41.1-win32-x64\server\plugins\org.eclipse.equinox.launcher_1.7.0.v20250331-1702.jar -configuration c:\Users\Pushp battu\AppData\Roaming\Code\User\globalStorage\redhat.java\1.41.1\config_ss_win -data c:\Users\Pushp battu\AppData\Roaming\Code\User\workspaceStorage\0d03829ee9ada431aa46f536e744e264\redhat.java\ss_ws --pipe=\\.\pipe\lsp-cd645a6b0fe7b33914fbaf9aed2c0193-sock
java_class_path (initial): c:\Users\Pushp battu\.vscode\extensions\redhat.java-1.41.1-win32-x64\server\plugins\org.eclipse.equinox.launcher_1.7.0.v20250331-1702.jar
Launcher Type: SUN_STANDARD

[Global flags]
    uintx AdaptiveSizePolicyWeight                 = 90                                        {product} {command line}
     intx CICompilerCount                          = 3                                         {product} {ergonomic}
    uintx GCTimeRatio                              = 4                                         {product} {command line}
   size_t InitialHeapSize                          = 104857600                                 {product} {command line}
   size_t MaxHeapSize                              = 1073741824                                {product} {command line}
   size_t MaxNewSize                               = 357564416                                 {product} {ergonomic}
   size_t MinHeapDeltaBytes                        = 524288                                    {product} {ergonomic}
   size_t MinHeapSize                              = 104857600                                 {product} {command line}
   size_t NewSize                                  = 34603008                                  {product} {ergonomic}
    uintx NonNMethodCodeHeapSize                   = 5832780                                {pd product} {ergonomic}
    uintx NonProfiledCodeHeapSize                  = 122912730                              {pd product} {ergonomic}
   size_t OldSize                                  = 70254592                                  {product} {ergonomic}
    uintx ProfiledCodeHeapSize                     = 122912730                              {pd product} {ergonomic}
    uintx ReservedCodeCacheSize                    = 251658240                              {pd product} {ergonomic}
     bool SegmentedCodeCache                       = true                                      {product} {ergonomic}
   size_t SoftMaxHeapSize                          = 1073741824                             {manageable} {ergonomic}
     bool UseCompressedOops                        = true                           {product lp64_product} {ergonomic}
     bool UseLargePagesIndividualAllocation        = false                                  {pd product} {ergonomic}
     bool UseParallelGC                            = true                                      {product} {command line}

Logging:
Log output configuration:
 #0: stdout all=off uptime,level,tags foldmultilines=false
 #1: stderr all=off uptime,level,tags foldmultilines=false

Environment Variables:
PATH=C:\Program Files\Common Files\Oracle\Java\javapath;C:\Windows\system32;C:\Windows;C:\Windows\System32\Wbem;C:\Windows\System32\WindowsPowerShell\v1.0\;C:\Windows\System32\OpenSSH\;C:\Program Files\Git\cmd;C:\Program Files\PuTTY\;C:\Program Files\php-8.3;C:\Program Files\nodejs\;C:\Program Files\MySQL\MySQL Shell 8.0\bin\;C:\Users\Pushp battu\AppData\Local\Programs\Python\Python312\Scripts\;C:\Users\Pushp battu\AppData\Local\Programs\Python\Python312\;C:\Users\Pushp battu\AppData\Local\Microsoft\WindowsApps;C:\Users\Pushp battu\AppData\Local\Programs\Microsoft VS Code\bin;C:\Program Files\Java\jdk-17\bin;C:\Program Files (x86)\MongoDB Atlas CLI\;C:\Program Files\MongoDB\Server\6.0\bin;C:\Users\Pushp battu\AppData\Roaming\Composer\vendor\bin;C:\Users\Pushp battu\AppData\Roaming\npm
USERNAME=Pushp battu
OS=Windows_NT
PROCESSOR_IDENTIFIER=Intel64 Family 6 Model 142 Stepping 9, GenuineIntel
TMP=C:\Users\PUSHPB~1\AppData\Local\Temp
TEMP=C:\Users\PUSHPB~1\AppData\Local\Temp




Periodic native trim disabled

---------------  S Y S T E M  ---------------

OS:
 Windows 10 , 64 bit Build 19041 (10.0.19041.5438)
OS uptime: 6 days 19:08 hours

CPU: total 4 (initial active 4) (2 cores per cpu, 2 threads per core) family 6 model 142 stepping 9 microcode 0xf0, cx8, cmov, fxsr, ht, mmx, 3dnowpref, sse, sse2, sse3, ssse3, sse4.1, sse4.2, popcnt, lzcnt, tsc, tscinvbit, avx, avx2, aes, erms, clmul, bmi1, bmi2, adx, fma, vzeroupper, clflush, clflushopt, rdtscp, f16c
Processor Information for the first 4 processors :
  Max Mhz: 2701, Current Mhz: 2701, Mhz Limit: 2701

Memory: 4k page, system-wide physical 7897M (302M free)
TotalPageFile size 17816M (AvailPageFile size 0M)
current process WorkingSet (physical memory assigned to process): 97M, peak: 97M
current process commit charge ("private bytes"): 197M, peak: 198M

vm_info: OpenJDK 64-Bit Server VM (21.0.6+7-LTS) for windows-amd64 JRE (21.0.6+7-LTS), built on 2025-01-21T00:00:00Z by "admin" with MS VC++ 17.7 (VS2022)

END.
