#
# There is insufficient memory for the Java Runtime Environment to continue.
# Native memory allocation (malloc) failed to allocate 424880 bytes. Error detail: Chunk::new
# Possible reasons:
#   The system is out of physical RAM or swap space
#   This process is running with CompressedOops enabled, and the Java Heap may be blocking the growth of the native heap
# Possible solutions:
#   Reduce memory load on the system
#   Increase physical memory or swap space
#   Check if swap backing store is full
#   Decrease Java heap size (-Xmx/-Xms)
#   Decrease number of Java threads
#   Decrease Java thread stack sizes (-Xss)
#   Set larger code cache with -XX:ReservedCodeCacheSize=
#   JVM is running with Unscaled Compressed Oops mode in which the Java heap is
#     placed in the first 4GB address space. The Java Heap base address is the
#     maximum limit for the native heap growth. Please use -XX:HeapBaseMinAddress
#     to set the Java Heap base and to place the Java Heap above 4GB virtual address.
# This output file may be truncated or incomplete.
#
#  Out of Memory Error (arena.cpp:168), pid=11272, tid=12424
#
# JRE version: OpenJDK Runtime Environment Temurin-21.0.6+7 (21.0.6+7) (build 21.0.6+7-LTS)
# Java VM: OpenJDK 64-Bit Server VM Temurin-21.0.6+7 (21.0.6+7-LTS, mixed mode, sharing, tiered, compressed oops, compressed class ptrs, parallel gc, windows-amd64)
# No core dump will be written. Minidumps are not enabled by default on client versions of Windows
#

---------------  S U M M A R Y ------------

Command Line: --add-modules=ALL-SYSTEM --add-opens=java.base/java.util=ALL-UNNAMED --add-opens=java.base/java.lang=ALL-UNNAMED --add-opens=java.base/sun.nio.fs=ALL-UNNAMED -Declipse.application=org.eclipse.jdt.ls.core.id1 -Dosgi.bundles.defaultStartLevel=4 -Declipse.product=org.eclipse.jdt.ls.core.product -Djava.import.generatesMetadataFilesAtProjectRoot=false -DDetectVMInstallationsJob.disabled=true -Dfile.encoding=utf8 -XX:+UseParallelGC -XX:GCTimeRatio=4 -XX:AdaptiveSizePolicyWeight=90 -Dsun.zip.disableMemoryMapping=true -Xmx1G -Xms100m -Xlog:disable -javaagent:c:\Users\Pushp battu\.vscode\extensions\redhat.java-1.41.1-win32-x64\lombok\lombok-1.18.36.jar -XX:+HeapDumpOnOutOfMemoryError -XX:HeapDumpPath=c:\Users\Pushp battu\AppData\Roaming\Code\User\workspaceStorage\0d03829ee9ada431aa46f536e744e264\redhat.java -Daether.dependencyCollector.impl=bf c:\Users\Pushp battu\.vscode\extensions\redhat.java-1.41.1-win32-x64\server\plugins\org.eclipse.equinox.launcher_1.7.0.v20250331-1702.jar -configuration c:\Users\Pushp battu\AppData\Roaming\Code\User\globalStorage\redhat.java\1.41.1\config_win -data c:\Users\Pushp battu\AppData\Roaming\Code\User\workspaceStorage\0d03829ee9ada431aa46f536e744e264\redhat.java\jdt_ws --pipe=\\.\pipe\lsp-cac4bb127cb0fb0562152eeee41f9e73-sock

Host: Intel(R) Core(TM) i5-7200U CPU @ 2.50GHz, 4 cores, 7G,  Windows 10 , 64 bit Build 19041 (10.0.19041.5438)
Time: Wed Apr  9 16:55:49 2025 India Standard Time elapsed time: 48.148723 seconds (0d 0h 0m 48s)

---------------  T H R E A D  ---------------

Current thread (0x000001794aa63060):  JavaThread "C2 CompilerThread0" daemon [_thread_in_native, id=12424, stack(0x0000003712d00000,0x0000003712e00000) (1024K)]


Current CompileTask:
C2:48148 6942       4       java.util.regex.Pattern::compile (537 bytes)

Stack: [0x0000003712d00000,0x0000003712e00000]
Native frames: (J=compiled Java code, j=interpreted, Vv=VM code, C=native code)
V  [jvm.dll+0x6cdee9]
V  [jvm.dll+0x8a83d1]
V  [jvm.dll+0x8aa8fe]
V  [jvm.dll+0x8aafe3]
V  [jvm.dll+0x27f706]
V  [jvm.dll+0xc500d]
V  [jvm.dll+0xc5543]
V  [jvm.dll+0x3b678c]
V  [jvm.dll+0x382935]
V  [jvm.dll+0x381d9a]
V  [jvm.dll+0x2479f0]
V  [jvm.dll+0x246fcf]
V  [jvm.dll+0x1c75ee]
V  [jvm.dll+0x25685a]
V  [jvm.dll+0x254dfa]
V  [jvm.dll+0x3f0256]
V  [jvm.dll+0x851f8b]
V  [jvm.dll+0x6cc5ed]
C  [ucrtbase.dll+0x21bb2]
C  [KERNEL32.DLL+0x17374]
C  [ntdll.dll+0x4cc91]


---------------  P R O C E S S  ---------------

Threads class SMR info:
_java_thread_list=0x0000017992241110, length=38, elements={
0x000001793672c8c0, 0x000001794aa597d0, 0x000001794aa5b6e0, 0x000001794aa5ca00,
0x000001794aa5d910, 0x000001794aa5f6d0, 0x000001794aa62230, 0x000001794aa63060,
0x000001794aad4c30, 0x00000179367f5830, 0x000001798cb00680, 0x000001799160e130,
0x000001799158e770, 0x00000179912ade90, 0x00000179912ae4f0, 0x0000017991780130,
0x00000179916e5ff0, 0x000001798cc22370, 0x000001798cc23720, 0x000001798cc22a00,
0x000001798cc23090, 0x000001798cc23db0, 0x000001798cc24440, 0x000001798cc24ad0,
0x000001798cc21650, 0x000001798cc21ce0, 0x000001799409bec0, 0x00000179940a27c0,
0x000001799409e620, 0x000001799409df90, 0x000001799409f9d0, 0x00000179940a1410,
0x00000179940a2130, 0x000001799409cbe0, 0x00000179940a0060, 0x000001799409b830,
0x000001799409d270, 0x00000179940a2e50
}

Java Threads: ( => current thread )
  0x000001793672c8c0 JavaThread "main"                              [_thread_blocked, id=5396, stack(0x0000003712300000,0x0000003712400000) (1024K)]
  0x000001794aa597d0 JavaThread "Reference Handler"          daemon [_thread_blocked, id=4492, stack(0x0000003712700000,0x0000003712800000) (1024K)]
  0x000001794aa5b6e0 JavaThread "Finalizer"                  daemon [_thread_blocked, id=8488, stack(0x0000003712800000,0x0000003712900000) (1024K)]
  0x000001794aa5ca00 JavaThread "Signal Dispatcher"          daemon [_thread_blocked, id=13220, stack(0x0000003712900000,0x0000003712a00000) (1024K)]
  0x000001794aa5d910 JavaThread "Attach Listener"            daemon [_thread_blocked, id=3600, stack(0x0000003712a00000,0x0000003712b00000) (1024K)]
  0x000001794aa5f6d0 JavaThread "Service Thread"             daemon [_thread_blocked, id=4764, stack(0x0000003712b00000,0x0000003712c00000) (1024K)]
  0x000001794aa62230 JavaThread "Monitor Deflation Thread"   daemon [_thread_blocked, id=1012, stack(0x0000003712c00000,0x0000003712d00000) (1024K)]
=>0x000001794aa63060 JavaThread "C2 CompilerThread0"         daemon [_thread_in_native, id=12424, stack(0x0000003712d00000,0x0000003712e00000) (1024K)]
  0x000001794aad4c30 JavaThread "C1 CompilerThread0"         daemon [_thread_blocked, id=13812, stack(0x0000003712e00000,0x0000003712f00000) (1024K)]
  0x00000179367f5830 JavaThread "Common-Cleaner"             daemon [_thread_blocked, id=12476, stack(0x0000003712f00000,0x0000003713000000) (1024K)]
  0x000001798cb00680 JavaThread "Notification Thread"        daemon [_thread_blocked, id=6252, stack(0x0000003713000000,0x0000003713100000) (1024K)]
  0x000001799160e130 JavaThread "Active Thread: Equinox Container: ac00c012-f3c5-4c28-91c0-18c13ac38827"        [_thread_blocked, id=12340, stack(0x0000003713400000,0x0000003713500000) (1024K)]
  0x000001799158e770 JavaThread "Refresh Thread: Equinox Container: ac00c012-f3c5-4c28-91c0-18c13ac38827" daemon [_thread_blocked, id=14720, stack(0x0000003713500000,0x0000003713600000) (1024K)]
  0x00000179912ade90 JavaThread "Framework Event Dispatcher: Equinox Container: ac00c012-f3c5-4c28-91c0-18c13ac38827" daemon [_thread_blocked, id=276, stack(0x0000003713600000,0x0000003713700000) (1024K)]
  0x00000179912ae4f0 JavaThread "Start Level: Equinox Container: ac00c012-f3c5-4c28-91c0-18c13ac38827" daemon [_thread_blocked, id=8436, stack(0x0000003713700000,0x0000003713800000) (1024K)]
  0x0000017991780130 JavaThread "Bundle File Closer"         daemon [_thread_blocked, id=13780, stack(0x0000003713800000,0x0000003713900000) (1024K)]
  0x00000179916e5ff0 JavaThread "SCR Component Actor"        daemon [_thread_blocked, id=12896, stack(0x0000003713900000,0x0000003713a00000) (1024K)]
  0x000001798cc22370 JavaThread "Worker-JM"                         [_thread_blocked, id=8732, stack(0x0000003713b00000,0x0000003713c00000) (1024K)]
  0x000001798cc23720 JavaThread "JNA Cleaner"                daemon [_thread_blocked, id=14836, stack(0x0000003713c00000,0x0000003713d00000) (1024K)]
  0x000001798cc22a00 JavaThread "Worker-0"                          [_thread_blocked, id=7120, stack(0x0000003713d00000,0x0000003713e00000) (1024K)]
  0x000001798cc23090 JavaThread "Worker-1"                          [_thread_blocked, id=3000, stack(0x0000003713e00000,0x0000003713f00000) (1024K)]
  0x000001798cc23db0 JavaThread "Worker-2: Initialize Workspace"        [_thread_in_vm, id=8468, stack(0x0000003713f00000,0x0000003714000000) (1024K)]
  0x000001798cc24440 JavaThread "Worker-3"                          [_thread_blocked, id=14552, stack(0x0000003714000000,0x0000003714100000) (1024K)]
  0x000001798cc24ad0 JavaThread "Java indexing"              daemon [_thread_blocked, id=14860, stack(0x0000003714200000,0x0000003714300000) (1024K)]
  0x000001798cc21650 JavaThread "Worker-4: Synchronize Gradle projects with workspace"        [_thread_blocked, id=3604, stack(0x0000003714500000,0x0000003714600000) (1024K)]
  0x000001798cc21ce0 JavaThread "Worker-5"                          [_thread_blocked, id=12468, stack(0x0000003714600000,0x0000003714700000) (1024K)]
  0x000001799409bec0 JavaThread "Thread-2"                   daemon [_thread_in_native, id=12572, stack(0x0000003714700000,0x0000003714800000) (1024K)]
  0x00000179940a27c0 JavaThread "Thread-3"                   daemon [_thread_in_native, id=6852, stack(0x0000003714800000,0x0000003714900000) (1024K)]
  0x000001799409e620 JavaThread "Thread-4"                   daemon [_thread_in_native, id=11872, stack(0x0000003714900000,0x0000003714a00000) (1024K)]
  0x000001799409df90 JavaThread "Thread-5"                   daemon [_thread_in_native, id=9232, stack(0x0000003714a00000,0x0000003714b00000) (1024K)]
  0x000001799409f9d0 JavaThread "Thread-6"                   daemon [_thread_in_native, id=12184, stack(0x0000003714b00000,0x0000003714c00000) (1024K)]
  0x00000179940a1410 JavaThread "pool-2-thread-1"                   [_thread_blocked, id=8672, stack(0x0000003714c00000,0x0000003714d00000) (1024K)]
  0x00000179940a2130 JavaThread "Timer-0"                           [_thread_blocked, id=6552, stack(0x0000003714d00000,0x0000003714e00000) (1024K)]
  0x000001799409cbe0 JavaThread "Timer-1"                           [_thread_blocked, id=11304, stack(0x0000003714e00000,0x0000003714f00000) (1024K)]
  0x00000179940a0060 JavaThread "WorkspaceEventsHandler"            [_thread_blocked, id=13144, stack(0x0000003713a00000,0x0000003713b00000) (1024K)]
  0x000001799409b830 JavaThread "pool-1-thread-1"                   [_thread_blocked, id=12652, stack(0x0000003714f00000,0x0000003715000000) (1024K)]
  0x000001799409d270 JavaThread "Connection worker"                 [_thread_in_native, id=15108, stack(0x0000003715000000,0x0000003715100000) (1024K)]
  0x00000179940a2e50 JavaThread "Keep-Alive-Timer"           daemon [_thread_blocked, id=10340, stack(0x0000003715200000,0x0000003715300000) (1024K)]
Total: 38

Other Threads:
  0x000001794aa3bcd0 VMThread "VM Thread"                           [id=7284, stack(0x0000003712600000,0x0000003712700000) (1024K)]
  0x00000179367f45f0 WatcherThread "VM Periodic Task Thread"        [id=5416, stack(0x0000003712500000,0x0000003712600000) (1024K)]
  0x000001793674d120 WorkerThread "GC Thread#0"                     [id=11452, stack(0x0000003712400000,0x0000003712500000) (1024K)]
  0x00000179912f8e00 WorkerThread "GC Thread#1"                     [id=10816, stack(0x0000003713100000,0x0000003713200000) (1024K)]
  0x00000179911324c0 WorkerThread "GC Thread#2"                     [id=13564, stack(0x0000003713200000,0x0000003713300000) (1024K)]
  0x0000017991132860 WorkerThread "GC Thread#3"                     [id=15200, stack(0x0000003713300000,0x0000003713400000) (1024K)]
Total: 6

Threads with active compile tasks:
C2 CompilerThread0  48200 6942       4       java.util.regex.Pattern::compile (537 bytes)
Total: 1

VM state: not at safepoint (normal execution)

VM Mutex/Monitor currently owned by a thread: None

Heap address: 0x00000000c0000000, size: 1024 MB, Compressed Oops mode: 32-bit

CDS archive(s) mapped at: [0x000001794b000000-0x000001794bba0000-0x000001794bba0000), size 12189696, SharedBaseAddress: 0x000001794b000000, ArchiveRelocationMode: 1.
Compressed class space mapped at: 0x000001794c000000-0x000001798c000000, reserved size: 1073741824
Narrow klass base: 0x000001794b000000, Narrow klass shift: 0, Narrow klass range: 0x100000000

GC Precious Log:
 CardTable entry size: 512
 CPUs: 4 total, 4 available
 Memory: 7897M
 Large Page Support: Disabled
 NUMA Support: Disabled
 Compressed Oops: Enabled (32-bit)
 Alignments: Space 512K, Generation 512K, Heap 2M
 Heap Min Capacity: 100M
 Heap Initial Capacity: 100M
 Heap Max Capacity: 1G
 Pre-touch: Disabled
 Parallel Workers: 4

Heap:
 PSYoungGen      total 24064K, used 22125K [0x00000000eab00000, 0x00000000ec880000, 0x0000000100000000)
  eden space 22016K, 91% used [0x00000000eab00000,0x00000000ebea0cb0,0x00000000ec080000)
  from space 2048K, 98% used [0x00000000ec080000,0x00000000ec27aa18,0x00000000ec280000)
  to   space 4096K, 0% used [0x00000000ec480000,0x00000000ec480000,0x00000000ec880000)
 ParOldGen       total 68608K, used 25054K [0x00000000c0000000, 0x00000000c4300000, 0x00000000eab00000)
  object space 68608K, 36% used [0x00000000c0000000,0x00000000c1877b48,0x00000000c4300000)
 Metaspace       used 52155K, committed 53248K, reserved 1114112K
  class space    used 5681K, committed 6144K, reserved 1048576K

Card table byte_map: [0x00000179360e0000,0x00000179362f0000] _byte_map_base: 0x0000017935ae0000

Marking Bits: (ParMarkBitMap*) 0x00007ffb56523260
 Begin Bits: [0x0000017948930000, 0x0000017949930000)
 End Bits:   [0x0000017949930000, 0x000001794a930000)

Polling page: 0x00000179345f0000

Metaspace:

Usage:
  Non-class:     45.38 MB used.
      Class:      5.55 MB used.
       Both:     50.93 MB used.

Virtual space:
  Non-class space:       64.00 MB reserved,      46.00 MB ( 72%) committed,  1 nodes.
      Class space:        1.00 GB reserved,       6.00 MB ( <1%) committed,  1 nodes.
             Both:        1.06 GB reserved,      52.00 MB (  5%) committed. 

Chunk freelists:
   Non-Class:  1.89 MB
       Class:  9.98 MB
        Both:  11.87 MB

MaxMetaspaceSize: unlimited
CompressedClassSpaceSize: 1.00 GB
Initial GC threshold: 21.00 MB
Current GC threshold: 58.38 MB
CDS: on
 - commit_granule_bytes: 65536.
 - commit_granule_words: 8192.
 - virtual_space_node_default_size: 8388608.
 - enlarge_chunks_in_place: 1.
 - use_allocation_guard: 0.


Internal statistics:

num_allocs_failed_limit: 6.
num_arena_births: 792.
num_arena_deaths: 18.
num_vsnodes_births: 2.
num_vsnodes_deaths: 0.
num_space_committed: 832.
num_space_uncommitted: 0.
num_chunks_returned_to_freelist: 24.
num_chunks_taken_from_freelist: 2985.
num_chunk_merges: 12.
num_chunk_splits: 1827.
num_chunks_enlarged: 1030.
num_inconsistent_stats: 0.

CodeHeap 'non-profiled nmethods': size=120000Kb used=3585Kb max_used=3585Kb free=116414Kb
 bounds [0x0000017941400000, 0x0000017941790000, 0x0000017948930000]
CodeHeap 'profiled nmethods': size=120000Kb used=13430Kb max_used=13430Kb free=106570Kb
 bounds [0x0000017939930000, 0x000001793a650000, 0x0000017940e60000]
CodeHeap 'non-nmethods': size=5760Kb used=1409Kb max_used=1496Kb free=4350Kb
 bounds [0x0000017940e60000, 0x00000179410d0000, 0x0000017941400000]
 total_blobs=7047 nmethods=6334 adapters=619
 compilation: enabled
              stopped_count=0, restarted_count=0
 full_count=0

Compilation events (20 events):
Event: 47.753 Thread 0x000001794aad4c30 nmethod 6930 0x000001793a647f90 code [0x000001793a648140, 0x000001793a648440]
Event: 47.753 Thread 0x000001794aad4c30 6931       3       sun.nio.fs.WindowsException::translateToIOException (109 bytes)
Event: 47.754 Thread 0x000001794aad4c30 nmethod 6931 0x000001793a648590 code [0x000001793a648860, 0x000001793a6494d8]
Event: 47.754 Thread 0x000001794aad4c30 6932       3       java.nio.file.NoSuchFileException::<init> (8 bytes)
Event: 47.754 Thread 0x000001794aad4c30 nmethod 6932 0x000001793a649910 code [0x000001793a649ae0, 0x000001793a649d98]
Event: 47.754 Thread 0x000001794aad4c30 6933       3       java.nio.file.FileSystemException::<init> (16 bytes)
Event: 47.754 Thread 0x000001794aad4c30 nmethod 6933 0x000001793a649f10 code [0x000001793a64a0c0, 0x000001793a64a308]
Event: 47.815 Thread 0x000001794aad4c30 6935       1       sun.nio.fs.WindowsNativeDispatcher$FirstFile::handle (5 bytes)
Event: 47.816 Thread 0x000001794aad4c30 nmethod 6935 0x000001794177d490 code [0x000001794177d620, 0x000001794177d6e8]
Event: 47.816 Thread 0x000001794aad4c30 6936       1       sun.nio.fs.WindowsNativeDispatcher$FirstFile::name (5 bytes)
Event: 47.816 Thread 0x000001794aad4c30 nmethod 6936 0x000001794177d790 code [0x000001794177d920, 0x000001794177d9e8]
Event: 47.822 Thread 0x000001794aad4c30 6938   !   3       sun.nio.fs.WindowsFileSystemProvider::isSameFile (180 bytes)
Event: 47.823 Thread 0x000001794aad4c30 nmethod 6938 0x000001793a64a410 code [0x000001793a64a7a0, 0x000001793a64bf68]
Event: 47.864 Thread 0x000001794aa63060 6939       4       sun.nio.fs.WindowsPathParser::normalize (233 bytes)
Event: 47.899 Thread 0x000001794aa63060 nmethod 6939 0x000001794177de90 code [0x000001794177e160, 0x000001794177f4b0]
Event: 47.923 Thread 0x000001794aa63060 6940       4       java.util.Arrays$ArrayItr::next (36 bytes)
Event: 47.924 Thread 0x000001794aa63060 nmethod 6940 0x0000017941780190 code [0x0000017941780320, 0x0000017941780410]
Event: 47.950 Thread 0x000001794aad4c30 6941       3       org.eclipse.core.internal.jobs.JobManager::wakeUp (53 bytes)
Event: 47.951 Thread 0x000001794aad4c30 nmethod 6941 0x000001793a64c890 code [0x000001793a64cae0, 0x000001793a64d420]
Event: 48.071 Thread 0x000001794aa63060 6942       4       java.util.regex.Pattern::compile (537 bytes)

GC Heap History (20 events):
Event: 40.355 GC heap before
{Heap before GC invocations=12 (full 1):
 PSYoungGen      total 25600K, used 25309K [0x00000000eab00000, 0x00000000ec900000, 0x0000000100000000)
  eden space 23040K, 100% used [0x00000000eab00000,0x00000000ec180000,0x00000000ec180000)
  from space 2560K, 88% used [0x00000000ec680000,0x00000000ec8b7618,0x00000000ec900000)
  to   space 3072K, 0% used [0x00000000ec300000,0x00000000ec300000,0x00000000ec600000)
 ParOldGen       total 68608K, used 14892K [0x00000000c0000000, 0x00000000c4300000, 0x00000000eab00000)
  object space 68608K, 21% used [0x00000000c0000000,0x00000000c0e8b1e0,0x00000000c4300000)
 Metaspace       used 30133K, committed 30976K, reserved 1114112K
  class space    used 2956K, committed 3328K, reserved 1048576K
}
Event: 40.358 GC heap after
{Heap after GC invocations=12 (full 1):
 PSYoungGen      total 24064K, used 1054K [0x00000000eab00000, 0x00000000ec700000, 0x0000000100000000)
  eden space 22528K, 0% used [0x00000000eab00000,0x00000000eab00000,0x00000000ec100000)
  from space 1536K, 68% used [0x00000000ec300000,0x00000000ec4078b8,0x00000000ec480000)
  to   space 2048K, 0% used [0x00000000ec500000,0x00000000ec500000,0x00000000ec700000)
 ParOldGen       total 68608K, used 17049K [0x00000000c0000000, 0x00000000c4300000, 0x00000000eab00000)
  object space 68608K, 24% used [0x00000000c0000000,0x00000000c10a6788,0x00000000c4300000)
 Metaspace       used 30133K, committed 30976K, reserved 1114112K
  class space    used 2956K, committed 3328K, reserved 1048576K
}
Event: 41.061 GC heap before
{Heap before GC invocations=13 (full 1):
 PSYoungGen      total 24064K, used 23582K [0x00000000eab00000, 0x00000000ec700000, 0x0000000100000000)
  eden space 22528K, 99% used [0x00000000eab00000,0x00000000ec0fffe8,0x00000000ec100000)
  from space 1536K, 68% used [0x00000000ec300000,0x00000000ec4078b8,0x00000000ec480000)
  to   space 2048K, 0% used [0x00000000ec500000,0x00000000ec500000,0x00000000ec700000)
 ParOldGen       total 68608K, used 17049K [0x00000000c0000000, 0x00000000c4300000, 0x00000000eab00000)
  object space 68608K, 24% used [0x00000000c0000000,0x00000000c10a6788,0x00000000c4300000)
 Metaspace       used 33257K, committed 34176K, reserved 1114112K
  class space    used 3301K, committed 3712K, reserved 1048576K
}
Event: 41.066 GC heap after
{Heap after GC invocations=13 (full 1):
 PSYoungGen      total 23552K, used 1066K [0x00000000eab00000, 0x00000000ec680000, 0x0000000100000000)
  eden space 22016K, 0% used [0x00000000eab00000,0x00000000eab00000,0x00000000ec080000)
  from space 1536K, 69% used [0x00000000ec500000,0x00000000ec60a8e0,0x00000000ec680000)
  to   space 1536K, 0% used [0x00000000ec380000,0x00000000ec380000,0x00000000ec500000)
 ParOldGen       total 68608K, used 17870K [0x00000000c0000000, 0x00000000c4300000, 0x00000000eab00000)
  object space 68608K, 26% used [0x00000000c0000000,0x00000000c11738e8,0x00000000c4300000)
 Metaspace       used 33257K, committed 34176K, reserved 1114112K
  class space    used 3301K, committed 3712K, reserved 1048576K
}
Event: 41.367 GC heap before
{Heap before GC invocations=14 (full 1):
 PSYoungGen      total 23552K, used 15567K [0x00000000eab00000, 0x00000000ec680000, 0x0000000100000000)
  eden space 22016K, 65% used [0x00000000eab00000,0x00000000eb929700,0x00000000ec080000)
  from space 1536K, 69% used [0x00000000ec500000,0x00000000ec60a8e0,0x00000000ec680000)
  to   space 1536K, 0% used [0x00000000ec380000,0x00000000ec380000,0x00000000ec500000)
 ParOldGen       total 68608K, used 17870K [0x00000000c0000000, 0x00000000c4300000, 0x00000000eab00000)
  object space 68608K, 26% used [0x00000000c0000000,0x00000000c11738e8,0x00000000c4300000)
 Metaspace       used 34768K, committed 35840K, reserved 1114112K
  class space    used 3482K, committed 3968K, reserved 1048576K
}
Event: 41.372 GC heap after
{Heap after GC invocations=14 (full 1):
 PSYoungGen      total 23552K, used 1154K [0x00000000eab00000, 0x00000000ec580000, 0x0000000100000000)
  eden space 22016K, 0% used [0x00000000eab00000,0x00000000eab00000,0x00000000ec080000)
  from space 1536K, 75% used [0x00000000ec380000,0x00000000ec4a0978,0x00000000ec500000)
  to   space 512K, 0% used [0x00000000ec500000,0x00000000ec500000,0x00000000ec580000)
 ParOldGen       total 68608K, used 18784K [0x00000000c0000000, 0x00000000c4300000, 0x00000000eab00000)
  object space 68608K, 27% used [0x00000000c0000000,0x00000000c1258300,0x00000000c4300000)
 Metaspace       used 34768K, committed 35840K, reserved 1114112K
  class space    used 3482K, committed 3968K, reserved 1048576K
}
Event: 41.372 GC heap before
{Heap before GC invocations=15 (full 2):
 PSYoungGen      total 23552K, used 1154K [0x00000000eab00000, 0x00000000ec580000, 0x0000000100000000)
  eden space 22016K, 0% used [0x00000000eab00000,0x00000000eab00000,0x00000000ec080000)
  from space 1536K, 75% used [0x00000000ec380000,0x00000000ec4a0978,0x00000000ec500000)
  to   space 512K, 0% used [0x00000000ec500000,0x00000000ec500000,0x00000000ec580000)
 ParOldGen       total 68608K, used 18784K [0x00000000c0000000, 0x00000000c4300000, 0x00000000eab00000)
  object space 68608K, 27% used [0x00000000c0000000,0x00000000c1258300,0x00000000c4300000)
 Metaspace       used 34768K, committed 35840K, reserved 1114112K
  class space    used 3482K, committed 3968K, reserved 1048576K
}
Event: 41.429 GC heap after
{Heap after GC invocations=15 (full 2):
 PSYoungGen      total 23552K, used 0K [0x00000000eab00000, 0x00000000ec580000, 0x0000000100000000)
  eden space 22016K, 0% used [0x00000000eab00000,0x00000000eab00000,0x00000000ec080000)
  from space 1536K, 0% used [0x00000000ec380000,0x00000000ec380000,0x00000000ec500000)
  to   space 512K, 0% used [0x00000000ec500000,0x00000000ec500000,0x00000000ec580000)
 ParOldGen       total 68608K, used 18081K [0x00000000c0000000, 0x00000000c4300000, 0x00000000eab00000)
  object space 68608K, 26% used [0x00000000c0000000,0x00000000c11a86a0,0x00000000c4300000)
 Metaspace       used 34765K, committed 35840K, reserved 1114112K
  class space    used 3481K, committed 3968K, reserved 1048576K
}
Event: 41.837 GC heap before
{Heap before GC invocations=16 (full 2):
 PSYoungGen      total 23552K, used 22016K [0x00000000eab00000, 0x00000000ec580000, 0x0000000100000000)
  eden space 22016K, 100% used [0x00000000eab00000,0x00000000ec080000,0x00000000ec080000)
  from space 1536K, 0% used [0x00000000ec380000,0x00000000ec380000,0x00000000ec500000)
  to   space 512K, 0% used [0x00000000ec500000,0x00000000ec500000,0x00000000ec580000)
 ParOldGen       total 68608K, used 18081K [0x00000000c0000000, 0x00000000c4300000, 0x00000000eab00000)
  object space 68608K, 26% used [0x00000000c0000000,0x00000000c11a86a0,0x00000000c4300000)
 Metaspace       used 37455K, committed 38528K, reserved 1114112K
  class space    used 3823K, committed 4224K, reserved 1048576K
}
Event: 41.841 GC heap after
{Heap after GC invocations=16 (full 2):
 PSYoungGen      total 22528K, used 512K [0x00000000eab00000, 0x00000000ec780000, 0x0000000100000000)
  eden space 22016K, 0% used [0x00000000eab00000,0x00000000eab00000,0x00000000ec080000)
  from space 512K, 100% used [0x00000000ec500000,0x00000000ec580000,0x00000000ec580000)
  to   space 3584K, 0% used [0x00000000ec080000,0x00000000ec080000,0x00000000ec400000)
 ParOldGen       total 68608K, used 20428K [0x00000000c0000000, 0x00000000c4300000, 0x00000000eab00000)
  object space 68608K, 29% used [0x00000000c0000000,0x00000000c13f3088,0x00000000c4300000)
 Metaspace       used 37455K, committed 38528K, reserved 1114112K
  class space    used 3823K, committed 4224K, reserved 1048576K
}
Event: 42.337 GC heap before
{Heap before GC invocations=17 (full 2):
 PSYoungGen      total 22528K, used 22521K [0x00000000eab00000, 0x00000000ec780000, 0x0000000100000000)
  eden space 22016K, 99% used [0x00000000eab00000,0x00000000ec07e408,0x00000000ec080000)
  from space 512K, 100% used [0x00000000ec500000,0x00000000ec580000,0x00000000ec580000)
  to   space 3584K, 0% used [0x00000000ec080000,0x00000000ec080000,0x00000000ec400000)
 ParOldGen       total 68608K, used 20428K [0x00000000c0000000, 0x00000000c4300000, 0x00000000eab00000)
  object space 68608K, 29% used [0x00000000c0000000,0x00000000c13f3088,0x00000000c4300000)
 Metaspace       used 40145K, committed 41216K, reserved 1114112K
  class space    used 4154K, committed 4608K, reserved 1048576K
}
Event: 42.342 GC heap after
{Heap after GC invocations=17 (full 2):
 PSYoungGen      total 23552K, used 1408K [0x00000000eab00000, 0x00000000ec580000, 0x0000000100000000)
  eden space 22016K, 0% used [0x00000000eab00000,0x00000000eab00000,0x00000000ec080000)
  from space 1536K, 91% used [0x00000000ec080000,0x00000000ec1e0000,0x00000000ec200000)
  to   space 2048K, 0% used [0x00000000ec380000,0x00000000ec380000,0x00000000ec580000)
 ParOldGen       total 68608K, used 20889K [0x00000000c0000000, 0x00000000c4300000, 0x00000000eab00000)
  object space 68608K, 30% used [0x00000000c0000000,0x00000000c14665b8,0x00000000c4300000)
 Metaspace       used 40145K, committed 41216K, reserved 1114112K
  class space    used 4154K, committed 4608K, reserved 1048576K
}
Event: 43.208 GC heap before
{Heap before GC invocations=18 (full 2):
 PSYoungGen      total 23552K, used 23424K [0x00000000eab00000, 0x00000000ec580000, 0x0000000100000000)
  eden space 22016K, 100% used [0x00000000eab00000,0x00000000ec080000,0x00000000ec080000)
  from space 1536K, 91% used [0x00000000ec080000,0x00000000ec1e0000,0x00000000ec200000)
  to   space 2048K, 0% used [0x00000000ec380000,0x00000000ec380000,0x00000000ec580000)
 ParOldGen       total 68608K, used 20889K [0x00000000c0000000, 0x00000000c4300000, 0x00000000eab00000)
  object space 68608K, 30% used [0x00000000c0000000,0x00000000c14665b8,0x00000000c4300000)
 Metaspace       used 43052K, committed 44224K, reserved 1114112K
  class space    used 4559K, committed 5056K, reserved 1048576K
}
Event: 43.214 GC heap after
{Heap after GC invocations=18 (full 2):
 PSYoungGen      total 23040K, used 996K [0x00000000eab00000, 0x00000000ec480000, 0x0000000100000000)
  eden space 22016K, 0% used [0x00000000eab00000,0x00000000eab00000,0x00000000ec080000)
  from space 1024K, 97% used [0x00000000ec380000,0x00000000ec4792f0,0x00000000ec480000)
  to   space 1536K, 0% used [0x00000000ec180000,0x00000000ec180000,0x00000000ec300000)
 ParOldGen       total 68608K, used 22169K [0x00000000c0000000, 0x00000000c4300000, 0x00000000eab00000)
  object space 68608K, 32% used [0x00000000c0000000,0x00000000c15a65c8,0x00000000c4300000)
 Metaspace       used 43052K, committed 44224K, reserved 1114112K
  class space    used 4559K, committed 5056K, reserved 1048576K
}
Event: 43.619 GC heap before
{Heap before GC invocations=19 (full 2):
 PSYoungGen      total 23040K, used 23012K [0x00000000eab00000, 0x00000000ec480000, 0x0000000100000000)
  eden space 22016K, 100% used [0x00000000eab00000,0x00000000ec080000,0x00000000ec080000)
  from space 1024K, 97% used [0x00000000ec380000,0x00000000ec4792f0,0x00000000ec480000)
  to   space 1536K, 0% used [0x00000000ec180000,0x00000000ec180000,0x00000000ec300000)
 ParOldGen       total 68608K, used 22169K [0x00000000c0000000, 0x00000000c4300000, 0x00000000eab00000)
  object space 68608K, 32% used [0x00000000c0000000,0x00000000c15a65c8,0x00000000c4300000)
 Metaspace       used 45305K, committed 46336K, reserved 1114112K
  class space    used 4858K, committed 5312K, reserved 1048576K
}
Event: 43.621 GC heap after
{Heap after GC invocations=19 (full 2):
 PSYoungGen      total 23552K, used 878K [0x00000000eab00000, 0x00000000ec400000, 0x0000000100000000)
  eden space 22016K, 0% used [0x00000000eab00000,0x00000000eab00000,0x00000000ec080000)
  from space 1536K, 57% used [0x00000000ec180000,0x00000000ec25ba40,0x00000000ec300000)
  to   space 1024K, 0% used [0x00000000ec300000,0x00000000ec300000,0x00000000ec400000)
 ParOldGen       total 68608K, used 22889K [0x00000000c0000000, 0x00000000c4300000, 0x00000000eab00000)
  object space 68608K, 33% used [0x00000000c0000000,0x00000000c165a5d8,0x00000000c4300000)
 Metaspace       used 45305K, committed 46336K, reserved 1114112K
  class space    used 4858K, committed 5312K, reserved 1048576K
}
Event: 44.686 GC heap before
{Heap before GC invocations=20 (full 2):
 PSYoungGen      total 23552K, used 22894K [0x00000000eab00000, 0x00000000ec400000, 0x0000000100000000)
  eden space 22016K, 100% used [0x00000000eab00000,0x00000000ec080000,0x00000000ec080000)
  from space 1536K, 57% used [0x00000000ec180000,0x00000000ec25ba40,0x00000000ec300000)
  to   space 1024K, 0% used [0x00000000ec300000,0x00000000ec300000,0x00000000ec400000)
 ParOldGen       total 68608K, used 22889K [0x00000000c0000000, 0x00000000c4300000, 0x00000000eab00000)
  object space 68608K, 33% used [0x00000000c0000000,0x00000000c165a5d8,0x00000000c4300000)
 Metaspace       used 47717K, committed 48768K, reserved 1114112K
  class space    used 5149K, committed 5568K, reserved 1048576K
}
Event: 44.689 GC heap after
{Heap after GC invocations=20 (full 2):
 PSYoungGen      total 23040K, used 1024K [0x00000000eab00000, 0x00000000ec480000, 0x0000000100000000)
  eden space 22016K, 0% used [0x00000000eab00000,0x00000000eab00000,0x00000000ec080000)
  from space 1024K, 100% used [0x00000000ec300000,0x00000000ec400000,0x00000000ec400000)
  to   space 2048K, 0% used [0x00000000ec080000,0x00000000ec080000,0x00000000ec280000)
 ParOldGen       total 68608K, used 23715K [0x00000000c0000000, 0x00000000c4300000, 0x00000000eab00000)
  object space 68608K, 34% used [0x00000000c0000000,0x00000000c1728e30,0x00000000c4300000)
 Metaspace       used 47717K, committed 48768K, reserved 1114112K
  class space    used 5149K, committed 5568K, reserved 1048576K
}
Event: 45.984 GC heap before
{Heap before GC invocations=21 (full 2):
 PSYoungGen      total 23040K, used 23040K [0x00000000eab00000, 0x00000000ec480000, 0x0000000100000000)
  eden space 22016K, 100% used [0x00000000eab00000,0x00000000ec080000,0x00000000ec080000)
  from space 1024K, 100% used [0x00000000ec300000,0x00000000ec400000,0x00000000ec400000)
  to   space 2048K, 0% used [0x00000000ec080000,0x00000000ec080000,0x00000000ec280000)
 ParOldGen       total 68608K, used 23715K [0x00000000c0000000, 0x00000000c4300000, 0x00000000eab00000)
  object space 68608K, 34% used [0x00000000c0000000,0x00000000c1728e30,0x00000000c4300000)
 Metaspace       used 50068K, committed 51136K, reserved 1114112K
  class space    used 5461K, committed 5952K, reserved 1048576K
}
Event: 45.989 GC heap after
{Heap after GC invocations=21 (full 2):
 PSYoungGen      total 24064K, used 2026K [0x00000000eab00000, 0x00000000ec880000, 0x0000000100000000)
  eden space 22016K, 0% used [0x00000000eab00000,0x00000000eab00000,0x00000000ec080000)
  from space 2048K, 98% used [0x00000000ec080000,0x00000000ec27aa18,0x00000000ec280000)
  to   space 4096K, 0% used [0x00000000ec480000,0x00000000ec480000,0x00000000ec880000)
 ParOldGen       total 68608K, used 25054K [0x00000000c0000000, 0x00000000c4300000, 0x00000000eab00000)
  object space 68608K, 36% used [0x00000000c0000000,0x00000000c1877b48,0x00000000c4300000)
 Metaspace       used 50068K, committed 51136K, reserved 1114112K
  class space    used 5461K, committed 5952K, reserved 1048576K
}

Dll operation events (12 events):
Event: 0.011 Loaded shared library c:\Users\Pushp battu\.vscode\extensions\redhat.java-1.41.1-win32-x64\jre\21.0.6-win32-x86_64\bin\java.dll
Event: 0.407 Loaded shared library c:\Users\Pushp battu\.vscode\extensions\redhat.java-1.41.1-win32-x64\jre\21.0.6-win32-x86_64\bin\zip.dll
Event: 0.554 Loaded shared library C:\Users\Pushp battu\.vscode\extensions\redhat.java-1.41.1-win32-x64\jre\21.0.6-win32-x86_64\bin\instrument.dll
Event: 0.562 Loaded shared library C:\Users\Pushp battu\.vscode\extensions\redhat.java-1.41.1-win32-x64\jre\21.0.6-win32-x86_64\bin\net.dll
Event: 0.565 Loaded shared library C:\Users\Pushp battu\.vscode\extensions\redhat.java-1.41.1-win32-x64\jre\21.0.6-win32-x86_64\bin\nio.dll
Event: 0.719 Loaded shared library C:\Users\Pushp battu\.vscode\extensions\redhat.java-1.41.1-win32-x64\jre\21.0.6-win32-x86_64\bin\zip.dll
Event: 0.754 Loaded shared library C:\Users\Pushp battu\.vscode\extensions\redhat.java-1.41.1-win32-x64\jre\21.0.6-win32-x86_64\bin\jimage.dll
Event: 1.248 Loaded shared library c:\Users\Pushp battu\.vscode\extensions\redhat.java-1.41.1-win32-x64\jre\21.0.6-win32-x86_64\bin\verify.dll
Event: 10.537 Loaded shared library C:\Users\Pushp battu\AppData\Roaming\Code\User\globalStorage\redhat.java\1.41.1\config_win\org.eclipse.equinox.launcher\org.eclipse.equinox.launcher.win32.win32.x86_64_1.2.1300.v20250331-1702\eclipse_11911.dll
Event: 34.710 Loaded shared library C:\Users\Pushp battu\AppData\Local\Temp\jna-1546158380\jna15175629028781913004.dll
Event: 42.444 Loaded shared library C:\Users\Pushp battu\.vscode\extensions\redhat.java-1.41.1-win32-x64\jre\21.0.6-win32-x86_64\bin\sunmscapi.dll
Event: 43.190 Loaded shared library C:\Users\Pushp battu\.vscode\extensions\redhat.java-1.41.1-win32-x64\jre\21.0.6-win32-x86_64\bin\extnet.dll

Deoptimization events (20 events):
Event: 47.434 Thread 0x000001798cc23db0 Uncommon trap: trap_request=0xffffff45 fr.pc=0x0000017941696570 relative=0x0000000000000330
Event: 47.434 Thread 0x000001798cc23db0 Uncommon trap: reason=unstable_if action=reinterpret pc=0x0000017941696570 method=java.util.regex.Pattern.newSlice([IIZ)Ljava/util/regex/Pattern$Node; @ 10 c2
Event: 47.434 Thread 0x000001798cc23db0 DEOPT PACKING pc=0x0000017941696570 sp=0x0000003713ffe510
Event: 47.434 Thread 0x000001798cc23db0 DEOPT UNPACKING pc=0x0000017940eb3aa2 sp=0x0000003713ffe4b0 mode 2
Event: 47.515 Thread 0x000001798cc23db0 DEOPT PACKING pc=0x0000017939c59ac6 sp=0x0000003713ffe5e0
Event: 47.515 Thread 0x000001798cc23db0 DEOPT UNPACKING pc=0x0000017940eb4242 sp=0x0000003713ffdb60 mode 0
Event: 47.591 Thread 0x000001798cc23db0 DEOPT PACKING pc=0x000001793a616381 sp=0x0000003713ffe7d0
Event: 47.591 Thread 0x000001798cc23db0 DEOPT UNPACKING pc=0x0000017940eb4242 sp=0x0000003713ffdcf0 mode 0
Event: 47.612 Thread 0x000001798cc23db0 DEOPT PACKING pc=0x000001793a1caa65 sp=0x0000003713ffe8e0
Event: 47.612 Thread 0x000001798cc23db0 DEOPT UNPACKING pc=0x0000017940eb4242 sp=0x0000003713ffdd90 mode 0
Event: 47.628 Thread 0x000001798cc23db0 DEOPT PACKING pc=0x000001793a1caa65 sp=0x0000003713ffe8e0
Event: 47.628 Thread 0x000001798cc23db0 DEOPT UNPACKING pc=0x0000017940eb4242 sp=0x0000003713ffdd90 mode 0
Event: 47.650 Thread 0x000001798cc23db0 DEOPT PACKING pc=0x000001793a1caa65 sp=0x0000003713ffe8e0
Event: 47.650 Thread 0x000001798cc23db0 DEOPT UNPACKING pc=0x0000017940eb4242 sp=0x0000003713ffdd90 mode 0
Event: 47.767 Thread 0x000001798cc23db0 DEOPT PACKING pc=0x000001793a616381 sp=0x0000003713ffe7d0
Event: 47.767 Thread 0x000001798cc23db0 DEOPT UNPACKING pc=0x0000017940eb4242 sp=0x0000003713ffdcf0 mode 0
Event: 47.846 Thread 0x000001798cc23db0 DEOPT PACKING pc=0x0000017939c59ac6 sp=0x0000003713ffe610
Event: 47.846 Thread 0x000001798cc23db0 DEOPT UNPACKING pc=0x0000017940eb4242 sp=0x0000003713ffdb90 mode 0
Event: 48.071 Thread 0x000001798cc23db0 DEOPT PACKING pc=0x000001793a616381 sp=0x0000003713ffe7d0
Event: 48.071 Thread 0x000001798cc23db0 DEOPT UNPACKING pc=0x0000017940eb4242 sp=0x0000003713ffdcf0 mode 0

Classes loaded (20 events):
Event: 47.428 Loading class java/util/concurrent/CompletionException
Event: 47.428 Loading class java/util/concurrent/CompletionException done
Event: 47.430 Loading class java/nio/file/FileVisitOption
Event: 47.430 Loading class java/nio/file/FileVisitOption done
Event: 47.431 Loading class java/nio/file/SimpleFileVisitor
Event: 47.431 Loading class java/nio/file/SimpleFileVisitor done
Event: 47.431 Loading class java/nio/file/FileTreeWalker
Event: 47.432 Loading class java/nio/file/FileTreeWalker done
Event: 47.432 Loading class java/nio/file/FileTreeWalker$1
Event: 47.432 Loading class java/nio/file/FileTreeWalker$1 done
Event: 47.433 Loading class java/nio/file/FileTreeWalker$DirectoryNode
Event: 47.433 Loading class java/nio/file/FileTreeWalker$DirectoryNode done
Event: 47.433 Loading class java/nio/file/FileTreeWalker$Event
Event: 47.433 Loading class java/nio/file/FileTreeWalker$Event done
Event: 47.433 Loading class java/nio/file/FileTreeWalker$EventType
Event: 47.433 Loading class java/nio/file/FileTreeWalker$EventType done
Event: 47.433 Loading class java/nio/file/Files$3
Event: 47.433 Loading class java/nio/file/Files$3 done
Event: 47.435 Loading class java/nio/file/FileVisitResult
Event: 47.435 Loading class java/nio/file/FileVisitResult done

Classes unloaded (9 events):
Event: 37.457 Thread 0x000001794aa3bcd0 Unloading class 0x000001794c1a0c00 'java/lang/invoke/LambdaForm$MH+0x000001794c1a0c00'
Event: 37.457 Thread 0x000001794aa3bcd0 Unloading class 0x000001794c1a0800 'java/lang/invoke/LambdaForm$MH+0x000001794c1a0800'
Event: 37.457 Thread 0x000001794aa3bcd0 Unloading class 0x000001794c1a0400 'java/lang/invoke/LambdaForm$MH+0x000001794c1a0400'
Event: 37.457 Thread 0x000001794aa3bcd0 Unloading class 0x000001794c1a0000 'java/lang/invoke/LambdaForm$MH+0x000001794c1a0000'
Event: 37.457 Thread 0x000001794aa3bcd0 Unloading class 0x000001794c19fc00 'java/lang/invoke/LambdaForm$BMH+0x000001794c19fc00'
Event: 37.457 Thread 0x000001794aa3bcd0 Unloading class 0x000001794c19f800 'java/lang/invoke/LambdaForm$DMH+0x000001794c19f800'
Event: 37.457 Thread 0x000001794aa3bcd0 Unloading class 0x000001794c19e400 'java/lang/invoke/LambdaForm$DMH+0x000001794c19e400'
Event: 41.384 Thread 0x000001794aa3bcd0 Unloading class 0x000001794c2b1800 'java/lang/invoke/LambdaForm$MH+0x000001794c2b1800'
Event: 41.384 Thread 0x000001794aa3bcd0 Unloading class 0x000001794c2b0c00 'java/lang/invoke/LambdaForm$MH+0x000001794c2b0c00'

Classes redefined (0 events):
No events

Internal exceptions (20 events):
Event: 48.098 Thread 0x000001798cc23db0 Exception <a 'sun/nio/fs/WindowsException'{0x00000000ebe7af48}> (0x00000000ebe7af48) 
thrown [s\src\hotspot\share\prims\jni.cpp, line 520]
Event: 48.098 Thread 0x000001798cc23db0 Exception <a 'sun/nio/fs/WindowsException'{0x00000000ebe7b5a8}> (0x00000000ebe7b5a8) 
thrown [s\src\hotspot\share\prims\jni.cpp, line 520]
Event: 48.098 Thread 0x000001798cc23db0 Exception <a 'sun/nio/fs/WindowsException'{0x00000000ebe7bc08}> (0x00000000ebe7bc08) 
thrown [s\src\hotspot\share\prims\jni.cpp, line 520]
Event: 48.099 Thread 0x000001798cc23db0 Exception <a 'sun/nio/fs/WindowsException'{0x00000000ebe7c288}> (0x00000000ebe7c288) 
thrown [s\src\hotspot\share\prims\jni.cpp, line 520]
Event: 48.100 Thread 0x000001798cc23db0 Exception <a 'sun/nio/fs/WindowsException'{0x00000000ebe80fd8}> (0x00000000ebe80fd8) 
thrown [s\src\hotspot\share\prims\jni.cpp, line 520]
Event: 48.100 Thread 0x000001798cc23db0 Exception <a 'sun/nio/fs/WindowsException'{0x00000000ebe81638}> (0x00000000ebe81638) 
thrown [s\src\hotspot\share\prims\jni.cpp, line 520]
Event: 48.100 Thread 0x000001798cc23db0 Exception <a 'sun/nio/fs/WindowsException'{0x00000000ebe81c98}> (0x00000000ebe81c98) 
thrown [s\src\hotspot\share\prims\jni.cpp, line 520]
Event: 48.100 Thread 0x000001798cc23db0 Exception <a 'sun/nio/fs/WindowsException'{0x00000000ebe82318}> (0x00000000ebe82318) 
thrown [s\src\hotspot\share\prims\jni.cpp, line 520]
Event: 48.101 Thread 0x000001798cc23db0 Exception <a 'sun/nio/fs/WindowsException'{0x00000000ebe86190}> (0x00000000ebe86190) 
thrown [s\src\hotspot\share\prims\jni.cpp, line 520]
Event: 48.102 Thread 0x000001798cc23db0 Exception <a 'sun/nio/fs/WindowsException'{0x00000000ebe867f0}> (0x00000000ebe867f0) 
thrown [s\src\hotspot\share\prims\jni.cpp, line 520]
Event: 48.102 Thread 0x000001798cc23db0 Exception <a 'sun/nio/fs/WindowsException'{0x00000000ebe870b8}> (0x00000000ebe870b8) 
thrown [s\src\hotspot\share\prims\jni.cpp, line 520]
Event: 48.102 Thread 0x000001798cc23db0 Exception <a 'sun/nio/fs/WindowsException'{0x00000000ebe87738}> (0x00000000ebe87738) 
thrown [s\src\hotspot\share\prims\jni.cpp, line 520]
Event: 48.103 Thread 0x000001798cc23db0 Exception <a 'sun/nio/fs/WindowsException'{0x00000000ebe8c488}> (0x00000000ebe8c488) 
thrown [s\src\hotspot\share\prims\jni.cpp, line 520]
Event: 48.103 Thread 0x000001798cc23db0 Exception <a 'sun/nio/fs/WindowsException'{0x00000000ebe8cae8}> (0x00000000ebe8cae8) 
thrown [s\src\hotspot\share\prims\jni.cpp, line 520]
Event: 48.103 Thread 0x000001798cc23db0 Exception <a 'sun/nio/fs/WindowsException'{0x00000000ebe8d148}> (0x00000000ebe8d148) 
thrown [s\src\hotspot\share\prims\jni.cpp, line 520]
Event: 48.104 Thread 0x000001798cc23db0 Exception <a 'sun/nio/fs/WindowsException'{0x00000000ebe8d7c8}> (0x00000000ebe8d7c8) 
thrown [s\src\hotspot\share\prims\jni.cpp, line 520]
Event: 48.145 Thread 0x000001798cc23db0 Exception <a 'sun/nio/fs/WindowsException'{0x00000000ebe91050}> (0x00000000ebe91050) 
thrown [s\src\hotspot\share\prims\jni.cpp, line 520]
Event: 48.145 Thread 0x000001798cc23db0 Exception <a 'sun/nio/fs/WindowsException'{0x00000000ebe916b0}> (0x00000000ebe916b0) 
thrown [s\src\hotspot\share\prims\jni.cpp, line 520]
Event: 48.146 Thread 0x000001798cc23db0 Exception <a 'sun/nio/fs/WindowsException'{0x00000000ebe91d10}> (0x00000000ebe91d10) 
thrown [s\src\hotspot\share\prims\jni.cpp, line 520]
Event: 48.146 Thread 0x000001798cc23db0 Exception <a 'sun/nio/fs/WindowsException'{0x00000000ebe92390}> (0x00000000ebe92390) 
thrown [s\src\hotspot\share\prims\jni.cpp, line 520]

ZGC Phase Switch (0 events):
No events

VM Operations (20 events):
Event: 44.671 Executing VM operation: Cleanup
Event: 44.671 Executing VM operation: Cleanup done
Event: 44.686 Executing VM operation: ParallelGCFailedAllocation (Allocation Failure)
Event: 44.689 Executing VM operation: ParallelGCFailedAllocation (Allocation Failure) done
Event: 44.758 Executing VM operation: HandshakeAllThreads (Deoptimize)
Event: 44.971 Executing VM operation: HandshakeAllThreads (Deoptimize) done
Event: 45.139 Executing VM operation: HandshakeAllThreads (Deoptimize)
Event: 45.139 Executing VM operation: HandshakeAllThreads (Deoptimize) done
Event: 45.789 Executing VM operation: ICBufferFull
Event: 45.789 Executing VM operation: ICBufferFull done
Event: 45.798 Executing VM operation: HandshakeAllThreads (Deoptimize)
Event: 45.798 Executing VM operation: HandshakeAllThreads (Deoptimize) done
Event: 45.984 Executing VM operation: ParallelGCFailedAllocation (Allocation Failure)
Event: 45.989 Executing VM operation: ParallelGCFailedAllocation (Allocation Failure) done
Event: 46.370 Executing VM operation: HandshakeAllThreads (Deoptimize)
Event: 46.370 Executing VM operation: HandshakeAllThreads (Deoptimize) done
Event: 46.784 Executing VM operation: HandshakeAllThreads (Deoptimize)
Event: 46.785 Executing VM operation: HandshakeAllThreads (Deoptimize) done
Event: 47.785 Executing VM operation: Cleanup
Event: 47.785 Executing VM operation: Cleanup done

Memory protections (0 events):
No events

Nmethod flushes (20 events):
Event: 41.398 Thread 0x000001794aa3bcd0 flushing  nmethod 0x000001793a02b590
Event: 41.398 Thread 0x000001794aa3bcd0 flushing  nmethod 0x000001793a02fb10
Event: 41.398 Thread 0x000001794aa3bcd0 flushing  nmethod 0x000001793a030310
Event: 41.398 Thread 0x000001794aa3bcd0 flushing  nmethod 0x000001793a030c10
Event: 41.398 Thread 0x000001794aa3bcd0 flushing  nmethod 0x000001793a031e10
Event: 41.398 Thread 0x000001794aa3bcd0 flushing  nmethod 0x000001793a032b10
Event: 41.398 Thread 0x000001794aa3bcd0 flushing  nmethod 0x000001793a033290
Event: 41.398 Thread 0x000001794aa3bcd0 flushing  nmethod 0x000001793a034810
Event: 41.398 Thread 0x000001794aa3bcd0 flushing  nmethod 0x000001793a035510
Event: 41.398 Thread 0x000001794aa3bcd0 flushing  nmethod 0x000001793a036a10
Event: 41.398 Thread 0x000001794aa3bcd0 flushing  nmethod 0x000001793a036e90
Event: 41.398 Thread 0x000001794aa3bcd0 flushing  nmethod 0x000001793a038290
Event: 41.398 Thread 0x000001794aa3bcd0 flushing  nmethod 0x000001793a039b90
Event: 41.398 Thread 0x000001794aa3bcd0 flushing  nmethod 0x000001793a081f10
Event: 41.398 Thread 0x000001794aa3bcd0 flushing  nmethod 0x000001793a086c90
Event: 41.398 Thread 0x000001794aa3bcd0 flushing  nmethod 0x000001793a08e910
Event: 41.398 Thread 0x000001794aa3bcd0 flushing  nmethod 0x000001793a0d2910
Event: 41.398 Thread 0x000001794aa3bcd0 flushing osr nmethod 0x000001793a105610
Event: 41.398 Thread 0x000001794aa3bcd0 flushing  nmethod 0x000001793a108310
Event: 41.398 Thread 0x000001794aa3bcd0 flushing  nmethod 0x000001793a147b90

Events (20 events):
Event: 39.377 Thread 0x000001794aad4c30 Thread added: 0x0000017992223210
Event: 39.884 Thread 0x00000179912ae4f0 Thread added: 0x000001798cc24ad0
Event: 41.222 Thread 0x000001798cc23db0 Thread added: 0x000001798cc21650
Event: 41.463 Thread 0x000001798cc21650 Thread added: 0x000001798cc21ce0
Event: 41.520 Thread 0x000001793672c8c0 Thread added: 0x000001799409bec0
Event: 41.521 Thread 0x000001793672c8c0 Thread added: 0x00000179940a27c0
Event: 41.521 Thread 0x000001793672c8c0 Thread added: 0x000001799409e620
Event: 41.521 Thread 0x000001793672c8c0 Thread added: 0x000001799409df90
Event: 41.521 Thread 0x000001793672c8c0 Thread added: 0x000001799409f9d0
Event: 41.574 Thread 0x000001793672c8c0 Thread added: 0x00000179940a1410
Event: 42.017 Thread 0x000001798cc21650 Thread added: 0x00000179940a2130
Event: 42.048 Thread 0x000001798cc21650 Thread added: 0x000001799409cbe0
Event: 42.549 Thread 0x00000179914da690 Thread exited: 0x00000179914da690
Event: 42.732 Thread 0x000001793672c8c0 Thread added: 0x00000179940a0060
Event: 42.732 Thread 0x000001793672c8c0 Thread added: 0x000001799409b830
Event: 42.815 Thread 0x000001798cc21650 Thread added: 0x000001799409d270
Event: 44.721 Thread 0x000001798cc23db0 Thread added: 0x00000179940a2e50
Event: 44.928 Thread 0x00000179940a2e50 Thread exited: 0x00000179940a2e50
Event: 45.138 Thread 0x000001798cc23db0 Thread added: 0x00000179940a2e50
Event: 47.072 Thread 0x0000017992223210 Thread exited: 0x0000017992223210


Dynamic libraries:
0x00007ff6dbaf0000 - 0x00007ff6dbafe000 	c:\Users\Pushp battu\.vscode\extensions\redhat.java-1.41.1-win32-x64\jre\21.0.6-win32-x86_64\bin\java.exe
0x00007ffba8bb0000 - 0x00007ffba8da8000 	C:\Windows\SYSTEM32\ntdll.dll
0x00007ffba8000000 - 0x00007ffba80c2000 	C:\Windows\System32\KERNEL32.DLL
0x00007ffba6400000 - 0x00007ffba66ff000 	C:\Windows\System32\KERNELBASE.dll
0x00007ffba6770000 - 0x00007ffba6870000 	C:\Windows\System32\ucrtbase.dll
0x00007ffb92ea0000 - 0x00007ffb92eb8000 	c:\Users\Pushp battu\.vscode\extensions\redhat.java-1.41.1-win32-x64\jre\21.0.6-win32-x86_64\bin\jli.dll
0x00007ffba80d0000 - 0x00007ffba826d000 	C:\Windows\System32\USER32.dll
0x00007ffba6250000 - 0x00007ffba6272000 	C:\Windows\System32\win32u.dll
0x00007ffba71f0000 - 0x00007ffba721b000 	C:\Windows\System32\GDI32.dll
0x00007ffba6a00000 - 0x00007ffba6b1a000 	C:\Windows\System32\gdi32full.dll
0x00007ffba6310000 - 0x00007ffba63ad000 	C:\Windows\System32\msvcp_win.dll
0x00007ffb88c00000 - 0x00007ffb88c1e000 	c:\Users\Pushp battu\.vscode\extensions\redhat.java-1.41.1-win32-x64\jre\21.0.6-win32-x86_64\bin\VCRUNTIME140.dll
0x00007ffb91d70000 - 0x00007ffb9200a000 	C:\Windows\WinSxS\amd64_microsoft.windows.common-controls_6595b64144ccf1df_6.0.19041.4355_none_60b8b9eb71f62e16\COMCTL32.dll
0x00007ffba7ca0000 - 0x00007ffba7d3e000 	C:\Windows\System32\msvcrt.dll
0x00007ffba8b40000 - 0x00007ffba8b6f000 	C:\Windows\System32\IMM32.DLL
0x00007ffb96b00000 - 0x00007ffb96b0c000 	c:\Users\Pushp battu\.vscode\extensions\redhat.java-1.41.1-win32-x64\jre\21.0.6-win32-x86_64\bin\vcruntime140_1.dll
0x00007ffb6db90000 - 0x00007ffb6dc1d000 	c:\Users\Pushp battu\.vscode\extensions\redhat.java-1.41.1-win32-x64\jre\21.0.6-win32-x86_64\bin\msvcp140.dll
0x00007ffb55870000 - 0x00007ffb56600000 	c:\Users\Pushp battu\.vscode\extensions\redhat.java-1.41.1-win32-x64\jre\21.0.6-win32-x86_64\bin\server\jvm.dll
0x00007ffba7130000 - 0x00007ffba71df000 	C:\Windows\System32\ADVAPI32.dll
0x00007ffba7f50000 - 0x00007ffba7fef000 	C:\Windows\System32\sechost.dll
0x00007ffba7da0000 - 0x00007ffba7ec3000 	C:\Windows\System32\RPCRT4.dll
0x00007ffba6870000 - 0x00007ffba6897000 	C:\Windows\System32\bcrypt.dll
0x00007ffba7220000 - 0x00007ffba728b000 	C:\Windows\System32\WS2_32.dll
0x00007ffba60b0000 - 0x00007ffba60fb000 	C:\Windows\SYSTEM32\POWRPROF.dll
0x00007ffb90e00000 - 0x00007ffb90e27000 	C:\Windows\SYSTEM32\WINMM.dll
0x00007ffb9e0a0000 - 0x00007ffb9e0aa000 	C:\Windows\SYSTEM32\VERSION.dll
0x00007ffba6090000 - 0x00007ffba60a2000 	C:\Windows\SYSTEM32\UMPDC.dll
0x00007ffba4a70000 - 0x00007ffba4a82000 	C:\Windows\SYSTEM32\kernel.appcore.dll
0x00007ffb96b20000 - 0x00007ffb96b2a000 	c:\Users\Pushp battu\.vscode\extensions\redhat.java-1.41.1-win32-x64\jre\21.0.6-win32-x86_64\bin\jimage.dll
0x00007ffba4780000 - 0x00007ffba4964000 	C:\Windows\SYSTEM32\DBGHELP.DLL
0x00007ffb9c360000 - 0x00007ffb9c394000 	C:\Windows\SYSTEM32\dbgcore.DLL
0x00007ffba6280000 - 0x00007ffba6302000 	C:\Windows\System32\bcryptPrimitives.dll
0x00007ffb96b10000 - 0x00007ffb96b1f000 	c:\Users\Pushp battu\.vscode\extensions\redhat.java-1.41.1-win32-x64\jre\21.0.6-win32-x86_64\bin\instrument.dll
0x00007ffb8d040000 - 0x00007ffb8d05f000 	c:\Users\Pushp battu\.vscode\extensions\redhat.java-1.41.1-win32-x64\jre\21.0.6-win32-x86_64\bin\java.dll
0x00007ffba7460000 - 0x00007ffba7bcd000 	C:\Windows\System32\SHELL32.dll
0x00007ffba3f00000 - 0x00007ffba46a4000 	C:\Windows\SYSTEM32\windows.storage.dll
0x00007ffba8440000 - 0x00007ffba8795000 	C:\Windows\System32\combase.dll
0x00007ffba5bb0000 - 0x00007ffba5bdb000 	C:\Windows\SYSTEM32\Wldp.dll
0x00007ffba8850000 - 0x00007ffba891d000 	C:\Windows\System32\OLEAUT32.dll
0x00007ffba87a0000 - 0x00007ffba884d000 	C:\Windows\System32\SHCORE.dll
0x00007ffba7d40000 - 0x00007ffba7d95000 	C:\Windows\System32\shlwapi.dll
0x00007ffba6180000 - 0x00007ffba61a5000 	C:\Windows\SYSTEM32\profapi.dll
0x00007ffb8d020000 - 0x00007ffb8d038000 	c:\Users\Pushp battu\.vscode\extensions\redhat.java-1.41.1-win32-x64\jre\21.0.6-win32-x86_64\bin\zip.dll
0x00007ffb96ad0000 - 0x00007ffb96ae0000 	C:\Users\Pushp battu\.vscode\extensions\redhat.java-1.41.1-win32-x64\jre\21.0.6-win32-x86_64\bin\net.dll
0x00007ffb96b50000 - 0x00007ffb96c5a000 	C:\Windows\SYSTEM32\WINHTTP.dll
0x00007ffba5910000 - 0x00007ffba597c000 	C:\Windows\system32\mswsock.dll
0x00007ffb88c30000 - 0x00007ffb88c46000 	C:\Users\Pushp battu\.vscode\extensions\redhat.java-1.41.1-win32-x64\jre\21.0.6-win32-x86_64\bin\nio.dll
0x00007ffb964d0000 - 0x00007ffb964e0000 	c:\Users\Pushp battu\.vscode\extensions\redhat.java-1.41.1-win32-x64\jre\21.0.6-win32-x86_64\bin\verify.dll
0x00007ffb6cad0000 - 0x00007ffb6cb15000 	C:\Users\Pushp battu\AppData\Roaming\Code\User\globalStorage\redhat.java\1.41.1\config_win\org.eclipse.equinox.launcher\org.eclipse.equinox.launcher.win32.win32.x86_64_1.2.1300.v20250331-1702\eclipse_11911.dll
0x00007ffba8920000 - 0x00007ffba8a4b000 	C:\Windows\System32\ole32.dll
0x00007ffba5b10000 - 0x00007ffba5b28000 	C:\Windows\SYSTEM32\CRYPTSP.dll
0x00007ffba5230000 - 0x00007ffba5268000 	C:\Windows\system32\rsaenh.dll
0x00007ffba6140000 - 0x00007ffba616e000 	C:\Windows\SYSTEM32\USERENV.dll
0x00007ffba5b00000 - 0x00007ffba5b0c000 	C:\Windows\SYSTEM32\CRYPTBASE.dll
0x00007ffba55f0000 - 0x00007ffba562b000 	C:\Windows\SYSTEM32\IPHLPAPI.DLL
0x00007ffba7c90000 - 0x00007ffba7c98000 	C:\Windows\System32\NSI.dll
0x00007ffb6ca80000 - 0x00007ffb6cac9000 	C:\Users\Pushp battu\AppData\Local\Temp\jna-1546158380\jna15175629028781913004.dll
0x00007ffba71e0000 - 0x00007ffba71e8000 	C:\Windows\System32\PSAPI.DLL
0x00007ffb967b0000 - 0x00007ffb967c7000 	C:\Windows\SYSTEM32\dhcpcsvc6.DLL
0x00007ffb97080000 - 0x00007ffb9709d000 	C:\Windows\SYSTEM32\dhcpcsvc.DLL
0x00007ffb8cad0000 - 0x00007ffb8cade000 	C:\Users\Pushp battu\.vscode\extensions\redhat.java-1.41.1-win32-x64\jre\21.0.6-win32-x86_64\bin\sunmscapi.dll
0x00007ffba68a0000 - 0x00007ffba69fc000 	C:\Windows\System32\CRYPT32.dll
0x00007ffba5c20000 - 0x00007ffba5c47000 	C:\Windows\SYSTEM32\ncrypt.dll
0x00007ffba5be0000 - 0x00007ffba5c1b000 	C:\Windows\SYSTEM32\NTASN1.dll
0x00007ffba5630000 - 0x00007ffba56fa000 	C:\Windows\SYSTEM32\DNSAPI.dll
0x00007ffb9e090000 - 0x00007ffb9e09a000 	C:\Windows\System32\rasadhlp.dll
0x00007ffb92bd0000 - 0x00007ffb92c50000 	C:\Windows\System32\fwpuclnt.dll
0x00007ffb8a540000 - 0x00007ffb8a549000 	C:\Users\Pushp battu\.vscode\extensions\redhat.java-1.41.1-win32-x64\jre\21.0.6-win32-x86_64\bin\extnet.dll

dbghelp: loaded successfully - version: 4.0.5 - missing functions: none
symbol engine: initialized successfully - sym options: 0x614 - pdb path: .;c:\Users\Pushp battu\.vscode\extensions\redhat.java-1.41.1-win32-x64\jre\21.0.6-win32-x86_64\bin;C:\Windows\SYSTEM32;C:\Windows\WinSxS\amd64_microsoft.windows.common-controls_6595b64144ccf1df_6.0.19041.4355_none_60b8b9eb71f62e16;c:\Users\Pushp battu\.vscode\extensions\redhat.java-1.41.1-win32-x64\jre\21.0.6-win32-x86_64\bin\server;C:\Users\Pushp battu\AppData\Roaming\Code\User\globalStorage\redhat.java\1.41.1\config_win\org.eclipse.equinox.launcher\org.eclipse.equinox.launcher.win32.win32.x86_64_1.2.1300.v20250331-1702;C:\Users\Pushp battu\AppData\Local\Temp\jna-1546158380

VM Arguments:
jvm_args: --add-modules=ALL-SYSTEM --add-opens=java.base/java.util=ALL-UNNAMED --add-opens=java.base/java.lang=ALL-UNNAMED --add-opens=java.base/sun.nio.fs=ALL-UNNAMED -Declipse.application=org.eclipse.jdt.ls.core.id1 -Dosgi.bundles.defaultStartLevel=4 -Declipse.product=org.eclipse.jdt.ls.core.product -Djava.import.generatesMetadataFilesAtProjectRoot=false -DDetectVMInstallationsJob.disabled=true -Dfile.encoding=utf8 -XX:+UseParallelGC -XX:GCTimeRatio=4 -XX:AdaptiveSizePolicyWeight=90 -Dsun.zip.disableMemoryMapping=true -Xmx1G -Xms100m -Xlog:disable -javaagent:c:\Users\Pushp battu\.vscode\extensions\redhat.java-1.41.1-win32-x64\lombok\lombok-1.18.36.jar -XX:+HeapDumpOnOutOfMemoryError -XX:HeapDumpPath=c:\Users\Pushp battu\AppData\Roaming\Code\User\workspaceStorage\0d03829ee9ada431aa46f536e744e264\redhat.java -Daether.dependencyCollector.impl=bf 
java_command: c:\Users\Pushp battu\.vscode\extensions\redhat.java-1.41.1-win32-x64\server\plugins\org.eclipse.equinox.launcher_1.7.0.v20250331-1702.jar -configuration c:\Users\Pushp battu\AppData\Roaming\Code\User\globalStorage\redhat.java\1.41.1\config_win -data c:\Users\Pushp battu\AppData\Roaming\Code\User\workspaceStorage\0d03829ee9ada431aa46f536e744e264\redhat.java\jdt_ws --pipe=\\.\pipe\lsp-cac4bb127cb0fb0562152eeee41f9e73-sock
java_class_path (initial): c:\Users\Pushp battu\.vscode\extensions\redhat.java-1.41.1-win32-x64\server\plugins\org.eclipse.equinox.launcher_1.7.0.v20250331-1702.jar
Launcher Type: SUN_STANDARD

[Global flags]
    uintx AdaptiveSizePolicyWeight                 = 90                                        {product} {command line}
     intx CICompilerCount                          = 3                                         {product} {ergonomic}
    uintx GCTimeRatio                              = 4                                         {product} {command line}
     bool HeapDumpOnOutOfMemoryError               = true                                   {manageable} {command line}
    ccstr HeapDumpPath                             = c:\Users\Pushp battu\AppData\Roaming\Code\User\workspaceStorage\0d03829ee9ada431aa46f536e744e264\redhat.java         {manageable} {command line}
   size_t InitialHeapSize                          = 104857600                                 {product} {command line}
   size_t MaxHeapSize                              = 1073741824                                {product} {command line}
   size_t MaxNewSize                               = 357564416                                 {product} {ergonomic}
   size_t MinHeapDeltaBytes                        = 524288                                    {product} {ergonomic}
   size_t MinHeapSize                              = 104857600                                 {product} {command line}
   size_t NewSize                                  = 34603008                                  {product} {ergonomic}
    uintx NonNMethodCodeHeapSize                   = 5832780                                {pd product} {ergonomic}
    uintx NonProfiledCodeHeapSize                  = 122912730                              {pd product} {ergonomic}
   size_t OldSize                                  = 70254592                                  {product} {ergonomic}
    uintx ProfiledCodeHeapSize                     = 122912730                              {pd product} {ergonomic}
    uintx ReservedCodeCacheSize                    = 251658240                              {pd product} {ergonomic}
     bool SegmentedCodeCache                       = true                                      {product} {ergonomic}
   size_t SoftMaxHeapSize                          = 1073741824                             {manageable} {ergonomic}
     bool UseCompressedOops                        = true                           {product lp64_product} {ergonomic}
     bool UseLargePagesIndividualAllocation        = false                                  {pd product} {ergonomic}
     bool UseParallelGC                            = true                                      {product} {command line}

Logging:
Log output configuration:
 #0: stdout all=off uptime,level,tags foldmultilines=false
 #1: stderr all=off uptime,level,tags foldmultilines=false

Environment Variables:
PATH=C:\Program Files\Common Files\Oracle\Java\javapath;C:\Windows\system32;C:\Windows;C:\Windows\System32\Wbem;C:\Windows\System32\WindowsPowerShell\v1.0\;C:\Windows\System32\OpenSSH\;C:\Program Files\Git\cmd;C:\Program Files\PuTTY\;C:\Program Files\php-8.3;C:\Program Files\nodejs\;C:\Program Files\MySQL\MySQL Shell 8.0\bin\;C:\Users\Pushp battu\AppData\Local\Programs\Python\Python312\Scripts\;C:\Users\Pushp battu\AppData\Local\Programs\Python\Python312\;C:\Users\Pushp battu\AppData\Local\Microsoft\WindowsApps;C:\Users\Pushp battu\AppData\Local\Programs\Microsoft VS Code\bin;C:\Program Files\Java\jdk-17\bin;C:\Program Files (x86)\MongoDB Atlas CLI\;C:\Program Files\MongoDB\Server\6.0\bin;C:\Users\Pushp battu\AppData\Roaming\Composer\vendor\bin;C:\Users\Pushp battu\AppData\Roaming\npm
USERNAME=Pushp battu
OS=Windows_NT
PROCESSOR_IDENTIFIER=Intel64 Family 6 Model 142 Stepping 9, GenuineIntel
TMP=C:\Users\PUSHPB~1\AppData\Local\Temp
TEMP=C:\Users\PUSHPB~1\AppData\Local\Temp




Periodic native trim disabled

---------------  S Y S T E M  ---------------

OS:
 Windows 10 , 64 bit Build 19041 (10.0.19041.5438)
OS uptime: 0 days 19:38 hours

CPU: total 4 (initial active 4) (2 cores per cpu, 2 threads per core) family 6 model 142 stepping 9 microcode 0xf0, cx8, cmov, fxsr, ht, mmx, 3dnowpref, sse, sse2, sse3, ssse3, sse4.1, sse4.2, popcnt, lzcnt, tsc, tscinvbit, avx, avx2, aes, erms, clmul, bmi1, bmi2, adx, fma, vzeroupper, clflush, clflushopt, rdtscp, f16c
Processor Information for the first 4 processors :
  Max Mhz: 2701, Current Mhz: 2701, Mhz Limit: 2701

Memory: 4k page, system-wide physical 7897M (277M free)
TotalPageFile size 17816M (AvailPageFile size 1M)
current process WorkingSet (physical memory assigned to process): 205M, peak: 233M
current process commit charge ("private bytes"): 284M, peak: 307M

vm_info: OpenJDK 64-Bit Server VM (21.0.6+7-LTS) for windows-amd64 JRE (21.0.6+7-LTS), built on 2025-01-21T00:00:00Z by "admin" with MS VC++ 17.7 (VS2022)

END.
