#
# There is insufficient memory for the Java Runtime Environment to continue.
# Native memory allocation (mmap) failed to map 65536 bytes. Error detail: Failed to commit metaspace.
# Possible reasons:
#   The system is out of physical RAM or swap space
#   This process is running with CompressedOops enabled, and the Java Heap may be blocking the growth of the native heap
# Possible solutions:
#   Reduce memory load on the system
#   Increase physical memory or swap space
#   Check if swap backing store is full
#   Decrease Java heap size (-Xmx/-Xms)
#   Decrease number of Java threads
#   Decrease Java thread stack sizes (-Xss)
#   Set larger code cache with -XX:ReservedCodeCacheSize=
#   JVM is running with Unscaled Compressed Oops mode in which the Java heap is
#     placed in the first 4GB address space. The Java Heap base address is the
#     maximum limit for the native heap growth. Please use -XX:HeapBaseMinAddress
#     to set the Java Heap base and to place the Java Heap above 4GB virtual address.
# This output file may be truncated or incomplete.
#
#  Out of Memory Error (virtualSpaceNode.cpp:113), pid=12596, tid=13972
#
# JRE version: OpenJDK Runtime Environment Temurin-21.0.6+7 (21.0.6+7) (build 21.0.6+7-LTS)
# Java VM: OpenJDK 64-Bit Server VM Temurin-21.0.6+7 (21.0.6+7-LTS, mixed mode, sharing, tiered, compressed oops, compressed class ptrs, parallel gc, windows-amd64)
# No core dump will be written. Minidumps are not enabled by default on client versions of Windows
#

---------------  S U M M A R Y ------------

Command Line: --add-modules=ALL-SYSTEM --add-opens=java.base/java.util=ALL-UNNAMED --add-opens=java.base/java.lang=ALL-UNNAMED --add-opens=java.base/sun.nio.fs=ALL-UNNAMED -Declipse.application=org.eclipse.jdt.ls.core.id1 -Dosgi.bundles.defaultStartLevel=4 -Declipse.product=org.eclipse.jdt.ls.core.product -Djava.import.generatesMetadataFilesAtProjectRoot=false -DDetectVMInstallationsJob.disabled=true -Dfile.encoding=utf8 -XX:+UseParallelGC -XX:GCTimeRatio=4 -XX:AdaptiveSizePolicyWeight=90 -Dsun.zip.disableMemoryMapping=true -Xmx1G -Xms100m -Xlog:disable -javaagent:c:\Users\Pushp battu\.vscode\extensions\redhat.java-1.41.1-win32-x64\lombok\lombok-1.18.36.jar -XX:+HeapDumpOnOutOfMemoryError -XX:HeapDumpPath=c:\Users\Pushp battu\AppData\Roaming\Code\User\workspaceStorage\0d03829ee9ada431aa46f536e744e264\redhat.java -Daether.dependencyCollector.impl=bf c:\Users\Pushp battu\.vscode\extensions\redhat.java-1.41.1-win32-x64\server\plugins\org.eclipse.equinox.launcher_1.7.0.v20250331-1702.jar -configuration c:\Users\Pushp battu\AppData\Roaming\Code\User\globalStorage\redhat.java\1.41.1\config_win -data c:\Users\Pushp battu\AppData\Roaming\Code\User\workspaceStorage\0d03829ee9ada431aa46f536e744e264\redhat.java\jdt_ws --pipe=\\.\pipe\lsp-348c114cdc9e9997c11aba8dfcccf0c1-sock

Host: Intel(R) Core(TM) i5-7200U CPU @ 2.50GHz, 4 cores, 7G,  Windows 10 , 64 bit Build 19041 (10.0.19041.5438)
Time: Tue Apr 15 15:43:47 2025 India Standard Time elapsed time: 0.348187 seconds (0d 0h 0m 0s)

---------------  T H R E A D  ---------------

Current thread (0x000002a06d46c710):  JavaThread "main"             [_thread_in_vm, id=13972, stack(0x000000a831600000,0x000000a831700000) (1024K)]

Stack: [0x000000a831600000,0x000000a831700000]
Native frames: (J=compiled Java code, j=interpreted, Vv=VM code, C=native code)
V  [jvm.dll+0x6cdee9]
V  [jvm.dll+0x8a83d1]
V  [jvm.dll+0x8aa8fe]
V  [jvm.dll+0x8aafe3]
V  [jvm.dll+0x27f706]
V  [jvm.dll+0x8a411e]
V  [jvm.dll+0x670385]
V  [jvm.dll+0x6703ea]
V  [jvm.dll+0x672bd2]
V  [jvm.dll+0x672aa2]
V  [jvm.dll+0x670d5e]
V  [jvm.dll+0x67b007]
V  [jvm.dll+0x21561d]
V  [jvm.dll+0x215b9a]
V  [jvm.dll+0x2165c5]
V  [jvm.dll+0x20bb8e]
V  [jvm.dll+0x5ae3ec]
V  [jvm.dll+0x21d24a]
V  [jvm.dll+0x820d9c]
V  [jvm.dll+0x821dc4]
V  [jvm.dll+0x822392]
V  [jvm.dll+0x47865b]
C  [java.dll+0x1a2d]

Java frames: (J=compiled Java code, j=interpreted, Vv=VM code)
j  java.lang.ClassLoader.findBootstrapClass(Ljava/lang/String;)Ljava/lang/Class;+0 java.base@21.0.6
j  java.lang.ClassLoader.findBootstrapClassOrNull(Ljava/lang/String;)Ljava/lang/Class;+10 java.base@21.0.6
j  java.lang.System$2.findBootstrapClassOrNull(Ljava/lang/String;)Ljava/lang/Class;+1 java.base@21.0.6
j  jdk.internal.loader.ClassLoaders$BootClassLoader.loadClassOrNull(Ljava/lang/String;Z)Ljava/lang/Class;+4 java.base@21.0.6
j  jdk.internal.loader.BuiltinClassLoader.loadClassOrNull(Ljava/lang/String;)Ljava/lang/Class;+3 java.base@21.0.6
j  jdk.internal.loader.BuiltinClassLoader.loadClassOrNull(Ljava/lang/String;Z)Ljava/lang/Class;+66 java.base@21.0.6
j  jdk.internal.loader.BuiltinClassLoader.loadClass(Ljava/lang/String;Z)Ljava/lang/Class;+3 java.base@21.0.6
j  jdk.internal.loader.ClassLoaders$AppClassLoader.loadClass(Ljava/lang/String;Z)Ljava/lang/Class;+36 java.base@21.0.6
j  java.lang.ClassLoader.loadClass(Ljava/lang/String;)Ljava/lang/Class;+3 java.base@21.0.6
v  ~StubRoutines::call_stub 0x000002a00753100d

---------------  P R O C E S S  ---------------

Threads class SMR info:
_java_thread_list=0x000002a0758378d0, length=10, elements={
0x000002a06d46c710, 0x000002a06f7f9610, 0x000002a06f7faf10, 0x000002a06f7fbec0,
0x000002a074a76f50, 0x000002a074a789b0, 0x000002a074a79400, 0x000002a074a7a640,
0x000002a074aec740, 0x000002a07583fee0
}

Java Threads: ( => current thread )
=>0x000002a06d46c710 JavaThread "main"                              [_thread_in_vm, id=13972, stack(0x000000a831600000,0x000000a831700000) (1024K)]
  0x000002a06f7f9610 JavaThread "Reference Handler"          daemon [_thread_blocked, id=12712, stack(0x000000a831a00000,0x000000a831b00000) (1024K)]
  0x000002a06f7faf10 JavaThread "Finalizer"                  daemon [_thread_blocked, id=16868, stack(0x000000a831b00000,0x000000a831c00000) (1024K)]
  0x000002a06f7fbec0 JavaThread "Signal Dispatcher"          daemon [_thread_blocked, id=7852, stack(0x000000a831c00000,0x000000a831d00000) (1024K)]
  0x000002a074a76f50 JavaThread "Attach Listener"            daemon [_thread_blocked, id=9332, stack(0x000000a831d00000,0x000000a831e00000) (1024K)]
  0x000002a074a789b0 JavaThread "Service Thread"             daemon [_thread_blocked, id=4796, stack(0x000000a831e00000,0x000000a831f00000) (1024K)]
  0x000002a074a79400 JavaThread "Monitor Deflation Thread"   daemon [_thread_blocked, id=7516, stack(0x000000a831f00000,0x000000a832000000) (1024K)]
  0x000002a074a7a640 JavaThread "C2 CompilerThread0"         daemon [_thread_blocked, id=15100, stack(0x000000a832000000,0x000000a832100000) (1024K)]
  0x000002a074aec740 JavaThread "C1 CompilerThread0"         daemon [_thread_blocked, id=16032, stack(0x000000a832100000,0x000000a832200000) (1024K)]
  0x000002a07583fee0 JavaThread "Common-Cleaner"             daemon [_thread_blocked, id=11620, stack(0x000000a832200000,0x000000a832300000) (1024K)]
Total: 10

Other Threads:
  0x000002a074a6e9c0 VMThread "VM Thread"                           [id=16984, stack(0x000000a831900000,0x000000a831a00000) (1024K)]
  0x000002a06f7acc80 WatcherThread "VM Periodic Task Thread"        [id=16500, stack(0x000000a831800000,0x000000a831900000) (1024K)]
  0x000002a06f75e100 WorkerThread "GC Thread#0"                     [id=12348, stack(0x000000a831700000,0x000000a831800000) (1024K)]
Total: 3

Threads with active compile tasks:
Total: 0

VM state: not at safepoint (normal execution)

VM Mutex/Monitor currently owned by a thread:  ([mutex/lock_event])
[0x00007ffb62bdc300] Metaspace_lock - owner thread: 0x000002a06d46c710

Heap address: 0x00000000c0000000, size: 1024 MB, Compressed Oops mode: 32-bit

CDS archive(s) mapped at: [0x000002a00f000000-0x000002a00fba0000-0x000002a00fba0000), size 12189696, SharedBaseAddress: 0x000002a00f000000, ArchiveRelocationMode: 1.
Compressed class space mapped at: 0x000002a010000000-0x000002a050000000, reserved size: 1073741824
Narrow klass base: 0x000002a00f000000, Narrow klass shift: 0, Narrow klass range: 0x100000000

GC Precious Log:
 CardTable entry size: 512
 CPUs: 4 total, 4 available
 Memory: 7897M
 Large Page Support: Disabled
 NUMA Support: Disabled
 Compressed Oops: Enabled (32-bit)
 Alignments: Space 512K, Generation 512K, Heap 2M
 Heap Min Capacity: 100M
 Heap Initial Capacity: 100M
 Heap Max Capacity: 1G
 Pre-touch: Disabled
 Parallel Workers: 4

Heap:
 PSYoungGen      total 29696K, used 3584K [0x00000000eab00000, 0x00000000ecc00000, 0x0000000100000000)
  eden space 25600K, 14% used [0x00000000eab00000,0x00000000eae80298,0x00000000ec400000)
  from space 4096K, 0% used [0x00000000ec800000,0x00000000ec800000,0x00000000ecc00000)
  to   space 4096K, 0% used [0x00000000ec400000,0x00000000ec400000,0x00000000ec800000)
 ParOldGen       total 68608K, used 0K [0x00000000c0000000, 0x00000000c4300000, 0x00000000eab00000)
  object space 68608K, 0% used [0x00000000c0000000,0x00000000c0000000,0x00000000c4300000)
 Metaspace       used 271K, committed 448K, reserved 1114112K
  class space    used 11K, committed 128K, reserved 1048576K

Card table byte_map: [0x000002a06f0e0000,0x000002a06f2f0000] _byte_map_base: 0x000002a06eae0000

Marking Bits: (ParMarkBitMap*) 0x00007ffb62be3260
 Begin Bits: [0x000002a072930000, 0x000002a073930000)
 End Bits:   [0x000002a073930000, 0x000002a074930000)

Polling page: 0x000002a06d560000

Metaspace:

Usage:
  Non-class:    259.34 KB used.
      Class:     11.85 KB used.
       Both:    271.20 KB used.

Virtual space:
  Non-class space:       64.00 MB reserved,     320.00 KB ( <1%) committed,  1 nodes.
      Class space:        1.00 GB reserved,     128.00 KB ( <1%) committed,  1 nodes.
             Both:        1.06 GB reserved,     448.00 KB ( <1%) committed. 

Chunk freelists:
   Non-Class:  11.99 MB
       Class:  15.75 MB
        Both:  27.74 MB

MaxMetaspaceSize: unlimited
CompressedClassSpaceSize: 1.00 GB
Initial GC threshold: 21.00 MB
Current GC threshold: 21.00 MB
CDS: on
 - commit_granule_bytes: 65536.
 - commit_granule_words: 8192.
 - virtual_space_node_default_size: 8388608.
 - enlarge_chunks_in_place: 1.
 - use_allocation_guard: 0.


Internal statistics:

num_allocs_failed_limit: 0.
num_arena_births: 8.
num_arena_deaths: 0.
num_vsnodes_births: 2.
num_vsnodes_deaths: 0.
num_space_committed: 7.
num_space_uncommitted: 0.
num_chunks_returned_to_freelist: 0.
num_chunks_taken_from_freelist: 9.
num_chunk_merges: 0.
num_chunk_splits: 6.
num_chunks_enlarged: 3.
num_inconsistent_stats: 0.

CodeHeap 'non-profiled nmethods': size=120000Kb used=68Kb max_used=68Kb free=119931Kb
 bounds [0x000002a007ad0000, 0x000002a007d40000, 0x000002a00f000000]
CodeHeap 'profiled nmethods': size=120000Kb used=202Kb max_used=202Kb free=119797Kb
 bounds [0x000002a000000000, 0x000002a000270000, 0x000002a007530000]
CodeHeap 'non-nmethods': size=5760Kb used=1119Kb max_used=1136Kb free=4640Kb
 bounds [0x000002a007530000, 0x000002a0077a0000, 0x000002a007ad0000]
 total_blobs=551 nmethods=192 adapters=266
 compilation: enabled
              stopped_count=0, restarted_count=0
 full_count=0

Compilation events (20 events):
Event: 0.332 Thread 0x000002a074aec740  183       3       java.util.HashSet::iterator (13 bytes)
Event: 0.332 Thread 0x000002a074aec740 nmethod 183 0x000002a00002f510 code [0x000002a00002f6e0, 0x000002a00002f978]
Event: 0.332 Thread 0x000002a074aec740  186       1       java.lang.module.ModuleDescriptor$Provides::service (5 bytes)
Event: 0.332 Thread 0x000002a074aec740 nmethod 186 0x000002a007ae0510 code [0x000002a007ae06a0, 0x000002a007ae0768]
Event: 0.332 Thread 0x000002a074aec740  185       1       java.util.HashMap::size (5 bytes)
Event: 0.332 Thread 0x000002a074aec740 nmethod 185 0x000002a007ae0810 code [0x000002a007ae09a0, 0x000002a007ae0a68]
Event: 0.332 Thread 0x000002a074aec740  179       1       java.lang.module.ModuleDescriptor::isOpen (5 bytes)
Event: 0.332 Thread 0x000002a074aec740 nmethod 179 0x000002a007ae0b10 code [0x000002a007ae0ca0, 0x000002a007ae0d70]
Event: 0.332 Thread 0x000002a074aec740  187       3       jdk.internal.util.Preconditions::checkFromToIndex (24 bytes)
Event: 0.332 Thread 0x000002a074aec740 nmethod 187 0x000002a00002fa90 code [0x000002a00002fc40, 0x000002a00002fe08]
Event: 0.332 Thread 0x000002a074aec740  188       3       java.lang.String::substring (58 bytes)
Event: 0.333 Thread 0x000002a074aec740 nmethod 188 0x000002a00002ff10 code [0x000002a000030140, 0x000002a000030718]
Event: 0.333 Thread 0x000002a074aec740  189       3       java.lang.String::checkBoundsBeginEnd (11 bytes)
Event: 0.333 Thread 0x000002a074aec740 nmethod 189 0x000002a000030990 code [0x000002a000030b40, 0x000002a000030d70]
Event: 0.333 Thread 0x000002a074aec740  191       3       jdk.internal.org.objectweb.asm.ByteVector::putUTF8 (144 bytes)
Event: 0.334 Thread 0x000002a074aec740 nmethod 191 0x000002a000030e90 code [0x000002a000031100, 0x000002a000031b80]
Event: 0.334 Thread 0x000002a074aec740  190       1       jdk.internal.util.WeakReferenceKey::hashCode (5 bytes)
Event: 0.334 Thread 0x000002a074aec740 nmethod 190 0x000002a007ae0e10 code [0x000002a007ae0fa0, 0x000002a007ae1068]
Event: 0.334 Thread 0x000002a074aec740  192       3       java.lang.StringLatin1::indexOf (37 bytes)
Event: 0.335 Thread 0x000002a074aec740 nmethod 192 0x000002a000032090 code [0x000002a000032280, 0x000002a000032778]

GC Heap History (0 events):
No events

Dll operation events (2 events):
Event: 0.021 Loaded shared library c:\Users\Pushp battu\.vscode\extensions\redhat.java-1.41.1-win32-x64\jre\21.0.6-win32-x86_64\bin\java.dll
Event: 0.299 Loaded shared library c:\Users\Pushp battu\.vscode\extensions\redhat.java-1.41.1-win32-x64\jre\21.0.6-win32-x86_64\bin\zip.dll

Deoptimization events (0 events):
No events

Classes loaded (11 events):
Event: 0.298 Loading class jdk/internal/module/ModuleReferenceImpl$CachedHash
Event: 0.299 Loading class jdk/internal/module/ModuleReferenceImpl$CachedHash done
Event: 0.333 Loading class java/lang/WeakPairMap$Pair$Weak
Event: 0.333 Loading class java/lang/WeakPairMap$WeakRefPeer
Event: 0.333 Loading class java/lang/WeakPairMap$WeakRefPeer done
Event: 0.333 Loading class java/lang/WeakPairMap$Pair$Weak done
Event: 0.334 Loading class java/lang/WeakPairMap$Pair$Weak$1
Event: 0.334 Loading class java/lang/WeakPairMap$Pair$Weak$1 done
Event: 0.339 Loading class sun/instrument/InstrumentationImpl
Event: 0.340 Loading class java/lang/instrument/Instrumentation
Event: 0.340 Loading class java/lang/instrument/Instrumentation done

Classes unloaded (0 events):
No events

Classes redefined (0 events):
No events

Internal exceptions (1 events):
Event: 0.294 Thread 0x000002a06d46c710 Exception <a 'java/lang/NoSuchMethodError'{0x00000000ead2a0e8}: 'void java.lang.invoke.DirectMethodHandle$Holder.invokeStatic(java.lang.Object, java.lang.Object, java.lang.Object)'> (0x00000000ead2a0e8) 
thrown [s\src\hotspot\share\interpreter\linkResolver.cpp, line 773]

ZGC Phase Switch (0 events):
No events

VM Operations (2 events):
Event: 0.297 Executing VM operation: HandshakeAllThreads (Deoptimize)
Event: 0.298 Executing VM operation: HandshakeAllThreads (Deoptimize) done

Memory protections (0 events):
No events

Nmethod flushes (0 events):
No events

Events (10 events):
Event: 0.079 Thread 0x000002a06d46c710 Thread added: 0x000002a06d46c710
Event: 0.115 Thread 0x000002a06d46c710 Thread added: 0x000002a06f7f9610
Event: 0.115 Thread 0x000002a06d46c710 Thread added: 0x000002a06f7faf10
Event: 0.115 Thread 0x000002a06d46c710 Thread added: 0x000002a06f7fbec0
Event: 0.115 Thread 0x000002a06d46c710 Thread added: 0x000002a074a76f50
Event: 0.116 Thread 0x000002a06d46c710 Thread added: 0x000002a074a789b0
Event: 0.116 Thread 0x000002a06d46c710 Thread added: 0x000002a074a79400
Event: 0.116 Thread 0x000002a06d46c710 Thread added: 0x000002a074a7a640
Event: 0.169 Thread 0x000002a06d46c710 Thread added: 0x000002a074aec740
Event: 0.279 Thread 0x000002a06d46c710 Thread added: 0x000002a07583fee0


Dynamic libraries:
0x00007ff6fe4c0000 - 0x00007ff6fe4ce000 	c:\Users\Pushp battu\.vscode\extensions\redhat.java-1.41.1-win32-x64\jre\21.0.6-win32-x86_64\bin\java.exe
0x00007ffba8bb0000 - 0x00007ffba8da8000 	C:\Windows\SYSTEM32\ntdll.dll
0x00007ffba8000000 - 0x00007ffba80c2000 	C:\Windows\System32\KERNEL32.DLL
0x00007ffba6400000 - 0x00007ffba66ff000 	C:\Windows\System32\KERNELBASE.dll
0x00007ffba2b10000 - 0x00007ffba2ba4000 	C:\Windows\SYSTEM32\apphelp.dll
0x00007ffba6770000 - 0x00007ffba6870000 	C:\Windows\System32\ucrtbase.dll
0x00007ffb95cc0000 - 0x00007ffb95cd8000 	c:\Users\Pushp battu\.vscode\extensions\redhat.java-1.41.1-win32-x64\jre\21.0.6-win32-x86_64\bin\jli.dll
0x00007ffba80d0000 - 0x00007ffba826d000 	C:\Windows\System32\USER32.dll
0x00007ffba6250000 - 0x00007ffba6272000 	C:\Windows\System32\win32u.dll
0x00007ffba71f0000 - 0x00007ffba721b000 	C:\Windows\System32\GDI32.dll
0x00007ffba6a00000 - 0x00007ffba6b1a000 	C:\Windows\System32\gdi32full.dll
0x00007ffba6310000 - 0x00007ffba63ad000 	C:\Windows\System32\msvcp_win.dll
0x00007ffb940d0000 - 0x00007ffb940ee000 	c:\Users\Pushp battu\.vscode\extensions\redhat.java-1.41.1-win32-x64\jre\21.0.6-win32-x86_64\bin\VCRUNTIME140.dll
0x00007ffb91d70000 - 0x00007ffb9200a000 	C:\Windows\WinSxS\amd64_microsoft.windows.common-controls_6595b64144ccf1df_6.0.19041.4355_none_60b8b9eb71f62e16\COMCTL32.dll
0x00007ffba7ca0000 - 0x00007ffba7d3e000 	C:\Windows\System32\msvcrt.dll
0x00007ffba8b40000 - 0x00007ffba8b6f000 	C:\Windows\System32\IMM32.DLL
0x00007ffb96ad0000 - 0x00007ffb96adc000 	c:\Users\Pushp battu\.vscode\extensions\redhat.java-1.41.1-win32-x64\jre\21.0.6-win32-x86_64\bin\vcruntime140_1.dll
0x00007ffb877b0000 - 0x00007ffb8783d000 	c:\Users\Pushp battu\.vscode\extensions\redhat.java-1.41.1-win32-x64\jre\21.0.6-win32-x86_64\bin\msvcp140.dll
0x00007ffb61f30000 - 0x00007ffb62cc0000 	c:\Users\Pushp battu\.vscode\extensions\redhat.java-1.41.1-win32-x64\jre\21.0.6-win32-x86_64\bin\server\jvm.dll
0x00007ffba7130000 - 0x00007ffba71df000 	C:\Windows\System32\ADVAPI32.dll
0x00007ffba7f50000 - 0x00007ffba7fef000 	C:\Windows\System32\sechost.dll
0x00007ffba7da0000 - 0x00007ffba7ec3000 	C:\Windows\System32\RPCRT4.dll
0x00007ffba6870000 - 0x00007ffba6897000 	C:\Windows\System32\bcrypt.dll
0x00007ffba7220000 - 0x00007ffba728b000 	C:\Windows\System32\WS2_32.dll
0x00007ffba60b0000 - 0x00007ffba60fb000 	C:\Windows\SYSTEM32\POWRPROF.dll
0x00007ffb90e00000 - 0x00007ffb90e27000 	C:\Windows\SYSTEM32\WINMM.dll
0x00007ffb9e0a0000 - 0x00007ffb9e0aa000 	C:\Windows\SYSTEM32\VERSION.dll
0x00007ffba6090000 - 0x00007ffba60a2000 	C:\Windows\SYSTEM32\UMPDC.dll
0x00007ffba4a70000 - 0x00007ffba4a82000 	C:\Windows\SYSTEM32\kernel.appcore.dll
0x00007ffb964d0000 - 0x00007ffb964da000 	c:\Users\Pushp battu\.vscode\extensions\redhat.java-1.41.1-win32-x64\jre\21.0.6-win32-x86_64\bin\jimage.dll
0x00007ffba4780000 - 0x00007ffba4964000 	C:\Windows\SYSTEM32\DBGHELP.DLL
0x00007ffb9c360000 - 0x00007ffb9c394000 	C:\Windows\SYSTEM32\dbgcore.DLL
0x00007ffba6280000 - 0x00007ffba6302000 	C:\Windows\System32\bcryptPrimitives.dll
0x00007ffba2340000 - 0x00007ffba234f000 	c:\Users\Pushp battu\.vscode\extensions\redhat.java-1.41.1-win32-x64\jre\21.0.6-win32-x86_64\bin\instrument.dll
0x00007ffb8a9f0000 - 0x00007ffb8aa0f000 	c:\Users\Pushp battu\.vscode\extensions\redhat.java-1.41.1-win32-x64\jre\21.0.6-win32-x86_64\bin\java.dll
0x00007ffba7460000 - 0x00007ffba7bcd000 	C:\Windows\System32\SHELL32.dll
0x00007ffba3f00000 - 0x00007ffba46a4000 	C:\Windows\SYSTEM32\windows.storage.dll
0x00007ffba8440000 - 0x00007ffba8795000 	C:\Windows\System32\combase.dll
0x00007ffba5bb0000 - 0x00007ffba5bdb000 	C:\Windows\SYSTEM32\Wldp.dll
0x00007ffba8850000 - 0x00007ffba891d000 	C:\Windows\System32\OLEAUT32.dll
0x00007ffba87a0000 - 0x00007ffba884d000 	C:\Windows\System32\SHCORE.dll
0x00007ffba7d40000 - 0x00007ffba7d95000 	C:\Windows\System32\shlwapi.dll
0x00007ffba6180000 - 0x00007ffba61a5000 	C:\Windows\SYSTEM32\profapi.dll
0x00007ffb8a710000 - 0x00007ffb8a728000 	c:\Users\Pushp battu\.vscode\extensions\redhat.java-1.41.1-win32-x64\jre\21.0.6-win32-x86_64\bin\zip.dll

dbghelp: loaded successfully - version: 4.0.5 - missing functions: none
symbol engine: initialized successfully - sym options: 0x614 - pdb path: .;c:\Users\Pushp battu\.vscode\extensions\redhat.java-1.41.1-win32-x64\jre\21.0.6-win32-x86_64\bin;C:\Windows\SYSTEM32;C:\Windows\WinSxS\amd64_microsoft.windows.common-controls_6595b64144ccf1df_6.0.19041.4355_none_60b8b9eb71f62e16;c:\Users\Pushp battu\.vscode\extensions\redhat.java-1.41.1-win32-x64\jre\21.0.6-win32-x86_64\bin\server

VM Arguments:
jvm_args: --add-modules=ALL-SYSTEM --add-opens=java.base/java.util=ALL-UNNAMED --add-opens=java.base/java.lang=ALL-UNNAMED --add-opens=java.base/sun.nio.fs=ALL-UNNAMED -Declipse.application=org.eclipse.jdt.ls.core.id1 -Dosgi.bundles.defaultStartLevel=4 -Declipse.product=org.eclipse.jdt.ls.core.product -Djava.import.generatesMetadataFilesAtProjectRoot=false -DDetectVMInstallationsJob.disabled=true -Dfile.encoding=utf8 -XX:+UseParallelGC -XX:GCTimeRatio=4 -XX:AdaptiveSizePolicyWeight=90 -Dsun.zip.disableMemoryMapping=true -Xmx1G -Xms100m -Xlog:disable -javaagent:c:\Users\Pushp battu\.vscode\extensions\redhat.java-1.41.1-win32-x64\lombok\lombok-1.18.36.jar -XX:+HeapDumpOnOutOfMemoryError -XX:HeapDumpPath=c:\Users\Pushp battu\AppData\Roaming\Code\User\workspaceStorage\0d03829ee9ada431aa46f536e744e264\redhat.java -Daether.dependencyCollector.impl=bf 
java_command: c:\Users\Pushp battu\.vscode\extensions\redhat.java-1.41.1-win32-x64\server\plugins\org.eclipse.equinox.launcher_1.7.0.v20250331-1702.jar -configuration c:\Users\Pushp battu\AppData\Roaming\Code\User\globalStorage\redhat.java\1.41.1\config_win -data c:\Users\Pushp battu\AppData\Roaming\Code\User\workspaceStorage\0d03829ee9ada431aa46f536e744e264\redhat.java\jdt_ws --pipe=\\.\pipe\lsp-348c114cdc9e9997c11aba8dfcccf0c1-sock
java_class_path (initial): c:\Users\Pushp battu\.vscode\extensions\redhat.java-1.41.1-win32-x64\server\plugins\org.eclipse.equinox.launcher_1.7.0.v20250331-1702.jar
Launcher Type: SUN_STANDARD

[Global flags]
    uintx AdaptiveSizePolicyWeight                 = 90                                        {product} {command line}
     intx CICompilerCount                          = 3                                         {product} {ergonomic}
    uintx GCTimeRatio                              = 4                                         {product} {command line}
     bool HeapDumpOnOutOfMemoryError               = true                                   {manageable} {command line}
    ccstr HeapDumpPath                             = c:\Users\Pushp battu\AppData\Roaming\Code\User\workspaceStorage\0d03829ee9ada431aa46f536e744e264\redhat.java         {manageable} {command line}
   size_t InitialHeapSize                          = 104857600                                 {product} {command line}
   size_t MaxHeapSize                              = 1073741824                                {product} {command line}
   size_t MaxNewSize                               = 357564416                                 {product} {ergonomic}
   size_t MinHeapDeltaBytes                        = 524288                                    {product} {ergonomic}
   size_t MinHeapSize                              = 104857600                                 {product} {command line}
   size_t NewSize                                  = 34603008                                  {product} {ergonomic}
    uintx NonNMethodCodeHeapSize                   = 5832780                                {pd product} {ergonomic}
    uintx NonProfiledCodeHeapSize                  = 122912730                              {pd product} {ergonomic}
   size_t OldSize                                  = 70254592                                  {product} {ergonomic}
    uintx ProfiledCodeHeapSize                     = 122912730                              {pd product} {ergonomic}
    uintx ReservedCodeCacheSize                    = 251658240                              {pd product} {ergonomic}
     bool SegmentedCodeCache                       = true                                      {product} {ergonomic}
   size_t SoftMaxHeapSize                          = 1073741824                             {manageable} {ergonomic}
     bool UseCompressedOops                        = true                           {product lp64_product} {ergonomic}
     bool UseLargePagesIndividualAllocation        = false                                  {pd product} {ergonomic}
     bool UseParallelGC                            = true                                      {product} {command line}

Logging:
Log output configuration:
 #0: stdout all=off uptime,level,tags foldmultilines=false
 #1: stderr all=off uptime,level,tags foldmultilines=false

Environment Variables:
PATH=C:\Program Files\Common Files\Oracle\Java\javapath;C:\Windows\system32;C:\Windows;C:\Windows\System32\Wbem;C:\Windows\System32\WindowsPowerShell\v1.0\;C:\Windows\System32\OpenSSH\;C:\Program Files\Git\cmd;C:\Program Files\PuTTY\;C:\Program Files\php-8.3;C:\Program Files\nodejs\;C:\Program Files\MySQL\MySQL Shell 8.0\bin\;C:\Users\Pushp battu\AppData\Local\Programs\Python\Python312\Scripts\;C:\Users\Pushp battu\AppData\Local\Programs\Python\Python312\;C:\Users\Pushp battu\AppData\Local\Microsoft\WindowsApps;C:\Users\Pushp battu\AppData\Local\Programs\Microsoft VS Code\bin;C:\Program Files\Java\jdk-17\bin;C:\Program Files (x86)\MongoDB Atlas CLI\;C:\Program Files\MongoDB\Server\6.0\bin;C:\Users\Pushp battu\AppData\Roaming\Composer\vendor\bin;C:\Users\Pushp battu\AppData\Roaming\npm
USERNAME=Pushp battu
OS=Windows_NT
PROCESSOR_IDENTIFIER=Intel64 Family 6 Model 142 Stepping 9, GenuineIntel
TMP=C:\Users\PUSHPB~1\AppData\Local\Temp
TEMP=C:\Users\PUSHPB~1\AppData\Local\Temp




Periodic native trim disabled

---------------  S Y S T E M  ---------------

OS:
 Windows 10 , 64 bit Build 19041 (10.0.19041.5438)
OS uptime: 6 days 18:26 hours

CPU: total 4 (initial active 4) (2 cores per cpu, 2 threads per core) family 6 model 142 stepping 9 microcode 0xf0, cx8, cmov, fxsr, ht, mmx, 3dnowpref, sse, sse2, sse3, ssse3, sse4.1, sse4.2, popcnt, lzcnt, tsc, tscinvbit, avx, avx2, aes, erms, clmul, bmi1, bmi2, adx, fma, vzeroupper, clflush, clflushopt, rdtscp, f16c
Processor Information for the first 4 processors :
  Max Mhz: 2701, Current Mhz: 2701, Mhz Limit: 2701

Memory: 4k page, system-wide physical 7897M (477M free)
TotalPageFile size 17816M (AvailPageFile size 0M)
current process WorkingSet (physical memory assigned to process): 35M, peak: 35M
current process commit charge ("private bytes"): 175M, peak: 175M

vm_info: OpenJDK 64-Bit Server VM (21.0.6+7-LTS) for windows-amd64 JRE (21.0.6+7-LTS), built on 2025-01-21T00:00:00Z by "admin" with MS VC++ 17.7 (VS2022)

END.
