#
# There is insufficient memory for the Java Runtime Environment to continue.
# Native memory allocation (malloc) failed to allocate 1048576 bytes. Error detail: AllocateHeap
# Possible reasons:
#   The system is out of physical RAM or swap space
#   This process is running with CompressedOops enabled, and the Java Heap may be blocking the growth of the native heap
# Possible solutions:
#   Reduce memory load on the system
#   Increase physical memory or swap space
#   Check if swap backing store is full
#   Decrease Java heap size (-Xmx/-Xms)
#   Decrease number of Java threads
#   Decrease Java thread stack sizes (-Xss)
#   Set larger code cache with -XX:ReservedCodeCacheSize=
#   JVM is running with Unscaled Compressed Oops mode in which the Java heap is
#     placed in the first 4GB address space. The Java Heap base address is the
#     maximum limit for the native heap growth. Please use -XX:HeapBaseMinAddress
#     to set the Java Heap base and to place the Java Heap above 4GB virtual address.
# This output file may be truncated or incomplete.
#
#  Out of Memory Error (allocation.cpp:44), pid=6104, tid=11284
#
# JRE version:  (21.0.6+7) (build )
# Java VM: OpenJDK 64-Bit Server VM (21.0.6+7-LTS, mixed mode, sharing, tiered, compressed oops, compressed class ptrs, parallel gc, windows-amd64)
# No core dump will be written. Minidumps are not enabled by default on client versions of Windows
#

---------------  S U M M A R Y ------------

Command Line: --add-modules=ALL-SYSTEM --add-opens=java.base/java.util=ALL-UNNAMED --add-opens=java.base/java.lang=ALL-UNNAMED --add-opens=java.base/sun.nio.fs=ALL-UNNAMED -Declipse.application=org.eclipse.jdt.ls.core.id1 -Dosgi.bundles.defaultStartLevel=4 -Declipse.product=org.eclipse.jdt.ls.core.product -Djava.import.generatesMetadataFilesAtProjectRoot=false -DDetectVMInstallationsJob.disabled=true -Dfile.encoding=utf8 -XX:+UseParallelGC -XX:GCTimeRatio=4 -XX:AdaptiveSizePolicyWeight=90 -Dsun.zip.disableMemoryMapping=true -Xmx1G -Xms100m -Xlog:disable -javaagent:c:\Users\Pushp battu\.vscode\extensions\redhat.java-1.41.1-win32-x64\lombok\lombok-1.18.36.jar c:\Users\Pushp battu\.vscode\extensions\redhat.java-1.41.1-win32-x64\server\plugins\org.eclipse.equinox.launcher_1.7.0.v20250331-1702.jar -configuration c:\Users\Pushp battu\AppData\Roaming\Code\User\globalStorage\redhat.java\1.41.1\config_ss_win -data c:\Users\Pushp battu\AppData\Roaming\Code\User\workspaceStorage\0d03829ee9ada431aa46f536e744e264\redhat.java\ss_ws --pipe=\\.\pipe\lsp-dcd4daba8e5374c0a4137b1351244962-sock

Host: Intel(R) Core(TM) i5-7200U CPU @ 2.50GHz, 4 cores, 7G,  Windows 10 , 64 bit Build 19041 (10.0.19041.5438)
Time: Tue Apr 15 15:46:49 2025 India Standard Time elapsed time: 0.075959 seconds (0d 0h 0m 0s)

---------------  T H R E A D  ---------------

Current thread (0x00000287ce59d6d0):  JavaThread "Unknown thread" [_thread_in_vm, id=11284, stack(0x000000e7ce900000,0x000000e7cea00000) (1024K)]

Stack: [0x000000e7ce900000,0x000000e7cea00000]
Native frames: (J=compiled Java code, j=interpreted, Vv=VM code, C=native code)
V  [jvm.dll+0x6cdee9]
V  [jvm.dll+0x8a83d1]
V  [jvm.dll+0x8aa8fe]
V  [jvm.dll+0x8aafe3]
V  [jvm.dll+0x27f706]
V  [jvm.dll+0xbfb37]
V  [jvm.dll+0x7022d0]
V  [jvm.dll+0x702e3c]
V  [jvm.dll+0x6dcc13]
V  [jvm.dll+0x871cdc]
V  [jvm.dll+0x3bc2dc]
V  [jvm.dll+0x85a868]
V  [jvm.dll+0x45066e]
V  [jvm.dll+0x4522b1]
C  [jli.dll+0x5278]
C  [ucrtbase.dll+0x21bb2]
C  [KERNEL32.DLL+0x17374]
C  [ntdll.dll+0x4cc91]


---------------  P R O C E S S  ---------------

Threads class SMR info:
_java_thread_list=0x00000287d09050b0, length=1, elements={
0x00000287ce59d6d0
}

Java Threads: ( => current thread )
=>0x00000287ce59d6d0 JavaThread "Unknown thread"             [_thread_in_vm, id=11284, stack(0x000000e7ce900000,0x000000e7cea00000) (1024K)]
Total: 1

Other Threads:
  0x00000287e4babc60 WatcherThread "VM Periodic Task Thread"        [id=16432, stack(0x000000e7ceb00000,0x000000e7cec00000) (1024K)]
  0x00000287d08fd110 WorkerThread "GC Thread#0"                     [id=16520, stack(0x000000e7cea00000,0x000000e7ceb00000) (1024K)]
Total: 2

Threads with active compile tasks:
Total: 0

VM state: not at safepoint (normal execution)

VM Mutex/Monitor currently owned by a thread: None

Heap address: 0x00000000c0000000, size: 1024 MB, Compressed Oops mode: 32-bit

CDS archive(s) mapped at: [0x0000028780000000-0x0000028780ba0000-0x0000028780ba0000), size 12189696, SharedBaseAddress: 0x0000028780000000, ArchiveRelocationMode: 1.
Compressed class space mapped at: 0x0000028781000000-0x00000287c1000000, reserved size: 1073741824
Narrow klass base: 0x0000028780000000, Narrow klass shift: 0, Narrow klass range: 0x100000000

GC Precious Log:
 CardTable entry size: 512
 CPUs: 4 total, 4 available
 Memory: 7897M
 Large Page Support: Disabled
 NUMA Support: Disabled
 Compressed Oops: Enabled (32-bit)
 Alignments: Space 512K, Generation 512K, Heap 2M
 Heap Min Capacity: 100M
 Heap Initial Capacity: 100M
 Heap Max Capacity: 1G
 Pre-touch: Disabled
 Parallel Workers: 4

Heap:
 PSYoungGen      total 29696K, used 512K [0x00000000eab00000, 0x00000000ecc00000, 0x0000000100000000)
  eden space 25600K, 2% used [0x00000000eab00000,0x00000000eab80020,0x00000000ec400000)
  from space 4096K, 0% used [0x00000000ec800000,0x00000000ec800000,0x00000000ecc00000)
  to   space 4096K, 0% used [0x00000000ec400000,0x00000000ec400000,0x00000000ec800000)
 ParOldGen       total 68608K, used 0K [0x00000000c0000000, 0x00000000c4300000, 0x00000000eab00000)
  object space 68608K, 0% used [0x00000000c0000000,0x00000000c0000000,0x00000000c4300000)
 Metaspace       used 0K, committed 0K, reserved 1048576K
  class space    used 0K, committed 0K, reserved 1048576K

Card table byte_map: [0x00000287d0280000,0x00000287d0490000] _byte_map_base: 0x00000287cfc80000

Marking Bits: (ParMarkBitMap*) 0x00007ffb62be3260
 Begin Bits: [0x00000287e2ad0000, 0x00000287e3ad0000)
 End Bits:   [0x00000287e3ad0000, 0x00000287e4ad0000)

Polling page: 0x00000287ce530000

Metaspace:

Usage:
  Non-class:      0 bytes used.
      Class:      0 bytes used.
       Both:      0 bytes used.

Virtual space:
  Non-class space:        0 bytes reserved,       0 bytes (  ?%) committed,  0 nodes.
      Class space:        1.00 GB reserved,       0 bytes (  0%) committed,  1 nodes.
             Both:        1.00 GB reserved,       0 bytes (  0%) committed. 

Chunk freelists:
   Non-Class:  0 bytes
       Class:  16.00 MB
        Both:  16.00 MB

MaxMetaspaceSize: unlimited
CompressedClassSpaceSize: 1.00 GB
Initial GC threshold: 21.00 MB
Current GC threshold: 17179869184.00 GB
CDS: on
 - commit_granule_bytes: 65536.
 - commit_granule_words: 8192.
 - virtual_space_node_default_size: 8388608.
 - enlarge_chunks_in_place: 1.
 - use_allocation_guard: 0.


Internal statistics:

num_allocs_failed_limit: 0.
num_arena_births: 0.
num_arena_deaths: 0.
num_vsnodes_births: 1.
num_vsnodes_deaths: 0.
num_space_committed: 0.
num_space_uncommitted: 0.
num_chunks_returned_to_freelist: 0.
num_chunks_taken_from_freelist: 1.
num_chunk_merges: 0.
num_chunk_splits: 1.
num_chunks_enlarged: 0.
num_inconsistent_stats: 0.

CodeHeap 'non-profiled nmethods': size=120000Kb used=0Kb max_used=0Kb free=120000Kb
 bounds [0x00000287db5a0000, 0x00000287db810000, 0x00000287e2ad0000]
CodeHeap 'profiled nmethods': size=120000Kb used=0Kb max_used=0Kb free=120000Kb
 bounds [0x00000287d3ad0000, 0x00000287d3d40000, 0x00000287db000000]
CodeHeap 'non-nmethods': size=5760Kb used=194Kb max_used=342Kb free=5565Kb
 bounds [0x00000287db000000, 0x00000287db270000, 0x00000287db5a0000]
 total_blobs=70 nmethods=0 adapters=48
 compilation: enabled
              stopped_count=0, restarted_count=0
 full_count=0

Compilation events (0 events):
No events

GC Heap History (0 events):
No events

Dll operation events (1 events):
Event: 0.021 Loaded shared library c:\Users\Pushp battu\.vscode\extensions\redhat.java-1.41.1-win32-x64\jre\21.0.6-win32-x86_64\bin\java.dll

Deoptimization events (0 events):
No events

Classes loaded (0 events):
No events

Classes unloaded (0 events):
No events

Classes redefined (0 events):
No events

Internal exceptions (0 events):
No events

ZGC Phase Switch (0 events):
No events

VM Operations (0 events):
No events

Memory protections (0 events):
No events

Nmethod flushes (0 events):
No events

Events (1 events):
Event: 0.040 Thread 0x00000287ce59d6d0 Thread added: 0x00000287ce59d6d0


Dynamic libraries:
0x00007ff6fe4c0000 - 0x00007ff6fe4ce000 	c:\Users\Pushp battu\.vscode\extensions\redhat.java-1.41.1-win32-x64\jre\21.0.6-win32-x86_64\bin\java.exe
0x00007ffba8bb0000 - 0x00007ffba8da8000 	C:\Windows\SYSTEM32\ntdll.dll
0x00007ffba8000000 - 0x00007ffba80c2000 	C:\Windows\System32\KERNEL32.DLL
0x00007ffba6400000 - 0x00007ffba66ff000 	C:\Windows\System32\KERNELBASE.dll
0x00007ffba2b10000 - 0x00007ffba2ba4000 	C:\Windows\SYSTEM32\apphelp.dll
0x00007ffba6770000 - 0x00007ffba6870000 	C:\Windows\System32\ucrtbase.dll
0x00007ffb95cc0000 - 0x00007ffb95cd8000 	c:\Users\Pushp battu\.vscode\extensions\redhat.java-1.41.1-win32-x64\jre\21.0.6-win32-x86_64\bin\jli.dll
0x00007ffba80d0000 - 0x00007ffba826d000 	C:\Windows\System32\USER32.dll
0x00007ffba6250000 - 0x00007ffba6272000 	C:\Windows\System32\win32u.dll
0x00007ffba71f0000 - 0x00007ffba721b000 	C:\Windows\System32\GDI32.dll
0x00007ffba6a00000 - 0x00007ffba6b1a000 	C:\Windows\System32\gdi32full.dll
0x00007ffba6310000 - 0x00007ffba63ad000 	C:\Windows\System32\msvcp_win.dll
0x00007ffb940d0000 - 0x00007ffb940ee000 	c:\Users\Pushp battu\.vscode\extensions\redhat.java-1.41.1-win32-x64\jre\21.0.6-win32-x86_64\bin\VCRUNTIME140.dll
0x00007ffb91d70000 - 0x00007ffb9200a000 	C:\Windows\WinSxS\amd64_microsoft.windows.common-controls_6595b64144ccf1df_6.0.19041.4355_none_60b8b9eb71f62e16\COMCTL32.dll
0x00007ffba7ca0000 - 0x00007ffba7d3e000 	C:\Windows\System32\msvcrt.dll
0x00007ffba8b40000 - 0x00007ffba8b6f000 	C:\Windows\System32\IMM32.DLL
0x00007ffb96ad0000 - 0x00007ffb96adc000 	c:\Users\Pushp battu\.vscode\extensions\redhat.java-1.41.1-win32-x64\jre\21.0.6-win32-x86_64\bin\vcruntime140_1.dll
0x00007ffb877b0000 - 0x00007ffb8783d000 	c:\Users\Pushp battu\.vscode\extensions\redhat.java-1.41.1-win32-x64\jre\21.0.6-win32-x86_64\bin\msvcp140.dll
0x00007ffb61f30000 - 0x00007ffb62cc0000 	c:\Users\Pushp battu\.vscode\extensions\redhat.java-1.41.1-win32-x64\jre\21.0.6-win32-x86_64\bin\server\jvm.dll
0x00007ffba7130000 - 0x00007ffba71df000 	C:\Windows\System32\ADVAPI32.dll
0x00007ffba7f50000 - 0x00007ffba7fef000 	C:\Windows\System32\sechost.dll
0x00007ffba7da0000 - 0x00007ffba7ec3000 	C:\Windows\System32\RPCRT4.dll
0x00007ffba6870000 - 0x00007ffba6897000 	C:\Windows\System32\bcrypt.dll
0x00007ffba7220000 - 0x00007ffba728b000 	C:\Windows\System32\WS2_32.dll
0x00007ffba60b0000 - 0x00007ffba60fb000 	C:\Windows\SYSTEM32\POWRPROF.dll
0x00007ffb90e00000 - 0x00007ffb90e27000 	C:\Windows\SYSTEM32\WINMM.dll
0x00007ffb9e0a0000 - 0x00007ffb9e0aa000 	C:\Windows\SYSTEM32\VERSION.dll
0x00007ffba6090000 - 0x00007ffba60a2000 	C:\Windows\SYSTEM32\UMPDC.dll
0x00007ffba4a70000 - 0x00007ffba4a82000 	C:\Windows\SYSTEM32\kernel.appcore.dll
0x00007ffb964d0000 - 0x00007ffb964da000 	c:\Users\Pushp battu\.vscode\extensions\redhat.java-1.41.1-win32-x64\jre\21.0.6-win32-x86_64\bin\jimage.dll
0x00007ffba4780000 - 0x00007ffba4964000 	C:\Windows\SYSTEM32\DBGHELP.DLL
0x00007ffb9c360000 - 0x00007ffb9c394000 	C:\Windows\SYSTEM32\dbgcore.DLL
0x00007ffba6280000 - 0x00007ffba6302000 	C:\Windows\System32\bcryptPrimitives.dll
0x00007ffba2340000 - 0x00007ffba234f000 	c:\Users\Pushp battu\.vscode\extensions\redhat.java-1.41.1-win32-x64\jre\21.0.6-win32-x86_64\bin\instrument.dll
0x00007ffb8a9f0000 - 0x00007ffb8aa0f000 	c:\Users\Pushp battu\.vscode\extensions\redhat.java-1.41.1-win32-x64\jre\21.0.6-win32-x86_64\bin\java.dll

dbghelp: loaded successfully - version: 4.0.5 - missing functions: none
symbol engine: initialized successfully - sym options: 0x614 - pdb path: .;c:\Users\Pushp battu\.vscode\extensions\redhat.java-1.41.1-win32-x64\jre\21.0.6-win32-x86_64\bin;C:\Windows\SYSTEM32;C:\Windows\WinSxS\amd64_microsoft.windows.common-controls_6595b64144ccf1df_6.0.19041.4355_none_60b8b9eb71f62e16;c:\Users\Pushp battu\.vscode\extensions\redhat.java-1.41.1-win32-x64\jre\21.0.6-win32-x86_64\bin\server

VM Arguments:
jvm_args: --add-modules=ALL-SYSTEM --add-opens=java.base/java.util=ALL-UNNAMED --add-opens=java.base/java.lang=ALL-UNNAMED --add-opens=java.base/sun.nio.fs=ALL-UNNAMED -Declipse.application=org.eclipse.jdt.ls.core.id1 -Dosgi.bundles.defaultStartLevel=4 -Declipse.product=org.eclipse.jdt.ls.core.product -Djava.import.generatesMetadataFilesAtProjectRoot=false -DDetectVMInstallationsJob.disabled=true -Dfile.encoding=utf8 -XX:+UseParallelGC -XX:GCTimeRatio=4 -XX:AdaptiveSizePolicyWeight=90 -Dsun.zip.disableMemoryMapping=true -Xmx1G -Xms100m -Xlog:disable -javaagent:c:\Users\Pushp battu\.vscode\extensions\redhat.java-1.41.1-win32-x64\lombok\lombok-1.18.36.jar 
java_command: c:\Users\Pushp battu\.vscode\extensions\redhat.java-1.41.1-win32-x64\server\plugins\org.eclipse.equinox.launcher_1.7.0.v20250331-1702.jar -configuration c:\Users\Pushp battu\AppData\Roaming\Code\User\globalStorage\redhat.java\1.41.1\config_ss_win -data c:\Users\Pushp battu\AppData\Roaming\Code\User\workspaceStorage\0d03829ee9ada431aa46f536e744e264\redhat.java\ss_ws --pipe=\\.\pipe\lsp-dcd4daba8e5374c0a4137b1351244962-sock
java_class_path (initial): c:\Users\Pushp battu\.vscode\extensions\redhat.java-1.41.1-win32-x64\server\plugins\org.eclipse.equinox.launcher_1.7.0.v20250331-1702.jar
Launcher Type: SUN_STANDARD

[Global flags]
    uintx AdaptiveSizePolicyWeight                 = 90                                        {product} {command line}
     intx CICompilerCount                          = 3                                         {product} {ergonomic}
    uintx GCTimeRatio                              = 4                                         {product} {command line}
   size_t InitialHeapSize                          = 104857600                                 {product} {command line}
   size_t MaxHeapSize                              = 1073741824                                {product} {command line}
   size_t MaxNewSize                               = 357564416                                 {product} {ergonomic}
   size_t MinHeapDeltaBytes                        = 524288                                    {product} {ergonomic}
   size_t MinHeapSize                              = 104857600                                 {product} {command line}
   size_t NewSize                                  = 34603008                                  {product} {ergonomic}
    uintx NonNMethodCodeHeapSize                   = 5832780                                {pd product} {ergonomic}
    uintx NonProfiledCodeHeapSize                  = 122912730                              {pd product} {ergonomic}
   size_t OldSize                                  = 70254592                                  {product} {ergonomic}
    uintx ProfiledCodeHeapSize                     = 122912730                              {pd product} {ergonomic}
    uintx ReservedCodeCacheSize                    = 251658240                              {pd product} {ergonomic}
     bool SegmentedCodeCache                       = true                                      {product} {ergonomic}
   size_t SoftMaxHeapSize                          = 1073741824                             {manageable} {ergonomic}
     bool UseCompressedOops                        = true                           {product lp64_product} {ergonomic}
     bool UseLargePagesIndividualAllocation        = false                                  {pd product} {ergonomic}
     bool UseParallelGC                            = true                                      {product} {command line}

Logging:
Log output configuration:
 #0: stdout all=off uptime,level,tags foldmultilines=false
 #1: stderr all=off uptime,level,tags foldmultilines=false

Environment Variables:
PATH=C:\Program Files\Common Files\Oracle\Java\javapath;C:\Windows\system32;C:\Windows;C:\Windows\System32\Wbem;C:\Windows\System32\WindowsPowerShell\v1.0\;C:\Windows\System32\OpenSSH\;C:\Program Files\Git\cmd;C:\Program Files\PuTTY\;C:\Program Files\php-8.3;C:\Program Files\nodejs\;C:\Program Files\MySQL\MySQL Shell 8.0\bin\;C:\Users\Pushp battu\AppData\Local\Programs\Python\Python312\Scripts\;C:\Users\Pushp battu\AppData\Local\Programs\Python\Python312\;C:\Users\Pushp battu\AppData\Local\Microsoft\WindowsApps;C:\Users\Pushp battu\AppData\Local\Programs\Microsoft VS Code\bin;C:\Program Files\Java\jdk-17\bin;C:\Program Files (x86)\MongoDB Atlas CLI\;C:\Program Files\MongoDB\Server\6.0\bin;C:\Users\Pushp battu\AppData\Roaming\Composer\vendor\bin;C:\Users\Pushp battu\AppData\Roaming\npm
USERNAME=Pushp battu
OS=Windows_NT
PROCESSOR_IDENTIFIER=Intel64 Family 6 Model 142 Stepping 9, GenuineIntel
TMP=C:\Users\PUSHPB~1\AppData\Local\Temp
TEMP=C:\Users\PUSHPB~1\AppData\Local\Temp




Periodic native trim disabled

---------------  S Y S T E M  ---------------

OS:
 Windows 10 , 64 bit Build 19041 (10.0.19041.5438)
OS uptime: 6 days 18:29 hours

CPU: total 4 (initial active 4) (2 cores per cpu, 2 threads per core) family 6 model 142 stepping 9 microcode 0xf0, cx8, cmov, fxsr, ht, mmx, 3dnowpref, sse, sse2, sse3, ssse3, sse4.1, sse4.2, popcnt, lzcnt, tsc, tscinvbit, avx, avx2, aes, erms, clmul, bmi1, bmi2, adx, fma, vzeroupper, clflush, clflushopt, rdtscp, f16c
Processor Information for the first 4 processors :
  Max Mhz: 2701, Current Mhz: 2701, Mhz Limit: 2701

Memory: 4k page, system-wide physical 7897M (487M free)
TotalPageFile size 17816M (AvailPageFile size 10M)
current process WorkingSet (physical memory assigned to process): 24M, peak: 24M
current process commit charge ("private bytes"): 159M, peak: 160M

vm_info: OpenJDK 64-Bit Server VM (21.0.6+7-LTS) for windows-amd64 JRE (21.0.6+7-LTS), built on 2025-01-21T00:00:00Z by "admin" with MS VC++ 17.7 (VS2022)

END.
