#
# There is insufficient memory for the Java Runtime Environment to continue.
# Native memory allocation (mmap) failed to map 65536 bytes. Error detail: Failed to commit metaspace.
# Possible reasons:
#   The system is out of physical RAM or swap space
#   This process is running with CompressedOops enabled, and the Java Heap may be blocking the growth of the native heap
# Possible solutions:
#   Reduce memory load on the system
#   Increase physical memory or swap space
#   Check if swap backing store is full
#   Decrease Java heap size (-Xmx/-Xms)
#   Decrease number of Java threads
#   Decrease Java thread stack sizes (-Xss)
#   Set larger code cache with -XX:ReservedCodeCacheSize=
#   JVM is running with Unscaled Compressed Oops mode in which the Java heap is
#     placed in the first 4GB address space. The Java Heap base address is the
#     maximum limit for the native heap growth. Please use -XX:HeapBaseMinAddress
#     to set the Java Heap base and to place the Java Heap above 4GB virtual address.
# This output file may be truncated or incomplete.
#
#  Out of Memory Error (virtualSpaceNode.cpp:113), pid=20456, tid=10892
#
# JRE version:  (21.0.6+7) (build )
# Java VM: OpenJDK 64-Bit Server VM (21.0.6+7-LTS, mixed mode, tiered, compressed oops, compressed class ptrs, parallel gc, windows-amd64)
# No core dump will be written. Minidumps are not enabled by default on client versions of Windows
#

---------------  S U M M A R Y ------------

Command Line: --add-modules=ALL-SYSTEM --add-opens=java.base/java.util=ALL-UNNAMED --add-opens=java.base/java.lang=ALL-UNNAMED --add-opens=java.base/sun.nio.fs=ALL-UNNAMED -Declipse.application=org.eclipse.jdt.ls.core.id1 -Dosgi.bundles.defaultStartLevel=4 -Declipse.product=org.eclipse.jdt.ls.core.product -Djava.import.generatesMetadataFilesAtProjectRoot=false -DDetectVMInstallationsJob.disabled=true -Dfile.encoding=utf8 -XX:+UseParallelGC -XX:GCTimeRatio=4 -XX:AdaptiveSizePolicyWeight=90 -Dsun.zip.disableMemoryMapping=true -Xmx1G -Xms100m -Xlog:disable -javaagent:c:\Users\Pushp battu\.vscode\extensions\redhat.java-1.41.0-win32-x64\lombok\lombok-1.18.36.jar -XX:+HeapDumpOnOutOfMemoryError -XX:HeapDumpPath=c:\Users\Pushp battu\AppData\Roaming\Code\User\workspaceStorage\0d03829ee9ada431aa46f536e744e264\redhat.java -Daether.dependencyCollector.impl=bf c:\Users\Pushp battu\.vscode\extensions\redhat.java-1.41.0-win32-x64\server\plugins\org.eclipse.equinox.launcher_1.6.1100.v20250306-0509.jar -configuration c:\Users\Pushp battu\AppData\Roaming\Code\User\globalStorage\redhat.java\1.41.0\config_win -data c:\Users\Pushp battu\AppData\Roaming\Code\User\workspaceStorage\0d03829ee9ada431aa46f536e744e264\redhat.java\jdt_ws --pipe=\\.\pipe\lsp-5311cc46a4434102b9928fbb9a22d425-sock

Host: Intel(R) Core(TM) i5-7200U CPU @ 2.50GHz, 4 cores, 7G,  Windows 10 , 64 bit Build 19041 (10.0.19041.5438)
Time: Wed Apr  2 10:34:41 2025 India Standard Time elapsed time: 0.108942 seconds (0d 0h 0m 0s)

---------------  T H R E A D  ---------------

Current thread (0x000001c5e02e5020):  JavaThread "Unknown thread" [_thread_in_vm, id=10892, stack(0x000000b243700000,0x000000b243800000) (1024K)]

Stack: [0x000000b243700000,0x000000b243800000]
Native frames: (J=compiled Java code, j=interpreted, Vv=VM code, C=native code)
V  [jvm.dll+0x6cdee9]
V  [jvm.dll+0x8a83d1]
V  [jvm.dll+0x8aa8fe]
V  [jvm.dll+0x8aafe3]
V  [jvm.dll+0x27f706]
V  [jvm.dll+0x8a411e]
V  [jvm.dll+0x670385]
V  [jvm.dll+0x6703ea]
V  [jvm.dll+0x672bd2]
V  [jvm.dll+0x672aa2]
V  [jvm.dll+0x670d5e]
V  [jvm.dll+0x26941f]
V  [jvm.dll+0x67afc5]
V  [jvm.dll+0x21561d]
V  [jvm.dll+0x215b9a]
V  [jvm.dll+0x2165c5]
V  [jvm.dll+0x20bb8e]
V  [jvm.dll+0x5ae3ec]
V  [jvm.dll+0x21d24a]
V  [jvm.dll+0x820d9c]
V  [jvm.dll+0x821dc4]
V  [jvm.dll+0x822392]
V  [jvm.dll+0x822018]
V  [jvm.dll+0x8a63c3]
V  [jvm.dll+0x8a61a6]
V  [jvm.dll+0x86fc89]
V  [jvm.dll+0x87155d]
V  [jvm.dll+0x3bc289]
V  [jvm.dll+0x85a868]
V  [jvm.dll+0x45066e]
V  [jvm.dll+0x4522b1]
C  [jli.dll+0x5278]
C  [ucrtbase.dll+0x21bb2]
C  [KERNEL32.DLL+0x17374]
C  [ntdll.dll+0x4cc91]


---------------  P R O C E S S  ---------------

Threads class SMR info:
_java_thread_list=0x000001c5e2743b70, length=1, elements={
0x000001c5e02e5020
}

Java Threads: ( => current thread )
=>0x000001c5e02e5020 JavaThread "Unknown thread"             [_thread_in_vm, id=10892, stack(0x000000b243700000,0x000000b243800000) (1024K)]
Total: 1

Other Threads:
  0x000001c5e2745cc0 WatcherThread "VM Periodic Task Thread"        [id=14864, stack(0x000000b243900000,0x000000b243a00000) (1024K)]
  0x000001c5e269dbf0 WorkerThread "GC Thread#0"                     [id=5868, stack(0x000000b243800000,0x000000b243900000) (1024K)]
Total: 2

Threads with active compile tasks:
Total: 0

VM state: not at safepoint (not fully initialized)

VM Mutex/Monitor currently owned by a thread:  ([mutex/lock_event])
[0x00007ff87fe4c300] Metaspace_lock - owner thread: 0x000001c5e02e5020

Heap address: 0x00000000c0000000, size: 1024 MB, Compressed Oops mode: 32-bit

CDS archive(s) not mapped
Compressed class space mapped at: 0x0000000100000000-0x0000000140000000, reserved size: 1073741824
Narrow klass base: 0x0000000000000000, Narrow klass shift: 3, Narrow klass range: 0x140000000

GC Precious Log:
 CardTable entry size: 512
 CPUs: 4 total, 4 available
 Memory: 7897M
 Large Page Support: Disabled
 NUMA Support: Disabled
 Compressed Oops: Enabled (32-bit)
 Alignments: Space 512K, Generation 512K, Heap 2M
 Heap Min Capacity: 100M
 Heap Initial Capacity: 100M
 Heap Max Capacity: 1G
 Pre-touch: Disabled
 Parallel Workers: 4

Heap:
 PSYoungGen      total 29696K, used 512K [0x00000000eab00000, 0x00000000ecc00000, 0x0000000100000000)
  eden space 25600K, 2% used [0x00000000eab00000,0x00000000eab80070,0x00000000ec400000)
  from space 4096K, 0% used [0x00000000ec800000,0x00000000ec800000,0x00000000ecc00000)
  to   space 4096K, 0% used [0x00000000ec400000,0x00000000ec400000,0x00000000ec800000)
 ParOldGen       total 68608K, used 0K [0x00000000c0000000, 0x00000000c4300000, 0x00000000eab00000)
  object space 68608K, 0% used [0x00000000c0000000,0x00000000c0000000,0x00000000c4300000)
 Metaspace       used 1245K, committed 1280K, reserved 1114112K
  class space    used 93K, committed 128K, reserved 1048576K

Card table byte_map: [0x000001c5e2030000,0x000001c5e2240000] _byte_map_base: 0x000001c5e1a30000

Marking Bits: (ParMarkBitMap*) 0x00007ff87fe53260
 Begin Bits: [0x000001c5f4880000, 0x000001c5f5880000)
 End Bits:   [0x000001c5f5880000, 0x000001c5f6880000)

GC Heap History (0 events):
No events

Dll operation events (2 events):
Event: 0.012 Loaded shared library c:\Users\Pushp battu\.vscode\extensions\redhat.java-1.41.0-win32-x64\jre\21.0.6-win32-x86_64\bin\java.dll
Event: 0.019 Loaded shared library c:\Users\Pushp battu\.vscode\extensions\redhat.java-1.41.0-win32-x64\jre\21.0.6-win32-x86_64\bin\zip.dll

Deoptimization events (0 events):
No events

Classes loaded (20 events):
Event: 0.063 Loading class java/lang/StackTraceElement done
Event: 0.063 Loading class java/nio/Buffer
Event: 0.064 Loading class java/nio/Buffer done
Event: 0.064 Loading class java/lang/StackWalker
Event: 0.064 Loading class java/lang/StackWalker done
Event: 0.064 Loading class java/lang/StackStreamFactory$AbstractStackWalker
Event: 0.064 Loading class java/lang/StackStreamFactory$AbstractStackWalker done
Event: 0.064 Loading class java/lang/StackFrameInfo
Event: 0.064 Loading class java/lang/StackWalker$StackFrame
Event: 0.064 Loading class java/lang/StackWalker$StackFrame done
Event: 0.064 Loading class java/lang/StackFrameInfo done
Event: 0.064 Loading class java/lang/LiveStackFrameInfo
Event: 0.064 Loading class java/lang/LiveStackFrame
Event: 0.064 Loading class java/lang/LiveStackFrame done
Event: 0.064 Loading class java/lang/LiveStackFrameInfo done
Event: 0.064 Loading class java/util/concurrent/locks/AbstractOwnableSynchronizer
Event: 0.064 Loading class java/util/concurrent/locks/AbstractOwnableSynchronizer done
Event: 0.064 Loading class java/lang/Boolean
Event: 0.064 Loading class java/lang/Boolean done
Event: 0.064 Loading class java/lang/Character

Classes unloaded (0 events):
No events

Classes redefined (0 events):
No events

Internal exceptions (0 events):
No events

ZGC Phase Switch (0 events):
No events

VM Operations (0 events):
No events

Memory protections (0 events):
No events

Nmethod flushes (0 events):
No events

Events (1 events):
Event: 0.017 Thread 0x000001c5e02e5020 Thread added: 0x000001c5e02e5020


Dynamic libraries:
0x00007ff7bc6d0000 - 0x00007ff7bc6de000 	c:\Users\Pushp battu\.vscode\extensions\redhat.java-1.41.0-win32-x64\jre\21.0.6-win32-x86_64\bin\java.exe
0x00007ff8f44b0000 - 0x00007ff8f46a8000 	C:\Windows\SYSTEM32\ntdll.dll
0x00007ff8f3f00000 - 0x00007ff8f3fc2000 	C:\Windows\System32\KERNEL32.DLL
0x00007ff8f1e60000 - 0x00007ff8f215f000 	C:\Windows\System32\KERNELBASE.dll
0x00007ff8f2260000 - 0x00007ff8f2360000 	C:\Windows\System32\ucrtbase.dll
0x00007ff8cfc60000 - 0x00007ff8cfc78000 	c:\Users\Pushp battu\.vscode\extensions\redhat.java-1.41.0-win32-x64\jre\21.0.6-win32-x86_64\bin\jli.dll
0x00007ff8f24d0000 - 0x00007ff8f266d000 	C:\Windows\System32\USER32.dll
0x00007ff8f2160000 - 0x00007ff8f2182000 	C:\Windows\System32\win32u.dll
0x00007ff8f3fd0000 - 0x00007ff8f3ffb000 	C:\Windows\System32\GDI32.dll
0x00007ff8f2360000 - 0x00007ff8f247a000 	C:\Windows\System32\gdi32full.dll
0x00007ff8f2190000 - 0x00007ff8f222d000 	C:\Windows\System32\msvcp_win.dll
0x00007ff8cf020000 - 0x00007ff8cf03e000 	c:\Users\Pushp battu\.vscode\extensions\redhat.java-1.41.0-win32-x64\jre\21.0.6-win32-x86_64\bin\VCRUNTIME140.dll
0x00007ff8def00000 - 0x00007ff8df19a000 	C:\Windows\WinSxS\amd64_microsoft.windows.common-controls_6595b64144ccf1df_6.0.19041.4355_none_60b8b9eb71f62e16\COMCTL32.dll
0x00007ff8f3500000 - 0x00007ff8f359e000 	C:\Windows\System32\msvcrt.dll
0x00007ff8f32c0000 - 0x00007ff8f32ef000 	C:\Windows\System32\IMM32.DLL
0x00007ff8de8d0000 - 0x00007ff8de8dc000 	c:\Users\Pushp battu\.vscode\extensions\redhat.java-1.41.0-win32-x64\jre\21.0.6-win32-x86_64\bin\vcruntime140_1.dll
0x00007ff8c21b0000 - 0x00007ff8c223d000 	c:\Users\Pushp battu\.vscode\extensions\redhat.java-1.41.0-win32-x64\jre\21.0.6-win32-x86_64\bin\msvcp140.dll
0x00007ff87f1a0000 - 0x00007ff87ff30000 	c:\Users\Pushp battu\.vscode\extensions\redhat.java-1.41.0-win32-x64\jre\21.0.6-win32-x86_64\bin\server\jvm.dll
0x00007ff8f4000000 - 0x00007ff8f40af000 	C:\Windows\System32\ADVAPI32.dll
0x00007ff8f2ee0000 - 0x00007ff8f2f7f000 	C:\Windows\System32\sechost.dll
0x00007ff8f33c0000 - 0x00007ff8f34e3000 	C:\Windows\System32\RPCRT4.dll
0x00007ff8f2230000 - 0x00007ff8f2257000 	C:\Windows\System32\bcrypt.dll
0x00007ff8f3350000 - 0x00007ff8f33bb000 	C:\Windows\System32\WS2_32.dll
0x00007ff8f19b0000 - 0x00007ff8f19fb000 	C:\Windows\SYSTEM32\POWRPROF.dll
0x00007ff8dc7f0000 - 0x00007ff8dc817000 	C:\Windows\SYSTEM32\WINMM.dll
0x00007ff8e9290000 - 0x00007ff8e929a000 	C:\Windows\SYSTEM32\VERSION.dll
0x00007ff8f1990000 - 0x00007ff8f19a2000 	C:\Windows\SYSTEM32\UMPDC.dll
0x00007ff8f0370000 - 0x00007ff8f0382000 	C:\Windows\SYSTEM32\kernel.appcore.dll
0x00007ff8de840000 - 0x00007ff8de84a000 	c:\Users\Pushp battu\.vscode\extensions\redhat.java-1.41.0-win32-x64\jre\21.0.6-win32-x86_64\bin\jimage.dll
0x00007ff8ef8c0000 - 0x00007ff8efaa4000 	C:\Windows\SYSTEM32\DBGHELP.DLL
0x00007ff8d9ac0000 - 0x00007ff8d9af4000 	C:\Windows\SYSTEM32\dbgcore.DLL
0x00007ff8f1c70000 - 0x00007ff8f1cf2000 	C:\Windows\System32\bcryptPrimitives.dll
0x00007ff8e95a0000 - 0x00007ff8e95af000 	c:\Users\Pushp battu\.vscode\extensions\redhat.java-1.41.0-win32-x64\jre\21.0.6-win32-x86_64\bin\instrument.dll
0x00007ff8cec80000 - 0x00007ff8cec9f000 	c:\Users\Pushp battu\.vscode\extensions\redhat.java-1.41.0-win32-x64\jre\21.0.6-win32-x86_64\bin\java.dll
0x00007ff8cec40000 - 0x00007ff8cec58000 	c:\Users\Pushp battu\.vscode\extensions\redhat.java-1.41.0-win32-x64\jre\21.0.6-win32-x86_64\bin\zip.dll

dbghelp: loaded successfully - version: 4.0.5 - missing functions: none
symbol engine: initialized successfully - sym options: 0x614 - pdb path: .;c:\Users\Pushp battu\.vscode\extensions\redhat.java-1.41.0-win32-x64\jre\21.0.6-win32-x86_64\bin;C:\Windows\SYSTEM32;C:\Windows\WinSxS\amd64_microsoft.windows.common-controls_6595b64144ccf1df_6.0.19041.4355_none_60b8b9eb71f62e16;c:\Users\Pushp battu\.vscode\extensions\redhat.java-1.41.0-win32-x64\jre\21.0.6-win32-x86_64\bin\server

VM Arguments:
jvm_args: --add-modules=ALL-SYSTEM --add-opens=java.base/java.util=ALL-UNNAMED --add-opens=java.base/java.lang=ALL-UNNAMED --add-opens=java.base/sun.nio.fs=ALL-UNNAMED -Declipse.application=org.eclipse.jdt.ls.core.id1 -Dosgi.bundles.defaultStartLevel=4 -Declipse.product=org.eclipse.jdt.ls.core.product -Djava.import.generatesMetadataFilesAtProjectRoot=false -DDetectVMInstallationsJob.disabled=true -Dfile.encoding=utf8 -XX:+UseParallelGC -XX:GCTimeRatio=4 -XX:AdaptiveSizePolicyWeight=90 -Dsun.zip.disableMemoryMapping=true -Xmx1G -Xms100m -Xlog:disable -javaagent:c:\Users\Pushp battu\.vscode\extensions\redhat.java-1.41.0-win32-x64\lombok\lombok-1.18.36.jar -XX:+HeapDumpOnOutOfMemoryError -XX:HeapDumpPath=c:\Users\Pushp battu\AppData\Roaming\Code\User\workspaceStorage\0d03829ee9ada431aa46f536e744e264\redhat.java -Daether.dependencyCollector.impl=bf 
java_command: c:\Users\Pushp battu\.vscode\extensions\redhat.java-1.41.0-win32-x64\server\plugins\org.eclipse.equinox.launcher_1.6.1100.v20250306-0509.jar -configuration c:\Users\Pushp battu\AppData\Roaming\Code\User\globalStorage\redhat.java\1.41.0\config_win -data c:\Users\Pushp battu\AppData\Roaming\Code\User\workspaceStorage\0d03829ee9ada431aa46f536e744e264\redhat.java\jdt_ws --pipe=\\.\pipe\lsp-5311cc46a4434102b9928fbb9a22d425-sock
java_class_path (initial): c:\Users\Pushp battu\.vscode\extensions\redhat.java-1.41.0-win32-x64\server\plugins\org.eclipse.equinox.launcher_1.6.1100.v20250306-0509.jar
Launcher Type: SUN_STANDARD

[Global flags]
    uintx AdaptiveSizePolicyWeight                 = 90                                        {product} {command line}
     intx CICompilerCount                          = 3                                         {product} {ergonomic}
    uintx GCTimeRatio                              = 4                                         {product} {command line}
     bool HeapDumpOnOutOfMemoryError               = true                                   {manageable} {command line}
    ccstr HeapDumpPath                             = c:\Users\Pushp battu\AppData\Roaming\Code\User\workspaceStorage\0d03829ee9ada431aa46f536e744e264\redhat.java         {manageable} {command line}
   size_t InitialHeapSize                          = 104857600                                 {product} {command line}
   size_t MaxHeapSize                              = 1073741824                                {product} {command line}
   size_t MaxNewSize                               = 357564416                                 {product} {ergonomic}
   size_t MinHeapDeltaBytes                        = 524288                                    {product} {ergonomic}
   size_t MinHeapSize                              = 104857600                                 {product} {command line}
   size_t NewSize                                  = 34603008                                  {product} {ergonomic}
    uintx NonNMethodCodeHeapSize                   = 5832780                                {pd product} {ergonomic}
    uintx NonProfiledCodeHeapSize                  = 122912730                              {pd product} {ergonomic}
   size_t OldSize                                  = 70254592                                  {product} {ergonomic}
    uintx ProfiledCodeHeapSize                     = 122912730                              {pd product} {ergonomic}
    uintx ReservedCodeCacheSize                    = 251658240                              {pd product} {ergonomic}
     bool SegmentedCodeCache                       = true                                      {product} {ergonomic}
   size_t SoftMaxHeapSize                          = 1073741824                             {manageable} {ergonomic}
     bool UseCompressedOops                        = true                           {product lp64_product} {ergonomic}
     bool UseLargePagesIndividualAllocation        = false                                  {pd product} {ergonomic}
     bool UseParallelGC                            = true                                      {product} {command line}

Logging:
Log output configuration:
 #0: stdout all=off uptime,level,tags foldmultilines=false
 #1: stderr all=off uptime,level,tags foldmultilines=false

Environment Variables:
PATH=C:\Program Files\Common Files\Oracle\Java\javapath;C:\Windows\system32;C:\Windows;C:\Windows\System32\Wbem;C:\Windows\System32\WindowsPowerShell\v1.0\;C:\Windows\System32\OpenSSH\;C:\Program Files\Git\cmd;C:\Program Files\PuTTY\;C:\Program Files\php-8.3;C:\Program Files\nodejs\;C:\Program Files\MySQL\MySQL Shell 8.0\bin\;C:\Users\Pushp battu\AppData\Local\Programs\Python\Python312\Scripts\;C:\Users\Pushp battu\AppData\Local\Programs\Python\Python312\;C:\Users\Pushp battu\AppData\Local\Microsoft\WindowsApps;C:\Users\Pushp battu\AppData\Local\Programs\Microsoft VS Code\bin;C:\Program Files\Java\jdk-17\bin;C:\Program Files (x86)\MongoDB Atlas CLI\;C:\Program Files\MongoDB\Server\6.0\bin;C:\Users\Pushp battu\AppData\Roaming\Composer\vendor\bin;C:\Users\Pushp battu\AppData\Roaming\npm
USERNAME=Pushp battu
OS=Windows_NT
PROCESSOR_IDENTIFIER=Intel64 Family 6 Model 142 Stepping 9, GenuineIntel
TMP=C:\Users\PUSHPB~1\AppData\Local\Temp
TEMP=C:\Users\PUSHPB~1\AppData\Local\Temp




Periodic native trim disabled

---------------  S Y S T E M  ---------------

OS:
 Windows 10 , 64 bit Build 19041 (10.0.19041.5438)
OS uptime: 6 days 12:14 hours

CPU: total 4 (initial active 4) (2 cores per cpu, 2 threads per core) family 6 model 142 stepping 9 microcode 0xf0, cx8, cmov, fxsr, ht, mmx, 3dnowpref, sse, sse2, sse3, ssse3, sse4.1, sse4.2, popcnt, lzcnt, tsc, tscinvbit, avx, avx2, aes, erms, clmul, bmi1, bmi2, adx, fma, vzeroupper, clflush, clflushopt, rdtscp, f16c
Processor Information for processor 0
  Max Mhz: 2701, Current Mhz: 2701, Mhz Limit: 2701
Processor Information for processor 1
  Max Mhz: 2701, Current Mhz: 2701, Mhz Limit: 2701
Processor Information for processor 2
  Max Mhz: 2701, Current Mhz: 2701, Mhz Limit: 2701
Processor Information for processor 3
  Max Mhz: 2701, Current Mhz: 1500, Mhz Limit: 2701

Memory: 4k page, system-wide physical 7897M (402M free)
TotalPageFile size 17816M (AvailPageFile size 0M)
current process WorkingSet (physical memory assigned to process): 15M, peak: 15M
current process commit charge ("private bytes"): 148M, peak: 150M

vm_info: OpenJDK 64-Bit Server VM (21.0.6+7-LTS) for windows-amd64 JRE (21.0.6+7-LTS), built on 2025-01-21T00:00:00Z by "admin" with MS VC++ 17.7 (VS2022)

END.
